#
# There is insufficient memory for the Java Runtime Environment to continue.
# Native memory allocation (malloc) failed to allocate 1313328 bytes for Chunk::new
# Possible reasons:
#   The system is out of physical RAM or swap space
#   The process is running with CompressedOops enabled, and the Java Heap may be blocking the growth of the native heap
# Possible solutions:
#   Reduce memory load on the system
#   Increase physical memory or swap space
#   Check if swap backing store is full
#   Decrease Java heap size (-Xmx/-Xms)
#   Decrease number of Java threads
#   Decrease Java thread stack sizes (-Xss)
#   Set larger code cache with -XX:ReservedCodeCacheSize=
#   JVM is running with Unscaled Compressed Oops mode in which the Java heap is
#     placed in the first 4GB address space. The Java Heap base address is the
#     maximum limit for the native heap growth. Please use -XX:HeapBaseMinAddress
#     to set the Java Heap base and to place the Java Heap above 4GB virtual address.
# This output file may be truncated or incomplete.
#
#  Out of Memory Error (arena.cpp:189), pid=832, tid=33008
#
# JRE version: OpenJDK Runtime Environment Temurin-17.0.3+7 (17.0.3+7) (build 17.0.3+7)
# Java VM: OpenJDK 64-Bit Server VM Temurin-17.0.3+7 (17.0.3+7, mixed mode, tiered, compressed oops, compressed class ptrs, parallel gc, windows-amd64)
# No core dump will be written. Minidumps are not enabled by default on client versions of Windows
#

---------------  S U M M A R Y ------------

Command Line: --add-modules=ALL-SYSTEM --add-opens=java.base/java.util=ALL-UNNAMED --add-opens=java.base/java.lang=ALL-UNNAMED --add-opens=java.base/sun.nio.fs=ALL-UNNAMED -Declipse.application=org.eclipse.jdt.ls.core.id1 -Dosgi.bundles.defaultStartLevel=4 -Declipse.product=org.eclipse.jdt.ls.core.product -Djava.import.generatesMetadataFilesAtProjectRoot=false -Dfile.encoding=utf8 -DwatchParentProcess=false -XX:+UseParallelGC -XX:GCTimeRatio=4 -XX:AdaptiveSizePolicyWeight=90 -Dsun.zip.disableMemoryMapping=true -Xmx1G -Xms100m -javaagent:C:\Users\vumin\.m2\repository\org\projectlombok\lombok\1.18.24\lombok-1.18.24.jar -XX:+HeapDumpOnOutOfMemoryError -XX:HeapDumpPath=c:\Users\vumin\AppData\Roaming\Code\User\workspaceStorage\ac0b4f1463132408acbd1f27264bd6b2\redhat.java c:\Users\vumin\.vscode\extensions\redhat.java-1.8.0-win32-x64\server\plugins\org.eclipse.equinox.launcher_1.6.400.v20210924-0641.jar -configuration c:\Users\vumin\AppData\Roaming\Code\User\globalStorage\redhat.java\1.8.0\config_win -data c:\Users\vumin\AppData\Roaming\Code\User\workspaceStorage\ac0b4f1463132408acbd1f27264bd6b2\redhat.java\jdt_ws

Host: Intel(R) Core(TM) i7-8650U CPU @ 1.90GHz, 8 cores, 15G,  Windows 10 , 64 bit Build 19041 (10.0.19041.1806)
Time: Wed Jul 20 13:21:43 2022 SE Asia Standard Time elapsed time: 12.421277 seconds (0d 0h 0m 12s)

---------------  T H R E A D  ---------------

Current thread (0x000002a173815240):  JavaThread "C2 CompilerThread2" daemon [_thread_in_native, id=33008, stack(0x000000c5f4b00000,0x000000c5f4c00000)]


Current CompileTask:
C2:  12421 6735       4       org.eclipse.jdt.internal.compiler.parser.Parser::consumeRule (7765 bytes)

Stack: [0x000000c5f4b00000,0x000000c5f4c00000]
Native frames: (J=compiled Java code, j=interpreted, Vv=VM code, C=native code)
V  [jvm.dll+0x675efa]
V  [jvm.dll+0x830a24]
V  [jvm.dll+0x8321ce]
V  [jvm.dll+0x832833]
V  [jvm.dll+0x2454b5]
V  [jvm.dll+0xabd7b]
V  [jvm.dll+0xac30c]
V  [jvm.dll+0x363627]
V  [jvm.dll+0x32dca1]
V  [jvm.dll+0x32d14a]
V  [jvm.dll+0x218361]
V  [jvm.dll+0x217781]
V  [jvm.dll+0x1a3ccd]
V  [jvm.dll+0x227178]
V  [jvm.dll+0x2252bc]
V  [jvm.dll+0x7e673b]
V  [jvm.dll+0x7e0cfa]
V  [jvm.dll+0x674d85]
C  [ucrtbase.dll+0x21bb2]
C  [KERNEL32.DLL+0x17034]
C  [ntdll.dll+0x52651]


---------------  P R O C E S S  ---------------

Threads class SMR info:
_java_thread_list=0x000002a174887b40, length=31, elements={
0x000002a159584130, 0x000002a16d4066d0, 0x000002a16d407bf0, 0x000002a16f9d7270,
0x000002a16f9d9f00, 0x000002a16f9daa80, 0x000002a16f9dcc50, 0x000002a16f9dfa40,
0x000002a16f9e21b0, 0x000002a16f9e6750, 0x000002a16fb58af0, 0x000002a16fcd1560,
0x000002a1710ed060, 0x000002a17163d010, 0x000002a17163d4e0, 0x000002a171549650,
0x000002a171857ea0, 0x000002a171858370, 0x000002a1718591e0, 0x000002a171858840,
0x000002a171858d10, 0x000002a171855cf0, 0x000002a171856b60, 0x000002a171857030,
0x000002a171857500, 0x000002a173814d30, 0x000002a173815240, 0x000002a17462b8f0,
0x000002a17462ede0, 0x000002a17462b420, 0x000002a174631930
}

Java Threads: ( => current thread )
  0x000002a159584130 JavaThread "main" [_thread_blocked, id=23448, stack(0x000000c5f3b00000,0x000000c5f3c00000)]
  0x000002a16d4066d0 JavaThread "Reference Handler" daemon [_thread_blocked, id=34280, stack(0x000000c5f3e00000,0x000000c5f3f00000)]
  0x000002a16d407bf0 JavaThread "Finalizer" daemon [_thread_blocked, id=940, stack(0x000000c5f3f00000,0x000000c5f4000000)]
  0x000002a16f9d7270 JavaThread "Signal Dispatcher" daemon [_thread_blocked, id=28192, stack(0x000000c5f4000000,0x000000c5f4100000)]
  0x000002a16f9d9f00 JavaThread "Attach Listener" daemon [_thread_blocked, id=26564, stack(0x000000c5f4100000,0x000000c5f4200000)]
  0x000002a16f9daa80 JavaThread "Service Thread" daemon [_thread_blocked, id=28272, stack(0x000000c5f4200000,0x000000c5f4300000)]
  0x000002a16f9dcc50 JavaThread "Monitor Deflation Thread" daemon [_thread_blocked, id=25716, stack(0x000000c5f4300000,0x000000c5f4400000)]
  0x000002a16f9dfa40 JavaThread "C2 CompilerThread0" daemon [_thread_in_native, id=33748, stack(0x000000c5f4400000,0x000000c5f4500000)]
  0x000002a16f9e21b0 JavaThread "C1 CompilerThread0" daemon [_thread_blocked, id=32408, stack(0x000000c5f4500000,0x000000c5f4600000)]
  0x000002a16f9e6750 JavaThread "Sweeper thread" daemon [_thread_blocked, id=26988, stack(0x000000c5f4600000,0x000000c5f4700000)]
  0x000002a16fb58af0 JavaThread "Common-Cleaner" daemon [_thread_blocked, id=19148, stack(0x000000c5f4700000,0x000000c5f4800000)]
  0x000002a16fcd1560 JavaThread "Notification Thread" daemon [_thread_blocked, id=32632, stack(0x000000c5f4900000,0x000000c5f4a00000)]
  0x000002a1710ed060 JavaThread "Active Thread: Equinox Container: 378f85e3-68dc-45ed-b3b1-b047b177d39e" [_thread_blocked, id=34532, stack(0x000000c5f5100000,0x000000c5f5200000)]
  0x000002a17163d010 JavaThread "Framework Event Dispatcher: Equinox Container: 378f85e3-68dc-45ed-b3b1-b047b177d39e" daemon [_thread_blocked, id=33332, stack(0x000000c5f5200000,0x000000c5f5300000)]
  0x000002a17163d4e0 JavaThread "Start Level: Equinox Container: 378f85e3-68dc-45ed-b3b1-b047b177d39e" daemon [_thread_blocked, id=34072, stack(0x000000c5f5300000,0x000000c5f5400000)]
  0x000002a171549650 JavaThread "SCR Component Actor" daemon [_thread_blocked, id=29884, stack(0x000000c5f5400000,0x000000c5f5500000)]
  0x000002a171857ea0 JavaThread "Bundle File Closer" daemon [_thread_blocked, id=9972, stack(0x000000c5f5800000,0x000000c5f5900000)]
  0x000002a171858370 JavaThread "Worker-JM" [_thread_blocked, id=30196, stack(0x000000c5f5900000,0x000000c5f5a00000)]
  0x000002a1718591e0 JavaThread "Worker-0" [_thread_blocked, id=32852, stack(0x000000c5f5a00000,0x000000c5f5b00000)]
  0x000002a171858840 JavaThread "Worker-1" [_thread_blocked, id=33464, stack(0x000000c5f5b00000,0x000000c5f5c00000)]
  0x000002a171858d10 JavaThread "Worker-2: Initialize workspace" [_thread_blocked, id=8092, stack(0x000000c5f5c00000,0x000000c5f5d00000)]
  0x000002a171855cf0 JavaThread "Java indexing" daemon [_thread_blocked, id=24220, stack(0x000000c5f5d00000,0x000000c5f5e00000)]
  0x000002a171856b60 JavaThread "Worker-3: Building" [_thread_in_vm, id=32688, stack(0x000000c5f6000000,0x000000c5f6100000)]
  0x000002a171857030 JavaThread "pool-1-thread-1" [_thread_in_native, id=35836, stack(0x000000c5f6100000,0x000000c5f6200000)]
  0x000002a171857500 JavaThread "Worker-4" [_thread_blocked, id=29336, stack(0x000000c5f6200000,0x000000c5f6300000)]
  0x000002a173814d30 JavaThread "C2 CompilerThread1" daemon [_thread_blocked, id=33776, stack(0x000000c5f4800000,0x000000c5f4900000)]
=>0x000002a173815240 JavaThread "C2 CompilerThread2" daemon [_thread_in_native, id=33008, stack(0x000000c5f4b00000,0x000000c5f4c00000)]
  0x000002a17462b8f0 JavaThread "Worker-5" [_thread_blocked, id=28516, stack(0x000000c5f5700000,0x000000c5f5800000)]
  0x000002a17462ede0 JavaThread "ForkJoinPool.commonPool-worker-1" daemon [_thread_blocked, id=33372, stack(0x000000c5f6300000,0x000000c5f6400000)]
  0x000002a17462b420 JavaThread "ForkJoinPool.commonPool-worker-2" daemon [_thread_blocked, id=34172, stack(0x000000c5f6400000,0x000000c5f6500000)]
  0x000002a174631930 JavaThread "ForkJoinPool.commonPool-worker-3" daemon [_thread_blocked, id=19636, stack(0x000000c5f6500000,0x000000c5f6600000)]

Other Threads:
  0x000002a16d2cb820 VMThread "VM Thread" [stack: 0x000000c5f3d00000,0x000000c5f3e00000] [id=27484]
  0x000002a16fcf9200 WatcherThread [stack: 0x000000c5f4a00000,0x000000c5f4b00000] [id=29844]
  0x000002a159599ea0 GCTaskThread "GC Thread#0" [stack: 0x000000c5f3c00000,0x000000c5f3d00000] [id=23820]
  0x000002a1702b9900 GCTaskThread "GC Thread#1" [stack: 0x000000c5f4c00000,0x000000c5f4d00000] [id=30452]
  0x000002a17112bf40 GCTaskThread "GC Thread#2" [stack: 0x000000c5f4d00000,0x000000c5f4e00000] [id=33476]
  0x000002a1705c1860 GCTaskThread "GC Thread#3" [stack: 0x000000c5f4e00000,0x000000c5f4f00000] [id=33868]
  0x000002a1705c1b10 GCTaskThread "GC Thread#4" [stack: 0x000000c5f4f00000,0x000000c5f5000000] [id=32564]
  0x000002a16fd9d040 GCTaskThread "GC Thread#5" [stack: 0x000000c5f5000000,0x000000c5f5100000] [id=26096]
  0x000002a171763870 GCTaskThread "GC Thread#6" [stack: 0x000000c5f5500000,0x000000c5f5600000] [id=19560]
  0x000002a171763300 GCTaskThread "GC Thread#7" [stack: 0x000000c5f5600000,0x000000c5f5700000] [id=26688]

Threads with active compile tasks:
C2 CompilerThread0    12489 6002       4       org.objectweb.asm.ClassReader::readMethod (1066 bytes)
C2 CompilerThread2    12489 6735       4       org.eclipse.jdt.internal.compiler.parser.Parser::consumeRule (7765 bytes)

VM state: not at safepoint (normal execution)

VM Mutex/Monitor currently owned by a thread: None

Heap address: 0x00000000c0000000, size: 1024 MB, Compressed Oops mode: 32-bit

CDS archive(s) not mapped
Compressed class space mapped at: 0x0000000100000000-0x0000000140000000, reserved size: 1073741824
Narrow klass base: 0x0000000000000000, Narrow klass shift: 3, Narrow klass range: 0x140000000

GC Precious Log:
 CPUs: 8 total, 8 available
 Memory: 16262M
 Large Page Support: Disabled
 NUMA Support: Disabled
 Compressed Oops: Enabled (32-bit)
 Alignments: Space 512K, Generation 512K, Heap 2M
 Heap Min Capacity: 100M
 Heap Initial Capacity: 100M
 Heap Max Capacity: 1G
 Pre-touch: Disabled
 Parallel Workers: 8

Heap:
 PSYoungGen      total 21504K, used 4604K [0x00000000eab00000, 0x00000000ec380000, 0x0000000100000000)
  eden space 20992K, 19% used [0x00000000eab00000,0x00000000eaeff288,0x00000000ebf80000)
  from space 512K, 100% used [0x00000000ec300000,0x00000000ec380000,0x00000000ec380000)
  to   space 1024K, 0% used [0x00000000ec180000,0x00000000ec180000,0x00000000ec280000)
 ParOldGen       total 68608K, used 33892K [0x00000000c0000000, 0x00000000c4300000, 0x00000000eab00000)
  object space 68608K, 49% used [0x00000000c0000000,0x00000000c2119158,0x00000000c4300000)
 Metaspace       used 57812K, committed 58816K, reserved 1105920K
  class space    used 6152K, committed 6592K, reserved 1048576K

Card table byte_map: [0x000002a158f40000,0x000002a159150000] _byte_map_base: 0x000002a158940000

Marking Bits: (ParMarkBitMap*) 0x00007ff96c0d4b80
 Begin Bits: [0x000002a16b210000, 0x000002a16c210000)
 End Bits:   [0x000002a16c210000, 0x000002a16d210000)

Polling page: 0x000002a157540000

Metaspace:

Usage:
  Non-class:     50.45 MB used.
      Class:      6.01 MB used.
       Both:     56.46 MB used.

Virtual space:
  Non-class space:       56.00 MB reserved,      51.00 MB ( 91%) committed,  7 nodes.
      Class space:        1.00 GB reserved,       6.44 MB ( <1%) committed,  1 nodes.
             Both:        1.05 GB reserved,      57.44 MB (  5%) committed. 

Chunk freelists:
   Non-Class:  785.00 KB
       Class:  1.38 MB
        Both:  2.14 MB

MaxMetaspaceSize: unlimited
CompressedClassSpaceSize: 1.00 GB
Initial GC threshold: 21.00 MB
Current GC threshold: 58.38 MB
CDS: off
MetaspaceReclaimPolicy: balanced
 - commit_granule_bytes: 65536.
 - commit_granule_words: 8192.
 - virtual_space_node_default_size: 1048576.
 - enlarge_chunks_in_place: 1.
 - new_chunks_are_fully_committed: 0.
 - uncommit_free_chunks: 1.
 - use_allocation_guard: 0.
 - handle_deallocations: 1.


Internal statistics:

num_allocs_failed_limit: 6.
num_arena_births: 644.
num_arena_deaths: 14.
num_vsnodes_births: 8.
num_vsnodes_deaths: 0.
num_space_committed: 919.
num_space_uncommitted: 0.
num_chunks_returned_to_freelist: 20.
num_chunks_taken_from_freelist: 2951.
num_chunk_merges: 10.
num_chunk_splits: 1842.
num_chunks_enlarged: 1034.
num_purges: 2.
num_inconsistent_stats: 0.

CodeHeap 'non-profiled nmethods': size=120000Kb used=3335Kb max_used=3335Kb free=116664Kb
 bounds [0x000002a163ce0000, 0x000002a164030000, 0x000002a16b210000]
CodeHeap 'profiled nmethods': size=120000Kb used=12487Kb max_used=12487Kb free=107512Kb
 bounds [0x000002a15c7b0000, 0x000002a15d3f0000, 0x000002a163ce0000]
CodeHeap 'non-nmethods': size=5760Kb used=1326Kb max_used=1411Kb free=4433Kb
 bounds [0x000002a15c210000, 0x000002a15c480000, 0x000002a15c7b0000]
 total_blobs=6545 nmethods=5884 adapters=574
 compilation: enabled
              stopped_count=0, restarted_count=0
 full_count=0

Compilation events (20 events):
Event: 12.377 Thread 0x000002a16f9e21b0 nmethod 6781 0x000002a164018810 code [0x000002a1640189a0, 0x000002a164018a78]
Event: 12.378 Thread 0x000002a16f9e21b0 6782       1       org.eclipse.jdt.internal.compiler.classfmt.ClassFileReader::getMissingTypeNames (5 bytes)
Event: 12.378 Thread 0x000002a16f9e21b0 nmethod 6782 0x000002a164018b10 code [0x000002a164018ca0, 0x000002a164018d78]
Event: 12.378 Thread 0x000002a16f9e21b0 6783       1       org.eclipse.jdt.internal.compiler.classfmt.ClassFileReader::getPermittedSubtypeNames (5 bytes)
Event: 12.378 Thread 0x000002a16f9e21b0 nmethod 6783 0x000002a164018e10 code [0x000002a164018fa0, 0x000002a164019078]
Event: 12.378 Thread 0x000002a16f9e21b0 6784       1       java.util.Formatter$FormatSpecifier::index (5 bytes)
Event: 12.378 Thread 0x000002a16f9e21b0 nmethod 6784 0x000002a164019110 code [0x000002a1640192a0, 0x000002a164019378]
Event: 12.378 Thread 0x000002a16f9e21b0 6776       1       org.eclipse.jdt.internal.compiler.ast.MessageSend::arguments (5 bytes)
Event: 12.378 Thread 0x000002a16f9e21b0 nmethod 6776 0x000002a164019410 code [0x000002a1640195a0, 0x000002a164019678]
Event: 12.398 Thread 0x000002a16f9e21b0 6797       3       org.eclipse.jdt.internal.core.ClasspathEntry::rootID (191 bytes)
Event: 12.400 Thread 0x000002a16f9e21b0 nmethod 6797 0x000002a15d3b8c90 code [0x000002a15d3b9100, 0x000002a15d3baf88]
Event: 12.400 Thread 0x000002a16f9e21b0 6799       3       org.eclipse.jdt.internal.core.JavaModel::isFile (25 bytes)
Event: 12.400 Thread 0x000002a16f9e21b0 nmethod 6799 0x000002a15d3bb890 code [0x000002a15d3bba80, 0x000002a15d3bbf58]
Event: 12.400 Thread 0x000002a16f9e21b0 6798       3       org.eclipse.core.internal.resources.ProjectPreferences::internalGet (26 bytes)
Event: 12.400 Thread 0x000002a16f9e21b0 nmethod 6798 0x000002a15d3bc110 code [0x000002a15d3bc320, 0x000002a15d3bc868]
Event: 12.400 Thread 0x000002a16f9e21b0 6804  s!   3       org.eclipse.jdt.core.JavaConventions::scannedIdentifier (144 bytes)
Event: 12.401 Thread 0x000002a16f9e21b0 nmethod 6804 0x000002a15d3bca90 code [0x000002a15d3bcd20, 0x000002a15d3bd8a8]
Event: 12.401 Thread 0x000002a16f9e21b0 6805       3       org.eclipse.jdt.internal.compiler.parser.Scanner::scanIdentifier (504 bytes)
Event: 12.402 Thread 0x000002a16f9e21b0 nmethod 6805 0x000002a15d3bdc90 code [0x000002a15d3bdfa0, 0x000002a15d3bf508]
Event: 12.402 Thread 0x000002a16f9e21b0 6806       3       org.eclipse.jdt.internal.core.ClasspathEntry::getExtraAttribute (54 bytes)

GC Heap History (20 events):
Event: 7.849 GC heap before
{Heap before GC invocations=21 (full 2):
 PSYoungGen      total 22016K, used 21920K [0x00000000eab00000, 0x00000000ec380000, 0x0000000100000000)
  eden space 20992K, 100% used [0x00000000eab00000,0x00000000ebf80000,0x00000000ebf80000)
  from space 1024K, 90% used [0x00000000ec280000,0x00000000ec368000,0x00000000ec380000)
  to   space 1024K, 0% used [0x00000000ec000000,0x00000000ec000000,0x00000000ec100000)
 ParOldGen       total 68608K, used 24580K [0x00000000c0000000, 0x00000000c4300000, 0x00000000eab00000)
  object space 68608K, 35% used [0x00000000c0000000,0x00000000c1801018,0x00000000c4300000)
 Metaspace       used 49244K, committed 50048K, reserved 1097728K
  class space    used 5277K, committed 5632K, reserved 1048576K
}
Event: 7.851 GC heap after
{Heap after GC invocations=21 (full 2):
 PSYoungGen      total 22016K, used 774K [0x00000000eab00000, 0x00000000ec300000, 0x0000000100000000)
  eden space 20992K, 0% used [0x00000000eab00000,0x00000000eab00000,0x00000000ebf80000)
  from space 1024K, 75% used [0x00000000ec000000,0x00000000ec0c1bb8,0x00000000ec100000)
  to   space 1024K, 0% used [0x00000000ec200000,0x00000000ec200000,0x00000000ec300000)
 ParOldGen       total 68608K, used 25308K [0x00000000c0000000, 0x00000000c4300000, 0x00000000eab00000)
  object space 68608K, 36% used [0x00000000c0000000,0x00000000c18b7340,0x00000000c4300000)
 Metaspace       used 49244K, committed 50048K, reserved 1097728K
  class space    used 5277K, committed 5632K, reserved 1048576K
}
Event: 8.801 GC heap before
{Heap before GC invocations=22 (full 2):
 PSYoungGen      total 22016K, used 21766K [0x00000000eab00000, 0x00000000ec300000, 0x0000000100000000)
  eden space 20992K, 100% used [0x00000000eab00000,0x00000000ebf80000,0x00000000ebf80000)
  from space 1024K, 75% used [0x00000000ec000000,0x00000000ec0c1bb8,0x00000000ec100000)
  to   space 1024K, 0% used [0x00000000ec200000,0x00000000ec200000,0x00000000ec300000)
 ParOldGen       total 68608K, used 25308K [0x00000000c0000000, 0x00000000c4300000, 0x00000000eab00000)
  object space 68608K, 36% used [0x00000000c0000000,0x00000000c18b7340,0x00000000c4300000)
 Metaspace       used 50335K, committed 51200K, reserved 1097728K
  class space    used 5414K, committed 5824K, reserved 1048576K
}
Event: 8.802 GC heap after
{Heap after GC invocations=22 (full 2):
 PSYoungGen      total 21504K, used 416K [0x00000000eab00000, 0x00000000ec280000, 0x0000000100000000)
  eden space 20992K, 0% used [0x00000000eab00000,0x00000000eab00000,0x00000000ebf80000)
  from space 512K, 81% used [0x00000000ec200000,0x00000000ec268000,0x00000000ec280000)
  to   space 1024K, 0% used [0x00000000ec080000,0x00000000ec080000,0x00000000ec180000)
 ParOldGen       total 68608K, used 26007K [0x00000000c0000000, 0x00000000c4300000, 0x00000000eab00000)
  object space 68608K, 37% used [0x00000000c0000000,0x00000000c1965e40,0x00000000c4300000)
 Metaspace       used 50335K, committed 51200K, reserved 1097728K
  class space    used 5414K, committed 5824K, reserved 1048576K
}
Event: 9.340 GC heap before
{Heap before GC invocations=23 (full 2):
 PSYoungGen      total 21504K, used 21408K [0x00000000eab00000, 0x00000000ec280000, 0x0000000100000000)
  eden space 20992K, 100% used [0x00000000eab00000,0x00000000ebf80000,0x00000000ebf80000)
  from space 512K, 81% used [0x00000000ec200000,0x00000000ec268000,0x00000000ec280000)
  to   space 1024K, 0% used [0x00000000ec080000,0x00000000ec080000,0x00000000ec180000)
 ParOldGen       total 68608K, used 26007K [0x00000000c0000000, 0x00000000c4300000, 0x00000000eab00000)
  object space 68608K, 37% used [0x00000000c0000000,0x00000000c1965e40,0x00000000c4300000)
 Metaspace       used 51576K, committed 52480K, reserved 1097728K
  class space    used 5527K, committed 5952K, reserved 1048576K
}
Event: 9.344 GC heap after
{Heap after GC invocations=23 (full 2):
 PSYoungGen      total 22016K, used 958K [0x00000000eab00000, 0x00000000ec280000, 0x0000000100000000)
  eden space 20992K, 0% used [0x00000000eab00000,0x00000000eab00000,0x00000000ebf80000)
  from space 1024K, 93% used [0x00000000ec080000,0x00000000ec16fac8,0x00000000ec180000)
  to   space 1024K, 0% used [0x00000000ec180000,0x00000000ec180000,0x00000000ec280000)
 ParOldGen       total 68608K, used 26491K [0x00000000c0000000, 0x00000000c4300000, 0x00000000eab00000)
  object space 68608K, 38% used [0x00000000c0000000,0x00000000c19decf0,0x00000000c4300000)
 Metaspace       used 51576K, committed 52480K, reserved 1097728K
  class space    used 5527K, committed 5952K, reserved 1048576K
}
Event: 9.434 GC heap before
{Heap before GC invocations=24 (full 2):
 PSYoungGen      total 22016K, used 21950K [0x00000000eab00000, 0x00000000ec280000, 0x0000000100000000)
  eden space 20992K, 100% used [0x00000000eab00000,0x00000000ebf80000,0x00000000ebf80000)
  from space 1024K, 93% used [0x00000000ec080000,0x00000000ec16fac8,0x00000000ec180000)
  to   space 1024K, 0% used [0x00000000ec180000,0x00000000ec180000,0x00000000ec280000)
 ParOldGen       total 68608K, used 26491K [0x00000000c0000000, 0x00000000c4300000, 0x00000000eab00000)
  object space 68608K, 38% used [0x00000000c0000000,0x00000000c19decf0,0x00000000c4300000)
 Metaspace       used 51600K, committed 52544K, reserved 1097728K
  class space    used 5527K, committed 5952K, reserved 1048576K
}
Event: 9.435 GC heap after
{Heap after GC invocations=24 (full 2):
 PSYoungGen      total 22016K, used 996K [0x00000000eab00000, 0x00000000ec280000, 0x0000000100000000)
  eden space 20992K, 0% used [0x00000000eab00000,0x00000000eab00000,0x00000000ebf80000)
  from space 1024K, 97% used [0x00000000ec180000,0x00000000ec279170,0x00000000ec280000)
  to   space 1536K, 0% used [0x00000000ebf80000,0x00000000ebf80000,0x00000000ec100000)
 ParOldGen       total 68608K, used 26898K [0x00000000c0000000, 0x00000000c4300000, 0x00000000eab00000)
  object space 68608K, 39% used [0x00000000c0000000,0x00000000c1a449e0,0x00000000c4300000)
 Metaspace       used 51600K, committed 52544K, reserved 1097728K
  class space    used 5527K, committed 5952K, reserved 1048576K
}
Event: 9.818 GC heap before
{Heap before GC invocations=25 (full 2):
 PSYoungGen      total 22016K, used 21988K [0x00000000eab00000, 0x00000000ec280000, 0x0000000100000000)
  eden space 20992K, 100% used [0x00000000eab00000,0x00000000ebf80000,0x00000000ebf80000)
  from space 1024K, 97% used [0x00000000ec180000,0x00000000ec279170,0x00000000ec280000)
  to   space 1536K, 0% used [0x00000000ebf80000,0x00000000ebf80000,0x00000000ec100000)
 ParOldGen       total 68608K, used 26898K [0x00000000c0000000, 0x00000000c4300000, 0x00000000eab00000)
  object space 68608K, 39% used [0x00000000c0000000,0x00000000c1a449e0,0x00000000c4300000)
 Metaspace       used 53207K, committed 54144K, reserved 1097728K
  class space    used 5647K, committed 6080K, reserved 1048576K
}
Event: 9.849 GC heap after
{Heap after GC invocations=25 (full 2):
 PSYoungGen      total 22528K, used 1523K [0x00000000eab00000, 0x00000000ec980000, 0x0000000100000000)
  eden space 20992K, 0% used [0x00000000eab00000,0x00000000eab00000,0x00000000ebf80000)
  from space 1536K, 99% used [0x00000000ebf80000,0x00000000ec0fccc8,0x00000000ec100000)
  to   space 5120K, 0% used [0x00000000ec480000,0x00000000ec480000,0x00000000ec980000)
 ParOldGen       total 68608K, used 29644K [0x00000000c0000000, 0x00000000c4300000, 0x00000000eab00000)
  object space 68608K, 43% used [0x00000000c0000000,0x00000000c1cf30f8,0x00000000c4300000)
 Metaspace       used 53207K, committed 54144K, reserved 1097728K
  class space    used 5647K, committed 6080K, reserved 1048576K
}
Event: 10.986 GC heap before
{Heap before GC invocations=26 (full 2):
 PSYoungGen      total 22528K, used 22515K [0x00000000eab00000, 0x00000000ec980000, 0x0000000100000000)
  eden space 20992K, 100% used [0x00000000eab00000,0x00000000ebf80000,0x00000000ebf80000)
  from space 1536K, 99% used [0x00000000ebf80000,0x00000000ec0fccc8,0x00000000ec100000)
  to   space 5120K, 0% used [0x00000000ec480000,0x00000000ec480000,0x00000000ec980000)
 ParOldGen       total 68608K, used 29644K [0x00000000c0000000, 0x00000000c4300000, 0x00000000eab00000)
  object space 68608K, 43% used [0x00000000c0000000,0x00000000c1cf30f8,0x00000000c4300000)
 Metaspace       used 54878K, committed 55872K, reserved 1105920K
  class space    used 5822K, committed 6272K, reserved 1048576K
}
Event: 10.988 GC heap after
{Heap after GC invocations=26 (full 2):
 PSYoungGen      total 23552K, used 2080K [0x00000000eab00000, 0x00000000ec700000, 0x0000000100000000)
  eden space 20992K, 0% used [0x00000000eab00000,0x00000000eab00000,0x00000000ebf80000)
  from space 2560K, 81% used [0x00000000ec480000,0x00000000ec688000,0x00000000ec700000)
  to   space 3072K, 0% used [0x00000000ec100000,0x00000000ec100000,0x00000000ec400000)
 ParOldGen       total 68608K, used 29868K [0x00000000c0000000, 0x00000000c4300000, 0x00000000eab00000)
  object space 68608K, 43% used [0x00000000c0000000,0x00000000c1d2b0f8,0x00000000c4300000)
 Metaspace       used 54878K, committed 55872K, reserved 1105920K
  class space    used 5822K, committed 6272K, reserved 1048576K
}
Event: 12.027 GC heap before
{Heap before GC invocations=27 (full 2):
 PSYoungGen      total 23552K, used 22314K [0x00000000eab00000, 0x00000000ec700000, 0x0000000100000000)
  eden space 20992K, 96% used [0x00000000eab00000,0x00000000ebec2af0,0x00000000ebf80000)
  from space 2560K, 81% used [0x00000000ec480000,0x00000000ec688000,0x00000000ec700000)
  to   space 3072K, 0% used [0x00000000ec100000,0x00000000ec100000,0x00000000ec400000)
 ParOldGen       total 68608K, used 29868K [0x00000000c0000000, 0x00000000c4300000, 0x00000000eab00000)
  object space 68608K, 43% used [0x00000000c0000000,0x00000000c1d2b0f8,0x00000000c4300000)
 Metaspace       used 56590K, committed 57600K, reserved 1105920K
  class space    used 6029K, committed 6464K, reserved 1048576K
}
Event: 12.030 GC heap after
{Heap after GC invocations=27 (full 2):
 PSYoungGen      total 23040K, used 1712K [0x00000000eab00000, 0x00000000ec500000, 0x0000000100000000)
  eden space 20992K, 0% used [0x00000000eab00000,0x00000000eab00000,0x00000000ebf80000)
  from space 2048K, 83% used [0x00000000ec100000,0x00000000ec2ac020,0x00000000ec300000)
  to   space 2048K, 0% used [0x00000000ec300000,0x00000000ec300000,0x00000000ec500000)
 ParOldGen       total 68608K, used 31809K [0x00000000c0000000, 0x00000000c4300000, 0x00000000eab00000)
  object space 68608K, 46% used [0x00000000c0000000,0x00000000c1f104f8,0x00000000c4300000)
 Metaspace       used 56590K, committed 57600K, reserved 1105920K
  class space    used 6029K, committed 6464K, reserved 1048576K
}
Event: 12.084 GC heap before
{Heap before GC invocations=28 (full 2):
 PSYoungGen      total 23040K, used 22003K [0x00000000eab00000, 0x00000000ec500000, 0x0000000100000000)
  eden space 20992K, 96% used [0x00000000eab00000,0x00000000ebed0c10,0x00000000ebf80000)
  from space 2048K, 83% used [0x00000000ec100000,0x00000000ec2ac020,0x00000000ec300000)
  to   space 2048K, 0% used [0x00000000ec300000,0x00000000ec300000,0x00000000ec500000)
 ParOldGen       total 68608K, used 31809K [0x00000000c0000000, 0x00000000c4300000, 0x00000000eab00000)
  object space 68608K, 46% used [0x00000000c0000000,0x00000000c1f104f8,0x00000000c4300000)
 Metaspace       used 56653K, committed 57664K, reserved 1105920K
  class space    used 6038K, committed 6464K, reserved 1048576K
}
Event: 12.087 GC heap after
{Heap after GC invocations=28 (full 2):
 PSYoungGen      total 21504K, used 288K [0x00000000eab00000, 0x00000000ec380000, 0x0000000100000000)
  eden space 20992K, 0% used [0x00000000eab00000,0x00000000eab00000,0x00000000ebf80000)
  from space 512K, 56% used [0x00000000ec300000,0x00000000ec348000,0x00000000ec380000)
  to   space 1024K, 0% used [0x00000000ec180000,0x00000000ec180000,0x00000000ec280000)
 ParOldGen       total 68608K, used 33408K [0x00000000c0000000, 0x00000000c4300000, 0x00000000eab00000)
  object space 68608K, 48% used [0x00000000c0000000,0x00000000c20a0320,0x00000000c4300000)
 Metaspace       used 56653K, committed 57664K, reserved 1105920K
  class space    used 6038K, committed 6464K, reserved 1048576K
}
Event: 12.139 GC heap before
{Heap before GC invocations=29 (full 2):
 PSYoungGen      total 21504K, used 20524K [0x00000000eab00000, 0x00000000ec380000, 0x0000000100000000)
  eden space 20992K, 96% used [0x00000000eab00000,0x00000000ebec31d0,0x00000000ebf80000)
  from space 512K, 56% used [0x00000000ec300000,0x00000000ec348000,0x00000000ec380000)
  to   space 1024K, 0% used [0x00000000ec180000,0x00000000ec180000,0x00000000ec280000)
 ParOldGen       total 68608K, used 33408K [0x00000000c0000000, 0x00000000c4300000, 0x00000000eab00000)
  object space 68608K, 48% used [0x00000000c0000000,0x00000000c20a0320,0x00000000c4300000)
 Metaspace       used 56691K, committed 57664K, reserved 1105920K
  class space    used 6040K, committed 6464K, reserved 1048576K
}
Event: 12.140 GC heap after
{Heap after GC invocations=29 (full 2):
 PSYoungGen      total 22016K, used 384K [0x00000000eab00000, 0x00000000ec380000, 0x0000000100000000)
  eden space 20992K, 0% used [0x00000000eab00000,0x00000000eab00000,0x00000000ebf80000)
  from space 1024K, 37% used [0x00000000ec180000,0x00000000ec1e0000,0x00000000ec280000)
  to   space 512K, 0% used [0x00000000ec300000,0x00000000ec300000,0x00000000ec380000)
 ParOldGen       total 68608K, used 33605K [0x00000000c0000000, 0x00000000c4300000, 0x00000000eab00000)
  object space 68608K, 48% used [0x00000000c0000000,0x00000000c20d1420,0x00000000c4300000)
 Metaspace       used 56691K, committed 57664K, reserved 1105920K
  class space    used 6040K, committed 6464K, reserved 1048576K
}
Event: 12.385 GC heap before
{Heap before GC invocations=30 (full 2):
 PSYoungGen      total 22016K, used 21376K [0x00000000eab00000, 0x00000000ec380000, 0x0000000100000000)
  eden space 20992K, 100% used [0x00000000eab00000,0x00000000ebf80000,0x00000000ebf80000)
  from space 1024K, 37% used [0x00000000ec180000,0x00000000ec1e0000,0x00000000ec280000)
  to   space 512K, 0% used [0x00000000ec300000,0x00000000ec300000,0x00000000ec380000)
 ParOldGen       total 68608K, used 33605K [0x00000000c0000000, 0x00000000c4300000, 0x00000000eab00000)
  object space 68608K, 48% used [0x00000000c0000000,0x00000000c20d1420,0x00000000c4300000)
 Metaspace       used 57459K, committed 58496K, reserved 1105920K
  class space    used 6111K, committed 6592K, reserved 1048576K
}
Event: 12.387 GC heap after
{Heap after GC invocations=30 (full 2):
 PSYoungGen      total 21504K, used 512K [0x00000000eab00000, 0x00000000ec380000, 0x0000000100000000)
  eden space 20992K, 0% used [0x00000000eab00000,0x00000000eab00000,0x00000000ebf80000)
  from space 512K, 100% used [0x00000000ec300000,0x00000000ec380000,0x00000000ec380000)
  to   space 1024K, 0% used [0x00000000ec180000,0x00000000ec180000,0x00000000ec280000)
 ParOldGen       total 68608K, used 33892K [0x00000000c0000000, 0x00000000c4300000, 0x00000000eab00000)
  object space 68608K, 49% used [0x00000000c0000000,0x00000000c2119158,0x00000000c4300000)
 Metaspace       used 57459K, committed 58496K, reserved 1105920K
  class space    used 6111K, committed 6592K, reserved 1048576K
}

Deoptimization events (20 events):
Event: 12.295 Thread 0x000002a171857500 Uncommon trap: trap_request=0xffffffc6 fr.pc=0x000002a163ff42e4 relative=0x0000000000000824
Event: 12.295 Thread 0x000002a171857500 Uncommon trap: reason=bimorphic_or_optimized_type_check action=maybe_recompile pc=0x000002a163ff42e4 method=org.eclipse.jdt.internal.compiler.parser.Parser.consumeRule(I)V @ 4285 c2
Event: 12.295 Thread 0x000002a171857500 DEOPT PACKING pc=0x000002a163ff42e4 sp=0x000000c5f62fe9a0
Event: 12.295 Thread 0x000002a171857500 DEOPT UNPACKING pc=0x000002a15c2620a3 sp=0x000000c5f62fe940 mode 2
Event: 12.295 Thread 0x000002a171857500 Uncommon trap: trap_request=0xffffffc6 fr.pc=0x000002a163ff4264 relative=0x00000000000007a4
Event: 12.295 Thread 0x000002a171857500 Uncommon trap: reason=bimorphic_or_optimized_type_check action=maybe_recompile pc=0x000002a163ff4264 method=org.eclipse.jdt.internal.compiler.parser.Parser.consumeRule(I)V @ 4421 c2
Event: 12.295 Thread 0x000002a171857500 DEOPT PACKING pc=0x000002a163ff4264 sp=0x000000c5f62fe9a0
Event: 12.295 Thread 0x000002a171857500 DEOPT UNPACKING pc=0x000002a15c2620a3 sp=0x000000c5f62fe940 mode 2
Event: 12.295 Thread 0x000002a171857500 Uncommon trap: trap_request=0xffffffc6 fr.pc=0x000002a163ff3f64 relative=0x00000000000004a4
Event: 12.295 Thread 0x000002a171857500 Uncommon trap: reason=bimorphic_or_optimized_type_check action=maybe_recompile pc=0x000002a163ff3f64 method=org.eclipse.jdt.internal.compiler.parser.Parser.consumeRule(I)V @ 4356 c2
Event: 12.295 Thread 0x000002a171857500 DEOPT PACKING pc=0x000002a163ff3f64 sp=0x000000c5f62fe9a0
Event: 12.295 Thread 0x000002a171857500 DEOPT UNPACKING pc=0x000002a15c2620a3 sp=0x000000c5f62fe938 mode 2
Event: 12.295 Thread 0x000002a171857500 Uncommon trap: trap_request=0xffffffc6 fr.pc=0x000002a163ff3f64 relative=0x00000000000004a4
Event: 12.295 Thread 0x000002a171857500 Uncommon trap: reason=bimorphic_or_optimized_type_check action=maybe_recompile pc=0x000002a163ff3f64 method=org.eclipse.jdt.internal.compiler.parser.Parser.consumeRule(I)V @ 4356 c2
Event: 12.295 Thread 0x000002a171857500 DEOPT PACKING pc=0x000002a163ff3f64 sp=0x000000c5f62fe9a0
Event: 12.295 Thread 0x000002a171857500 DEOPT UNPACKING pc=0x000002a15c2620a3 sp=0x000000c5f62fe938 mode 2
Event: 12.387 Thread 0x000002a171856b60 Uncommon trap: trap_request=0xffffff45 fr.pc=0x000002a163ffedd4 relative=0x0000000000000c74
Event: 12.387 Thread 0x000002a171856b60 Uncommon trap: reason=unstable_if action=reinterpret pc=0x000002a163ffedd4 method=org.eclipse.core.runtime.Path.append(Ljava/lang/String;)Lorg/eclipse/core/runtime/IPath; @ 17 c2
Event: 12.387 Thread 0x000002a171856b60 DEOPT PACKING pc=0x000002a163ffedd4 sp=0x000000c5f60fea00
Event: 12.387 Thread 0x000002a171856b60 DEOPT UNPACKING pc=0x000002a15c2620a3 sp=0x000000c5f60fe9d0 mode 2

Classes unloaded (7 events):
Event: 3.072 Thread 0x000002a16d2cb820 Unloading class 0x0000000100218800 'java/lang/invoke/LambdaForm$MH+0x0000000100218800'
Event: 3.072 Thread 0x000002a16d2cb820 Unloading class 0x0000000100218400 'java/lang/invoke/LambdaForm$MH+0x0000000100218400'
Event: 3.072 Thread 0x000002a16d2cb820 Unloading class 0x0000000100218000 'java/lang/invoke/LambdaForm$MH+0x0000000100218000'
Event: 3.072 Thread 0x000002a16d2cb820 Unloading class 0x0000000100217800 'java/lang/invoke/LambdaForm$MH+0x0000000100217800'
Event: 3.072 Thread 0x000002a16d2cb820 Unloading class 0x0000000100217400 'java/lang/invoke/LambdaForm$BMH+0x0000000100217400'
Event: 3.072 Thread 0x000002a16d2cb820 Unloading class 0x0000000100217000 'java/lang/invoke/LambdaForm$DMH+0x0000000100217000'
Event: 3.072 Thread 0x000002a16d2cb820 Unloading class 0x0000000100214400 'java/lang/invoke/LambdaForm$DMH+0x0000000100214400'

Classes redefined (0 events):
No events

Internal exceptions (20 events):
Event: 10.869 Thread 0x000002a171857500 Exception <a 'sun/nio/fs/WindowsException'{0x00000000eb977518}> (0x00000000eb977518) 
thrown [e:\jenkins\tmp\workspace\build\src\src\hotspot\share\prims\jni.cpp, line 516]
Event: 10.874 Thread 0x000002a171857500 Exception <a 'sun/nio/fs/WindowsException'{0x00000000eba72a80}> (0x00000000eba72a80) 
thrown [e:\jenkins\tmp\workspace\build\src\src\hotspot\share\prims\jni.cpp, line 516]
Event: 10.880 Thread 0x000002a171857500 Exception <a 'sun/nio/fs/WindowsException'{0x00000000eba893e0}> (0x00000000eba893e0) 
thrown [e:\jenkins\tmp\workspace\build\src\src\hotspot\share\prims\jni.cpp, line 516]
Event: 10.886 Thread 0x000002a171857500 Exception <a 'sun/nio/fs/WindowsException'{0x00000000eba9eeb8}> (0x00000000eba9eeb8) 
thrown [e:\jenkins\tmp\workspace\build\src\src\hotspot\share\prims\jni.cpp, line 516]
Event: 10.892 Thread 0x000002a171857500 Exception <a 'sun/nio/fs/WindowsException'{0x00000000ebabc298}> (0x00000000ebabc298) 
thrown [e:\jenkins\tmp\workspace\build\src\src\hotspot\share\prims\jni.cpp, line 516]
Event: 10.899 Thread 0x000002a171857500 Exception <a 'sun/nio/fs/WindowsException'{0x00000000ebbae1d0}> (0x00000000ebbae1d0) 
thrown [e:\jenkins\tmp\workspace\build\src\src\hotspot\share\prims\jni.cpp, line 516]
Event: 10.906 Thread 0x000002a171857500 Exception <a 'sun/nio/fs/WindowsException'{0x00000000ebbc5238}> (0x00000000ebbc5238) 
thrown [e:\jenkins\tmp\workspace\build\src\src\hotspot\share\prims\jni.cpp, line 516]
Event: 10.912 Thread 0x000002a171857500 Exception <a 'sun/nio/fs/WindowsException'{0x00000000ebbda610}> (0x00000000ebbda610) 
thrown [e:\jenkins\tmp\workspace\build\src\src\hotspot\share\prims\jni.cpp, line 516]
Event: 10.919 Thread 0x000002a171857500 Exception <a 'sun/nio/fs/WindowsException'{0x00000000ebd01448}> (0x00000000ebd01448) 
thrown [e:\jenkins\tmp\workspace\build\src\src\hotspot\share\prims\jni.cpp, line 516]
Event: 10.926 Thread 0x000002a171857500 Exception <a 'sun/nio/fs/WindowsException'{0x00000000ebd19950}> (0x00000000ebd19950) 
thrown [e:\jenkins\tmp\workspace\build\src\src\hotspot\share\prims\jni.cpp, line 516]
Event: 10.957 Thread 0x000002a171857500 Exception <a 'sun/nio/fs/WindowsException'{0x00000000ebd2faf8}> (0x00000000ebd2faf8) 
thrown [e:\jenkins\tmp\workspace\build\src\src\hotspot\share\prims\jni.cpp, line 516]
Event: 10.963 Thread 0x000002a171857500 Exception <a 'sun/nio/fs/WindowsException'{0x00000000ebd46668}> (0x00000000ebd46668) 
thrown [e:\jenkins\tmp\workspace\build\src\src\hotspot\share\prims\jni.cpp, line 516]
Event: 10.971 Thread 0x000002a171857500 Exception <a 'sun/nio/fs/WindowsException'{0x00000000ebd74830}> (0x00000000ebd74830) 
thrown [e:\jenkins\tmp\workspace\build\src\src\hotspot\share\prims\jni.cpp, line 516]
Event: 11.084 Thread 0x000002a171857030 Exception <a 'java/io/FileNotFoundException'{0x00000000eb0eea78}> (0x00000000eb0eea78) 
thrown [e:\jenkins\tmp\workspace\build\src\src\hotspot\share\prims\jni.cpp, line 516]
Event: 11.917 Thread 0x000002a17462ede0 Implicit null exception at 0x000002a163e8b040 to 0x000002a163e8bbfc
Event: 11.933 Thread 0x000002a17462ede0 Exception <a 'java/io/FileNotFoundException'{0x00000000ebd10558}> (0x00000000ebd10558) 
thrown [e:\jenkins\tmp\workspace\build\src\src\hotspot\share\prims\jni.cpp, line 516]
Event: 12.370 Thread 0x000002a171856b60 Exception <a 'java/lang/NoSuchMethodError'{0x00000000ebefc3a8}: 'java.lang.Object java.lang.invoke.DirectMethodHandle$Holder.invokeStatic(java.lang.Object, java.lang.Object, java.lang.Object, long)'> (0x00000000ebefc3a8) 
thrown [e:\jenkins\tmp\workspace\build\src\src\hotspot\share\interpreter\linkResolver.cpp, line 766]
Event: 12.370 Thread 0x000002a171856b60 Exception <a 'java/lang/NoSuchMethodError'{0x00000000ebf03aa0}: 'java.lang.Object java.lang.invoke.DirectMethodHandle$Holder.newInvokeSpecial(java.lang.Object, java.lang.Object, java.lang.Object, long)'> (0x00000000ebf03aa0) 
thrown [e:\jenkins\tmp\workspace\build\src\src\hotspot\share\interpreter\linkResolver.cpp, line 766]
Event: 12.371 Thread 0x000002a171856b60 Exception <a 'java/lang/NoSuchMethodError'{0x00000000ebf07df8}: 'java.lang.Object java.lang.invoke.DirectMethodHandle$Holder.invokeSpecial(java.lang.Object, java.lang.Object, java.lang.Object, java.lang.Object, long)'> (0x00000000ebf07df8) 
thrown [e:\jenkins\tmp\workspace\build\src\src\hotspot\share\interpreter\linkResolver.cpp, line 766]
Event: 12.371 Thread 0x000002a171856b60 Exception <a 'java/lang/NoSuchMethodError'{0x00000000ebf0b9c8}: 'java.lang.Object java.lang.invoke.Invokers$Holder.linkToTargetMethod(java.lang.Object, java.lang.Object, long, java.lang.Object)'> (0x00000000ebf0b9c8) 
thrown [e:\jenkins\tmp\workspace\build\src\src\hotspot\share\interpreter\linkResolver.cpp, line 766]

VM Operations (20 events):
Event: 10.617 Executing VM operation: HandshakeAllThreads
Event: 10.617 Executing VM operation: HandshakeAllThreads done
Event: 10.986 Executing VM operation: ParallelGCFailedAllocation
Event: 10.988 Executing VM operation: ParallelGCFailedAllocation done
Event: 11.000 Executing VM operation: HandshakeAllThreads
Event: 11.000 Executing VM operation: HandshakeAllThreads done
Event: 11.572 Executing VM operation: HandshakeAllThreads
Event: 11.572 Executing VM operation: HandshakeAllThreads done
Event: 11.572 Executing VM operation: HandshakeAllThreads
Event: 11.572 Executing VM operation: HandshakeAllThreads done
Event: 11.831 Executing VM operation: HandshakeAllThreads
Event: 11.831 Executing VM operation: HandshakeAllThreads done
Event: 12.026 Executing VM operation: ParallelGCFailedAllocation
Event: 12.030 Executing VM operation: ParallelGCFailedAllocation done
Event: 12.084 Executing VM operation: ParallelGCFailedAllocation
Event: 12.087 Executing VM operation: ParallelGCFailedAllocation done
Event: 12.139 Executing VM operation: ParallelGCFailedAllocation
Event: 12.140 Executing VM operation: ParallelGCFailedAllocation done
Event: 12.385 Executing VM operation: ParallelGCFailedAllocation
Event: 12.387 Executing VM operation: ParallelGCFailedAllocation done

Events (20 events):
Event: 11.683 loading class jdk/internal/util/random/RandomSupport done
Event: 11.683 loading class java/util/concurrent/ForkJoinPool$DefaultCommonPoolForkJoinWorkerThreadFactory$1
Event: 11.683 loading class java/util/concurrent/ForkJoinPool$DefaultCommonPoolForkJoinWorkerThreadFactory$1 done
Event: 11.684 Thread 0x000002a17462ede0 Thread added: 0x000002a17462ede0
Event: 11.684 loading class java/util/concurrent/CompletableFuture$UniAccept
Event: 11.684 loading class java/util/concurrent/CompletableFuture$UniAccept done
Event: 11.684 loading class java/util/concurrent/CompletableFuture$UniExceptionally
Event: 11.684 loading class java/util/concurrent/CompletableFuture$UniExceptionally done
Event: 11.724 loading class java/lang/UnsupportedClassVersionError
Event: 11.724 loading class java/lang/UnsupportedClassVersionError done
Event: 11.739 loading class jdk/internal/reflect/UnsafeQualifiedStaticIntegerFieldAccessorImpl
Event: 11.739 loading class jdk/internal/reflect/UnsafeQualifiedStaticIntegerFieldAccessorImpl done
Event: 11.940 loading class java/io/UTFDataFormatException
Event: 11.940 loading class java/io/UTFDataFormatException done
Event: 11.977 loading class java/util/concurrent/ForkJoinTask$AdaptedCallable
Event: 11.977 loading class java/util/concurrent/ForkJoinTask$AdaptedCallable done
Event: 11.979 Thread 0x000002a17462b420 Thread added: 0x000002a17462b420
Event: 11.979 loading class java/util/concurrent/CountedCompleter
Event: 11.979 loading class java/util/concurrent/CountedCompleter done
Event: 11.980 Thread 0x000002a174631930 Thread added: 0x000002a174631930


Dynamic libraries:
0x00007ff735780000 - 0x00007ff73578e000 	c:\Users\vumin\.vscode\extensions\redhat.java-1.8.0-win32-x64\jre\17.0.3-win32-x86_64\bin\java.exe
0x00007ff9b8950000 - 0x00007ff9b8b48000 	C:\WINDOWS\SYSTEM32\ntdll.dll
0x00007ff9b6ac0000 - 0x00007ff9b6b7d000 	C:\WINDOWS\System32\KERNEL32.DLL
0x00007ff9b63c0000 - 0x00007ff9b668e000 	C:\WINDOWS\System32\KERNELBASE.dll
0x00007ff9b6740000 - 0x00007ff9b6840000 	C:\WINDOWS\System32\ucrtbase.dll
0x00007ff9ac540000 - 0x00007ff9ac559000 	c:\Users\vumin\.vscode\extensions\redhat.java-1.8.0-win32-x64\jre\17.0.3-win32-x86_64\bin\VCRUNTIME140.dll
0x00007ff9ab930000 - 0x00007ff9ab948000 	c:\Users\vumin\.vscode\extensions\redhat.java-1.8.0-win32-x64\jre\17.0.3-win32-x86_64\bin\jli.dll
0x00007ff9b71c0000 - 0x00007ff9b7360000 	C:\WINDOWS\System32\USER32.dll
0x00007ff9b6910000 - 0x00007ff9b6932000 	C:\WINDOWS\System32\win32u.dll
0x00007ff9b79a0000 - 0x00007ff9b79ca000 	C:\WINDOWS\System32\GDI32.dll
0x00007ff9b6100000 - 0x00007ff9b620b000 	C:\WINDOWS\System32\gdi32full.dll
0x00007ff9a5880000 - 0x00007ff9a5b1a000 	C:\WINDOWS\WinSxS\amd64_microsoft.windows.common-controls_6595b64144ccf1df_6.0.19041.1110_none_60b5254171f9507e\COMCTL32.dll
0x00007ff9b6840000 - 0x00007ff9b68dd000 	C:\WINDOWS\System32\msvcp_win.dll
0x00007ff9b8860000 - 0x00007ff9b88fe000 	C:\WINDOWS\System32\msvcrt.dll
0x00007ff9b6a90000 - 0x00007ff9b6ac0000 	C:\WINDOWS\System32\IMM32.DLL
0x00007ff9ad970000 - 0x00007ff9ad97c000 	c:\Users\vumin\.vscode\extensions\redhat.java-1.8.0-win32-x64\jre\17.0.3-win32-x86_64\bin\vcruntime140_1.dll
0x00007ff978fb0000 - 0x00007ff979041000 	c:\Users\vumin\.vscode\extensions\redhat.java-1.8.0-win32-x64\jre\17.0.3-win32-x86_64\bin\msvcp140.dll
0x00007ff96b550000 - 0x00007ff96c198000 	c:\Users\vumin\.vscode\extensions\redhat.java-1.8.0-win32-x64\jre\17.0.3-win32-x86_64\bin\server\jvm.dll
0x00007ff9b6ca0000 - 0x00007ff9b6d4e000 	C:\WINDOWS\System32\ADVAPI32.dll
0x00007ff9b7dd0000 - 0x00007ff9b7e6c000 	C:\WINDOWS\System32\sechost.dll
0x00007ff9b7870000 - 0x00007ff9b7995000 	C:\WINDOWS\System32\RPCRT4.dll
0x00007ff9b8900000 - 0x00007ff9b8908000 	C:\WINDOWS\System32\PSAPI.DLL
0x00007ff9a6f90000 - 0x00007ff9a6f99000 	C:\WINDOWS\SYSTEM32\WSOCK32.dll
0x00007ff9a5400000 - 0x00007ff9a5427000 	C:\WINDOWS\SYSTEM32\WINMM.dll
0x00007ff9ab620000 - 0x00007ff9ab62a000 	C:\WINDOWS\SYSTEM32\VERSION.dll
0x00007ff9b6c30000 - 0x00007ff9b6c9b000 	C:\WINDOWS\System32\WS2_32.dll
0x00007ff9b4910000 - 0x00007ff9b4922000 	C:\WINDOWS\SYSTEM32\kernel.appcore.dll
0x00007ff9ad900000 - 0x00007ff9ad90a000 	c:\Users\vumin\.vscode\extensions\redhat.java-1.8.0-win32-x64\jre\17.0.3-win32-x86_64\bin\jimage.dll
0x00007ff9b3e20000 - 0x00007ff9b4004000 	C:\WINDOWS\SYSTEM32\DBGHELP.DLL
0x00007ff9abe00000 - 0x00007ff9abe2c000 	C:\WINDOWS\SYSTEM32\dbgcore.DLL
0x00007ff9b6070000 - 0x00007ff9b60f2000 	C:\WINDOWS\System32\bcryptPrimitives.dll
0x00007ff9ab560000 - 0x00007ff9ab56e000 	c:\Users\vumin\.vscode\extensions\redhat.java-1.8.0-win32-x64\jre\17.0.3-win32-x86_64\bin\instrument.dll
0x00007ff9ab360000 - 0x00007ff9ab385000 	c:\Users\vumin\.vscode\extensions\redhat.java-1.8.0-win32-x64\jre\17.0.3-win32-x86_64\bin\java.dll
0x00007ff9a45f0000 - 0x00007ff9a4608000 	c:\Users\vumin\.vscode\extensions\redhat.java-1.8.0-win32-x64\jre\17.0.3-win32-x86_64\bin\zip.dll
0x00007ff9b8110000 - 0x00007ff9b8854000 	C:\WINDOWS\System32\SHELL32.dll
0x00007ff9b4010000 - 0x00007ff9b47a4000 	C:\WINDOWS\SYSTEM32\windows.storage.dll
0x00007ff9b73c0000 - 0x00007ff9b7714000 	C:\WINDOWS\System32\combase.dll
0x00007ff9b59f0000 - 0x00007ff9b5a20000 	C:\WINDOWS\SYSTEM32\Wldp.dll
0x00007ff9b6b80000 - 0x00007ff9b6c2d000 	C:\WINDOWS\System32\SHCORE.dll
0x00007ff9b7f20000 - 0x00007ff9b7f75000 	C:\WINDOWS\System32\shlwapi.dll
0x00007ff9b5fb0000 - 0x00007ff9b5fcf000 	C:\WINDOWS\SYSTEM32\profapi.dll
0x00007ff9a3d60000 - 0x00007ff9a3d79000 	C:\Users\vumin\.vscode\extensions\redhat.java-1.8.0-win32-x64\jre\17.0.3-win32-x86_64\bin\net.dll
0x00007ff9a8800000 - 0x00007ff9a890a000 	C:\WINDOWS\SYSTEM32\WINHTTP.dll
0x00007ff9b57d0000 - 0x00007ff9b583a000 	C:\WINDOWS\system32\mswsock.dll
0x00007ff99ae50000 - 0x00007ff99ae65000 	C:\Users\vumin\.vscode\extensions\redhat.java-1.8.0-win32-x64\jre\17.0.3-win32-x86_64\bin\nio.dll
0x00007ff9ab350000 - 0x00007ff9ab360000 	c:\Users\vumin\.vscode\extensions\redhat.java-1.8.0-win32-x64\jre\17.0.3-win32-x86_64\bin\verify.dll
0x00007ff999ff0000 - 0x00007ff99a02e000 	C:\Users\vumin\AppData\Roaming\Code\User\globalStorage\redhat.java\1.8.0\config_win\org.eclipse.equinox.launcher\org.eclipse.equinox.launcher.win32.win32.x86_64_1.2.500.v20220509-0833\eclipse_11700.dll
0x00007ff9b7a60000 - 0x00007ff9b7b8a000 	C:\WINDOWS\System32\ole32.dll
0x00007ff9b5a30000 - 0x00007ff9b5a48000 	C:\WINDOWS\SYSTEM32\CRYPTSP.dll
0x00007ff9b5100000 - 0x00007ff9b5134000 	C:\WINDOWS\system32\rsaenh.dll
0x00007ff9b68e0000 - 0x00007ff9b6907000 	C:\WINDOWS\System32\bcrypt.dll
0x00007ff9b5f70000 - 0x00007ff9b5f9e000 	C:\WINDOWS\SYSTEM32\USERENV.dll
0x00007ff9b5960000 - 0x00007ff9b596c000 	C:\WINDOWS\SYSTEM32\CRYPTBASE.dll
0x00007ff9b5490000 - 0x00007ff9b54cb000 	C:\WINDOWS\SYSTEM32\IPHLPAPI.DLL
0x00007ff9b7f80000 - 0x00007ff9b7f88000 	C:\WINDOWS\System32\NSI.dll
0x00007ff9ab650000 - 0x00007ff9ab667000 	C:\WINDOWS\SYSTEM32\dhcpcsvc6.DLL
0x00007ff9ab600000 - 0x00007ff9ab61d000 	C:\WINDOWS\SYSTEM32\dhcpcsvc.DLL
0x00007ff9b54d0000 - 0x00007ff9b559b000 	C:\WINDOWS\SYSTEM32\DNSAPI.dll
0x00007ff9957f0000 - 0x00007ff995834000 	C:\Users\vumin\AppData\Local\Temp\jna--2047693882\jna17971959295831194707.dll

dbghelp: loaded successfully - version: 4.0.5 - missing functions: none
symbol engine: initialized successfully - sym options: 0x614 - pdb path: .;c:\Users\vumin\.vscode\extensions\redhat.java-1.8.0-win32-x64\jre\17.0.3-win32-x86_64\bin;C:\WINDOWS\SYSTEM32;C:\WINDOWS\WinSxS\amd64_microsoft.windows.common-controls_6595b64144ccf1df_6.0.19041.1110_none_60b5254171f9507e;c:\Users\vumin\.vscode\extensions\redhat.java-1.8.0-win32-x64\jre\17.0.3-win32-x86_64\bin\server;C:\Users\vumin\AppData\Roaming\Code\User\globalStorage\redhat.java\1.8.0\config_win\org.eclipse.equinox.launcher\org.eclipse.equinox.launcher.win32.win32.x86_64_1.2.500.v20220509-0833;C:\Users\vumin\AppData\Local\Temp\jna--2047693882

VM Arguments:
jvm_args: --add-modules=ALL-SYSTEM --add-opens=java.base/java.util=ALL-UNNAMED --add-opens=java.base/java.lang=ALL-UNNAMED --add-opens=java.base/sun.nio.fs=ALL-UNNAMED -Declipse.application=org.eclipse.jdt.ls.core.id1 -Dosgi.bundles.defaultStartLevel=4 -Declipse.product=org.eclipse.jdt.ls.core.product -Djava.import.generatesMetadataFilesAtProjectRoot=false -Dfile.encoding=utf8 -DwatchParentProcess=false -XX:+UseParallelGC -XX:GCTimeRatio=4 -XX:AdaptiveSizePolicyWeight=90 -Dsun.zip.disableMemoryMapping=true -Xmx1G -Xms100m -javaagent:C:\Users\vumin\.m2\repository\org\projectlombok\lombok\1.18.24\lombok-1.18.24.jar -XX:+HeapDumpOnOutOfMemoryError -XX:HeapDumpPath=c:\Users\vumin\AppData\Roaming\Code\User\workspaceStorage\ac0b4f1463132408acbd1f27264bd6b2\redhat.java 
java_command: c:\Users\vumin\.vscode\extensions\redhat.java-1.8.0-win32-x64\server\plugins\org.eclipse.equinox.launcher_1.6.400.v20210924-0641.jar -configuration c:\Users\vumin\AppData\Roaming\Code\User\globalStorage\redhat.java\1.8.0\config_win -data c:\Users\vumin\AppData\Roaming\Code\User\workspaceStorage\ac0b4f1463132408acbd1f27264bd6b2\redhat.java\jdt_ws
java_class_path (initial): c:\Users\vumin\.vscode\extensions\redhat.java-1.8.0-win32-x64\server\plugins\org.eclipse.equinox.launcher_1.6.400.v20210924-0641.jar
Launcher Type: SUN_STANDARD

[Global flags]
    uintx AdaptiveSizePolicyWeight                 = 90                                        {product} {command line}
     intx CICompilerCount                          = 4                                         {product} {ergonomic}
    uintx GCTimeRatio                              = 4                                         {product} {command line}
     bool HeapDumpOnOutOfMemoryError               = true                                   {manageable} {command line}
    ccstr HeapDumpPath                             = c:\Users\vumin\AppData\Roaming\Code\User\workspaceStorage\ac0b4f1463132408acbd1f27264bd6b2\redhat.java         {manageable} {command line}
   size_t InitialHeapSize                          = 104857600                                 {product} {command line}
   size_t MaxHeapSize                              = 1073741824                                {product} {command line}
   size_t MaxNewSize                               = 357564416                                 {product} {ergonomic}
   size_t MinHeapDeltaBytes                        = 524288                                    {product} {ergonomic}
   size_t MinHeapSize                              = 104857600                                 {product} {command line}
   size_t NewSize                                  = 34603008                                  {product} {ergonomic}
    uintx NonNMethodCodeHeapSize                   = 5839372                                {pd product} {ergonomic}
    uintx NonProfiledCodeHeapSize                  = 122909434                              {pd product} {ergonomic}
   size_t OldSize                                  = 70254592                                  {product} {ergonomic}
    uintx ProfiledCodeHeapSize                     = 122909434                              {pd product} {ergonomic}
    uintx ReservedCodeCacheSize                    = 251658240                              {pd product} {ergonomic}
     bool SegmentedCodeCache                       = true                                      {product} {ergonomic}
   size_t SoftMaxHeapSize                          = 1073741824                             {manageable} {ergonomic}
     bool UseCompressedClassPointers               = true                           {product lp64_product} {ergonomic}
     bool UseCompressedOops                        = true                           {product lp64_product} {ergonomic}
     bool UseLargePagesIndividualAllocation        = false                                  {pd product} {ergonomic}
     bool UseParallelGC                            = true                                      {product} {command line}

Logging:
Log output configuration:
 #0: stdout all=warning uptime,level,tags
 #1: stderr all=off uptime,level,tags

Environment Variables:
JAVA_HOME=C:\jdk1.8.0_291
PATH=D:\Oracle19c\bin;C:\Python39\Scripts\;C:\Python39\;D:\VTBDB\bin;C:\app\KienVu\virtual\virtual\product\12.2.0\dbhome_1\bin;C:\app\KienVu\product\12.2.0\dbhome_1\bin;C:\Users\vumin\Downloads\WINDOWS.X64_193000_db_home\bin;C:\WINDOWS\system32;C:\WINDOWS;C:\WINDOWS\System32\Wbem;C:\WINDOWS\System32\WindowsPowerShell\v1.0\;C:\WINDOWS\System32\OpenSSH\;C:\Program Files\Java\jdk1.8.0_291\bin;C:\Program Files\Git\cmd;D:\apache-ant-1.8.0\bin;C:\wls12213\user_projects\domains\vbcms;C:\ProgramData\chocolatey\bin;G:\UTREND\Program Files\PostgreSQL\13\bin;C:\Program Files\TortoiseSVN\bin;C:\Users\vumin\AppData\Local\Microsoft\WindowsApps;C:\Program Files\JetBrains\WebStorm 2021.2.1\bin;;G:\UTREND\Program Files\PostgreSQL\13\bin;C:\Program Files\JetBrains\IntelliJ IDEA 2019.2.3\bin;;C:\Program Files\JetBrains\PyCharm Community Edition 2021.2.3\bin;;C:\Users\vumin\AppData\Local\Programs\Python\Python36-32\Scripts;c:\python39\lib\site-packages;C:\Users\vumin\AppData\Local\Programs\Microsoft VS Code\bin;C:\Program Files\TortoiseSVN\bin;
USERNAME=KienVu
OS=Windows_NT
PROCESSOR_IDENTIFIER=Intel64 Family 6 Model 142 Stepping 10, GenuineIntel



---------------  S Y S T E M  ---------------

OS:
 Windows 10 , 64 bit Build 19041 (10.0.19041.1806)
OS uptime: 4 days 18:48 hours
Hyper-V role detected

CPU: total 8 (initial active 8) (4 cores per cpu, 2 threads per core) family 6 model 142 stepping 10 microcode 0xd6, cx8, cmov, fxsr, ht, mmx, 3dnowpref, sse, sse2, sse3, ssse3, sse4.1, sse4.2, popcnt, lzcnt, tsc, tscinvbit, avx, avx2, aes, erms, clmul, bmi1, bmi2, rtm, adx, fma, vzeroupper, clflush, clflushopt, hv

Memory: 4k page, system-wide physical 16262M (1918M free)
TotalPageFile size 33811M (AvailPageFile size 5M)
current process WorkingSet (physical memory assigned to process): 259M, peak: 259M
current process commit charge ("private bytes"): 342M, peak: 348M

vm_info: OpenJDK 64-Bit Server VM (17.0.3+7) for windows-amd64 JRE (17.0.3+7), built on Apr 19 2022 16:55:35 by "" with MS VC++ 16.7 (VS2019)

END.
