#
# There is insufficient memory for the Java Runtime Environment to continue.
# Native memory allocation (mmap) failed to map 65536 bytes for Failed to commit metaspace.
# Possible reasons:
#   The system is out of physical RAM or swap space
#   The process is running with CompressedOops enabled, and the Java Heap may be blocking the growth of the native heap
# Possible solutions:
#   Reduce memory load on the system
#   Increase physical memory or swap space
#   Check if swap backing store is full
#   Decrease Java heap size (-Xmx/-Xms)
#   Decrease number of Java threads
#   Decrease Java thread stack sizes (-Xss)
#   Set larger code cache with -XX:ReservedCodeCacheSize=
#   JVM is running with Unscaled Compressed Oops mode in which the Java heap is
#     placed in the first 4GB address space. The Java Heap base address is the
#     maximum limit for the native heap growth. Please use -XX:HeapBaseMinAddress
#     to set the Java Heap base and to place the Java Heap above 4GB virtual address.
# This output file may be truncated or incomplete.
#
#  Out of Memory Error (virtualSpaceNode.cpp:110), pid=42464, tid=33120
#
# JRE version: OpenJDK Runtime Environment Temurin-17.0.2+8 (17.0.2+8) (build 17.0.2+8)
# Java VM: OpenJDK 64-Bit Server VM Temurin-17.0.2+8 (17.0.2+8, mixed mode, tiered, compressed oops, compressed class ptrs, parallel gc, windows-amd64)
# No core dump will be written. Minidumps are not enabled by default on client versions of Windows
#

---------------  S U M M A R Y ------------

Command Line: --add-modules=ALL-SYSTEM --add-opens=java.base/java.util=ALL-UNNAMED --add-opens=java.base/java.lang=ALL-UNNAMED --add-opens=java.base/sun.nio.fs=ALL-UNNAMED -Declipse.application=org.eclipse.jdt.ls.core.id1 -Dosgi.bundles.defaultStartLevel=4 -Declipse.product=org.eclipse.jdt.ls.core.product -Djava.import.generatesMetadataFilesAtProjectRoot=false -Dfile.encoding=utf8 -DwatchParentProcess=false -XX:+UseParallelGC -XX:GCTimeRatio=4 -XX:AdaptiveSizePolicyWeight=90 -Dsun.zip.disableMemoryMapping=true -Xmx1G -Xms100m -javaagent:c:\Users\vumin\.vscode\extensions\gabrielbb.vscode-lombok-1.0.1\server\lombok.jar -XX:+HeapDumpOnOutOfMemoryError -XX:HeapDumpPath=c:\Users\vumin\AppData\Roaming\Code\User\workspaceStorage\ac0b4f1463132408acbd1f27264bd6b2\redhat.java c:\Users\vumin\.vscode\extensions\redhat.java-1.4.0\server\plugins\org.eclipse.equinox.launcher_1.6.400.v20210924-0641.jar -configuration c:\Users\vumin\AppData\Roaming\Code\User\globalStorage\redhat.java\1.4.0\config_win -data c:\Users\vumin\AppData\Roaming\Code\User\workspaceStorage\ac0b4f1463132408acbd1f27264bd6b2\redhat.java\jdt_ws

Host: Intel(R) Core(TM) i7-8650U CPU @ 1.90GHz, 8 cores, 15G,  Windows 10 , 64 bit Build 19041 (10.0.19041.1566)
Time: Thu Mar 17 14:57:24 2022 SE Asia Standard Time elapsed time: 1.259440 seconds (0d 0h 0m 1s)

---------------  T H R E A D  ---------------

Current thread (0x000001b485a29410):  JavaThread "main" [_thread_in_vm, id=33120, stack(0x00000079cb800000,0x00000079cb900000)]

Stack: [0x00000079cb800000,0x00000079cb900000]
Native frames: (J=compiled Java code, j=interpreted, Vv=VM code, C=native code)
V  [jvm.dll+0x67564a]
V  [jvm.dll+0x82fc04]
V  [jvm.dll+0x8313ae]
V  [jvm.dll+0x831a13]
V  [jvm.dll+0x245235]
V  [jvm.dll+0x82bbab]
V  [jvm.dll+0x61a336]
V  [jvm.dll+0x61a39a]
V  [jvm.dll+0x61cbba]
V  [jvm.dll+0x61acd6]
V  [jvm.dll+0x23abf0]
V  [jvm.dll+0x1ea88d]
V  [jvm.dll+0x1e02c1]
V  [jvm.dll+0x53b6e0]
V  [jvm.dll+0x1f0ab7]
V  [jvm.dll+0x7aa1bb]
V  [jvm.dll+0x7ab562]
V  [jvm.dll+0x413565]
C  [jli.dll+0x830b]
C  [jli.dll+0x4878]
C  [jli.dll+0x58c8]
C  [jli.dll+0x563c]
C  [ucrtbase.dll+0x21bb2]
C  [KERNEL32.DLL+0x17034]
C  [ntdll.dll+0x52651]


---------------  P R O C E S S  ---------------

Threads class SMR info:
_java_thread_list=0x000001b49c072770, length=12, elements={
0x000001b485a29410, 0x000001b4998a6eb0, 0x000001b49bd92130, 0x000001b4998a80b0,
0x000001b4998a8e30, 0x000001b4998a96f0, 0x000001b49bdbb170, 0x000001b49bdbde20,
0x000001b49bdbe7d0, 0x000001b49be18cd0, 0x000001b49bea87c0, 0x000001b49c17e8f0
}

Java Threads: ( => current thread )
=>0x000001b485a29410 JavaThread "main" [_thread_in_vm, id=33120, stack(0x00000079cb800000,0x00000079cb900000)]
  0x000001b4998a6eb0 JavaThread "Reference Handler" daemon [_thread_blocked, id=44148, stack(0x00000079cbb00000,0x00000079cbc00000)]
  0x000001b49bd92130 JavaThread "Finalizer" daemon [_thread_blocked, id=46648, stack(0x00000079cbc00000,0x00000079cbd00000)]
  0x000001b4998a80b0 JavaThread "Signal Dispatcher" daemon [_thread_blocked, id=48068, stack(0x00000079cbd00000,0x00000079cbe00000)]
  0x000001b4998a8e30 JavaThread "Attach Listener" daemon [_thread_blocked, id=37140, stack(0x00000079cbe00000,0x00000079cbf00000)]
  0x000001b4998a96f0 JavaThread "Service Thread" daemon [_thread_blocked, id=46744, stack(0x00000079cbf00000,0x00000079cc000000)]
  0x000001b49bdbb170 JavaThread "Monitor Deflation Thread" daemon [_thread_blocked, id=46752, stack(0x00000079cc000000,0x00000079cc100000)]
  0x000001b49bdbde20 JavaThread "C2 CompilerThread0" daemon [_thread_blocked, id=46228, stack(0x00000079cc100000,0x00000079cc200000)]
  0x000001b49bdbe7d0 JavaThread "C1 CompilerThread0" daemon [_thread_in_vm, id=48040, stack(0x00000079cc200000,0x00000079cc300000)]
  0x000001b49be18cd0 JavaThread "Sweeper thread" daemon [_thread_blocked, id=36572, stack(0x00000079cc300000,0x00000079cc400000)]
  0x000001b49bea87c0 JavaThread "Common-Cleaner" daemon [_thread_blocked, id=45400, stack(0x00000079cc400000,0x00000079cc500000)]
  0x000001b49c17e8f0 JavaThread "Notification Thread" daemon [_thread_blocked, id=30812, stack(0x00000079cc500000,0x00000079cc600000)]

Other Threads:
  0x000001b49989f9d0 VMThread "VM Thread" [stack: 0x00000079cba00000,0x00000079cbb00000] [id=44100]
  0x000001b485a3ec30 GCTaskThread "GC Thread#0" [stack: 0x00000079cb900000,0x00000079cba00000] [id=43736]

Threads with active compile tasks:
C1 CompilerThread0     1375  355       3       java.util.ArrayList$Itr::next (66 bytes)

VM state: not at safepoint (normal execution)

VM Mutex/Monitor currently owned by a thread:  ([mutex/lock_event])
[0x000001b485a229b0] Metaspace_lock - owner thread: 0x000001b485a29410
[0x000001b485a23e40] MethodData_lock - owner thread: 0x000001b49bdbe7d0

Heap address: 0x00000000c0000000, size: 1024 MB, Compressed Oops mode: 32-bit

CDS archive(s) not mapped
Compressed class space mapped at: 0x0000000100000000-0x0000000140000000, reserved size: 1073741824
Narrow klass base: 0x0000000000000000, Narrow klass shift: 3, Narrow klass range: 0x140000000

GC Precious Log:
 CPUs: 8 total, 8 available
 Memory: 16262M
 Large Page Support: Disabled
 NUMA Support: Disabled
 Compressed Oops: Enabled (32-bit)
 Alignments: Space 512K, Generation 512K, Heap 2M
 Heap Min Capacity: 100M
 Heap Initial Capacity: 100M
 Heap Max Capacity: 1G
 Pre-touch: Disabled
 Parallel Workers: 8

Heap:
 PSYoungGen      total 29696K, used 7332K [0x00000000eab00000, 0x00000000ecc00000, 0x0000000100000000)
  eden space 25600K, 28% used [0x00000000eab00000,0x00000000eb2291e8,0x00000000ec400000)
  from space 4096K, 0% used [0x00000000ec800000,0x00000000ec800000,0x00000000ecc00000)
  to   space 4096K, 0% used [0x00000000ec400000,0x00000000ec400000,0x00000000ec800000)
 ParOldGen       total 68608K, used 0K [0x00000000c0000000, 0x00000000c4300000, 0x00000000eab00000)
  object space 68608K, 0% used [0x00000000c0000000,0x00000000c0000000,0x00000000c4300000)
 Metaspace       used 6115K, committed 6208K, reserved 1056768K
  class space    used 600K, committed 640K, reserved 1048576K

Card table byte_map: [0x000001b4853e0000,0x000001b4855f0000] _byte_map_base: 0x000001b484de0000

Marking Bits: (ParMarkBitMap*) 0x00007ff979713af0
 Begin Bits: [0x000001b4976b0000, 0x000001b4986b0000)
 End Bits:   [0x000001b4986b0000, 0x000001b4996b0000)

Polling page: 0x000001b4839b0000

Metaspace:

Usage:
  Non-class:      5.39 MB used.
      Class:    600.56 KB used.
       Both:      5.97 MB used.

Virtual space:
  Non-class space:        8.00 MB reserved,       5.44 MB ( 68%) committed,  1 nodes.
      Class space:        1.00 GB reserved,     640.00 KB ( <1%) committed,  1 nodes.
             Both:        1.01 GB reserved,       6.06 MB ( <1%) committed. 

Chunk freelists:
   Non-Class:  2.28 MB
       Class:  3.22 MB
        Both:  5.50 MB

MaxMetaspaceSize: unlimited
CompressedClassSpaceSize: 1.00 GB
Initial GC threshold: 21.00 MB
Current GC threshold: 21.00 MB
CDS: off
MetaspaceReclaimPolicy: balanced
 - commit_granule_bytes: 65536.
 - commit_granule_words: 8192.
 - virtual_space_node_default_size: 1048576.
 - enlarge_chunks_in_place: 1.
 - new_chunks_are_fully_committed: 0.
 - uncommit_free_chunks: 1.
 - use_allocation_guard: 0.
 - handle_deallocations: 1.


Internal statistics:

num_allocs_failed_limit: 0.
num_arena_births: 10.
num_arena_deaths: 0.
num_vsnodes_births: 2.
num_vsnodes_deaths: 0.
num_space_committed: 97.
num_space_uncommitted: 0.
num_chunks_returned_to_freelist: 0.
num_chunks_taken_from_freelist: 33.
num_chunk_merges: 0.
num_chunk_splits: 18.
num_chunks_enlarged: 17.
num_purges: 0.
num_inconsistent_stats: 0.

CodeHeap 'non-profiled nmethods': size=120000Kb used=104Kb max_used=104Kb free=119895Kb
 bounds [0x000001b490180000, 0x000001b4903f0000, 0x000001b4976b0000]
CodeHeap 'profiled nmethods': size=120000Kb used=474Kb max_used=474Kb free=119525Kb
 bounds [0x000001b488c50000, 0x000001b488ec0000, 0x000001b490180000]
CodeHeap 'non-nmethods': size=5760Kb used=1095Kb max_used=1112Kb free=4664Kb
 bounds [0x000001b4886b0000, 0x000001b488920000, 0x000001b488c50000]
 total_blobs=727 nmethods=353 adapters=289
 compilation: enabled
              stopped_count=0, restarted_count=0
 full_count=0

Compilation events (20 events):
Event: 1.219 Thread 0x000001b49bdbe7d0 nmethod 345 0x000001b488cc1610 code [0x000001b488cc17c0, 0x000001b488cc1988]
Event: 1.219 Thread 0x000001b49bdbe7d0  344       3       java.util.WeakHashMap::hash (28 bytes)
Event: 1.220 Thread 0x000001b49bdbe7d0 nmethod 344 0x000001b488cc1a90 code [0x000001b488cc1c40, 0x000001b488cc1e28]
Event: 1.223 Thread 0x000001b49bdbde20 nmethod 342% 0x000001b490198b90 code [0x000001b490198d20, 0x000001b490199098]
Event: 1.223 Thread 0x000001b49bdbe7d0  346   !   3       java.lang.String::replace (258 bytes)
Event: 1.227 Thread 0x000001b49bdbe7d0 nmethod 346 0x000001b488cc1f10 code [0x000001b488cc23e0, 0x000001b488cc4708]
Event: 1.227 Thread 0x000001b49bdbe7d0  348       3       java.lang.StringLatin1::indexOf (121 bytes)
Event: 1.228 Thread 0x000001b49bdbe7d0 nmethod 348 0x000001b488cc5690 code [0x000001b488cc5860, 0x000001b488cc5d58]
Event: 1.228 Thread 0x000001b49bdbe7d0  350       3       java.lang.StringBuilder::length (5 bytes)
Event: 1.228 Thread 0x000001b49bdbe7d0 nmethod 350 0x000001b488cc5f90 code [0x000001b488cc6120, 0x000001b488cc6238]
Event: 1.228 Thread 0x000001b49bdbe7d0  351       3       java.util.AbstractList::<init> (10 bytes)
Event: 1.228 Thread 0x000001b49bdbe7d0 nmethod 351 0x000001b488cc6310 code [0x000001b488cc64c0, 0x000001b488cc6698]
Event: 1.228 Thread 0x000001b49bdbe7d0  347       3       java.util.ArrayList::isEmpty (13 bytes)
Event: 1.228 Thread 0x000001b49bdbe7d0 nmethod 347 0x000001b488cc6790 code [0x000001b488cc6920, 0x000001b488cc6a98]
Event: 1.228 Thread 0x000001b49bdbe7d0  349       1       java.util.Collections$1::hasNext (5 bytes)
Event: 1.229 Thread 0x000001b49bdbe7d0 nmethod 349 0x000001b490199210 code [0x000001b4901993a0, 0x000001b490199478]
Event: 1.254 Thread 0x000001b49bdbde20  352       4       java.lang.StringLatin1::replace (198 bytes)
Event: 1.254 Thread 0x000001b49bdbe7d0  353       1       lombok.patcher.ScriptManager::access$2 (5 bytes)
Event: 1.254 Thread 0x000001b49bdbe7d0 nmethod 353 0x000001b490199510 code [0x000001b4901996a0, 0x000001b490199758]
Event: 1.254 Thread 0x000001b49bdbe7d0  355       3       java.util.ArrayList$Itr::next (66 bytes)

GC Heap History (0 events):
No events

Deoptimization events (6 events):
Event: 0.513 Thread 0x000001b485a29410 Uncommon trap: trap_request=0xffffff45 fr.pc=0x000001b49018b7e0 relative=0x0000000000000500
Event: 0.513 Thread 0x000001b485a29410 Uncommon trap: reason=unstable_if action=reinterpret pc=0x000001b49018b7e0 method=java.util.HashMap.putVal(ILjava/lang/Object;Ljava/lang/Object;ZZ)Ljava/lang/Object; @ 69 c2
Event: 0.513 Thread 0x000001b485a29410 DEOPT PACKING pc=0x000001b49018b7e0 sp=0x00000079cb8fe930
Event: 0.513 Thread 0x000001b485a29410 DEOPT UNPACKING pc=0x000001b4887020a3 sp=0x00000079cb8fe8b0 mode 2
Event: 1.254 Thread 0x000001b485a29410 DEOPT PACKING pc=0x000001b488c68093 sp=0x00000079cb8fde40
Event: 1.254 Thread 0x000001b485a29410 DEOPT UNPACKING pc=0x000001b488702843 sp=0x00000079cb8fd300 mode 0

Classes unloaded (0 events):
No events

Classes redefined (0 events):
No events

Internal exceptions (2 events):
Event: 0.476 Thread 0x000001b485a29410 Exception <a 'java/lang/NoSuchMethodError'{0x00000000eacb24e8}: 'void java.lang.invoke.DirectMethodHandle$Holder.invokeStatic(java.lang.Object, java.lang.Object, java.lang.Object)'> (0x00000000eacb24e8) 
thrown [e:\jenkins\tmp\workspace\build\src\src\hotspot\share\interpreter\linkResolver.cpp, line 766]
Event: 0.961 Thread 0x000001b485a29410 Exception <a 'java/lang/reflect/InvocationTargetException'{0x00000000eaf65e18}> (0x00000000eaf65e18) 
thrown [e:\jenkins\tmp\workspace\build\src\src\hotspot\share\runtime\reflection.cpp, line 1121]

VM Operations (4 events):
Event: 0.483 Executing VM operation: HandshakeAllThreads
Event: 0.483 Executing VM operation: HandshakeAllThreads done
Event: 0.696 Executing VM operation: HandshakeAllThreads
Event: 0.696 Executing VM operation: HandshakeAllThreads done

Events (20 events):
Event: 1.008 loading class java/util/regex/Pattern$Ques
Event: 1.008 loading class java/util/regex/Pattern$Ques done
Event: 1.008 loading class java/util/regex/Pattern$Loop
Event: 1.008 loading class java/util/regex/Pattern$Loop done
Event: 1.008 loading class java/util/regex/Pattern$Prolog
Event: 1.008 loading class java/util/regex/Pattern$Prolog done
Event: 1.009 loading class java/util/regex/Pattern$Dollar
Event: 1.009 loading class java/util/regex/Pattern$Dollar done
Event: 1.009 loading class java/util/regex/Pattern$GroupCurly
Event: 1.009 loading class java/util/regex/Pattern$GroupCurly done
Event: 1.096 loading class java/lang/AssertionError
Event: 1.096 loading class java/lang/AssertionError done
Event: 1.097 loading class java/util/Collections$SingletonSet
Event: 1.097 loading class java/util/Collections$SingletonSet done
Event: 1.097 loading class java/util/Collections$1
Event: 1.097 loading class java/util/Collections$1 done
Event: 1.227 Thread 0x000001b49c17e8f0 Thread added: 0x000001b49c17e8f0
Event: 1.227 loading class jdk/internal/vm/PostVMInitHook
Event: 1.227 loading class jdk/internal/vm/PostVMInitHook done
Event: 1.254 loading class sun/launcher/LauncherHelper


Dynamic libraries:
0x00007ff69acf0000 - 0x00007ff69acfe000 	c:\Users\vumin\.vscode\extensions\redhat.java-1.4.0\jre\17.0.2-win32-x86_64\bin\java.exe
0x00007ff9c37d0000 - 0x00007ff9c39c5000 	C:\WINDOWS\SYSTEM32\ntdll.dll
0x00007ff9c2a70000 - 0x00007ff9c2b2e000 	C:\WINDOWS\System32\KERNEL32.DLL
0x00007ff9c0fd0000 - 0x00007ff9c1298000 	C:\WINDOWS\System32\KERNELBASE.dll
0x00007ff9c1730000 - 0x00007ff9c1830000 	C:\WINDOWS\System32\ucrtbase.dll
0x00007ff9b5740000 - 0x00007ff9b5758000 	c:\Users\vumin\.vscode\extensions\redhat.java-1.4.0\jre\17.0.2-win32-x86_64\bin\jli.dll
0x00007ff9b5130000 - 0x00007ff9b5149000 	c:\Users\vumin\.vscode\extensions\redhat.java-1.4.0\jre\17.0.2-win32-x86_64\bin\VCRUNTIME140.dll
0x00007ff9c28d0000 - 0x00007ff9c2a70000 	C:\WINDOWS\System32\USER32.dll
0x00007ff9c1700000 - 0x00007ff9c1722000 	C:\WINDOWS\System32\win32u.dll
0x00007ff9c2770000 - 0x00007ff9c279b000 	C:\WINDOWS\System32\GDI32.dll
0x00007ff9c14d0000 - 0x00007ff9c15db000 	C:\WINDOWS\System32\gdi32full.dll
0x00007ff9c12a0000 - 0x00007ff9c133d000 	C:\WINDOWS\System32\msvcp_win.dll
0x00007ff9aa670000 - 0x00007ff9aa90a000 	C:\WINDOWS\WinSxS\amd64_microsoft.windows.common-controls_6595b64144ccf1df_6.0.19041.1110_none_60b5254171f9507e\COMCTL32.dll
0x00007ff9c26d0000 - 0x00007ff9c276e000 	C:\WINDOWS\System32\msvcrt.dll
0x00007ff9c2340000 - 0x00007ff9c2370000 	C:\WINDOWS\System32\IMM32.DLL
0x00007ff9baa60000 - 0x00007ff9baa6c000 	c:\Users\vumin\.vscode\extensions\redhat.java-1.4.0\jre\17.0.2-win32-x86_64\bin\vcruntime140_1.dll
0x00007ff98a5a0000 - 0x00007ff98a631000 	c:\Users\vumin\.vscode\extensions\redhat.java-1.4.0\jre\17.0.2-win32-x86_64\bin\msvcp140.dll
0x00007ff978b90000 - 0x00007ff9797d7000 	c:\Users\vumin\.vscode\extensions\redhat.java-1.4.0\jre\17.0.2-win32-x86_64\bin\server\jvm.dll
0x00007ff9c35a0000 - 0x00007ff9c364e000 	C:\WINDOWS\System32\ADVAPI32.dll
0x00007ff9c24a0000 - 0x00007ff9c253c000 	C:\WINDOWS\System32\sechost.dll
0x00007ff9c27a0000 - 0x00007ff9c28c5000 	C:\WINDOWS\System32\RPCRT4.dll
0x00007ff9c22a0000 - 0x00007ff9c22a8000 	C:\WINDOWS\System32\PSAPI.DLL
0x00007ff9aa420000 - 0x00007ff9aa429000 	C:\WINDOWS\SYSTEM32\WSOCK32.dll
0x00007ff9c2c50000 - 0x00007ff9c2cbb000 	C:\WINDOWS\System32\WS2_32.dll
0x00007ff9a6af0000 - 0x00007ff9a6b17000 	C:\WINDOWS\SYSTEM32\WINMM.dll
0x00007ff9b62e0000 - 0x00007ff9b62ea000 	C:\WINDOWS\SYSTEM32\VERSION.dll
0x00007ff9bf7a0000 - 0x00007ff9bf7b2000 	C:\WINDOWS\SYSTEM32\kernel.appcore.dll
0x00007ff9ba9a0000 - 0x00007ff9ba9aa000 	c:\Users\vumin\.vscode\extensions\redhat.java-1.4.0\jre\17.0.2-win32-x86_64\bin\jimage.dll
0x00007ff9becb0000 - 0x00007ff9bee94000 	C:\WINDOWS\SYSTEM32\DBGHELP.DLL
0x00007ff9a6f60000 - 0x00007ff9a6f8c000 	C:\WINDOWS\SYSTEM32\dbgcore.DLL
0x00007ff9c0ef0000 - 0x00007ff9c0f72000 	C:\WINDOWS\System32\bcryptPrimitives.dll
0x00007ff9b8530000 - 0x00007ff9b853e000 	c:\Users\vumin\.vscode\extensions\redhat.java-1.4.0\jre\17.0.2-win32-x86_64\bin\instrument.dll
0x00007ff9a7f90000 - 0x00007ff9a7fb5000 	c:\Users\vumin\.vscode\extensions\redhat.java-1.4.0\jre\17.0.2-win32-x86_64\bin\java.dll
0x00007ff9ac0f0000 - 0x00007ff9ac108000 	c:\Users\vumin\.vscode\extensions\redhat.java-1.4.0\jre\17.0.2-win32-x86_64\bin\zip.dll
0x00007ff9c2e50000 - 0x00007ff9c3594000 	C:\WINDOWS\System32\SHELL32.dll
0x00007ff9beea0000 - 0x00007ff9bf634000 	C:\WINDOWS\SYSTEM32\windows.storage.dll
0x00007ff9c1e80000 - 0x00007ff9c21d4000 	C:\WINDOWS\System32\combase.dll
0x00007ff9c0870000 - 0x00007ff9c089c000 	C:\WINDOWS\SYSTEM32\Wldp.dll
0x00007ff9c2540000 - 0x00007ff9c25ed000 	C:\WINDOWS\System32\SHCORE.dll
0x00007ff9c2df0000 - 0x00007ff9c2e45000 	C:\WINDOWS\System32\shlwapi.dll
0x00007ff9c0e30000 - 0x00007ff9c0e4f000 	C:\WINDOWS\SYSTEM32\profapi.dll
0x00007ff9a9fa0000 - 0x00007ff9a9fb9000 	C:\Users\vumin\.vscode\extensions\redhat.java-1.4.0\jre\17.0.2-win32-x86_64\bin\net.dll
0x00007ff9ac380000 - 0x00007ff9ac489000 	C:\WINDOWS\SYSTEM32\WINHTTP.dll
0x00007ff9c0650000 - 0x00007ff9c06ba000 	C:\WINDOWS\system32\mswsock.dll
0x00007ff9a7f00000 - 0x00007ff9a7f15000 	C:\Users\vumin\.vscode\extensions\redhat.java-1.4.0\jre\17.0.2-win32-x86_64\bin\nio.dll
0x00007ff9b8060000 - 0x00007ff9b8070000 	c:\Users\vumin\.vscode\extensions\redhat.java-1.4.0\jre\17.0.2-win32-x86_64\bin\verify.dll

dbghelp: loaded successfully - version: 4.0.5 - missing functions: none
symbol engine: initialized successfully - sym options: 0x614 - pdb path: .;c:\Users\vumin\.vscode\extensions\redhat.java-1.4.0\jre\17.0.2-win32-x86_64\bin;C:\WINDOWS\SYSTEM32;C:\WINDOWS\WinSxS\amd64_microsoft.windows.common-controls_6595b64144ccf1df_6.0.19041.1110_none_60b5254171f9507e;c:\Users\vumin\.vscode\extensions\redhat.java-1.4.0\jre\17.0.2-win32-x86_64\bin\server

VM Arguments:
jvm_args: --add-modules=ALL-SYSTEM --add-opens=java.base/java.util=ALL-UNNAMED --add-opens=java.base/java.lang=ALL-UNNAMED --add-opens=java.base/sun.nio.fs=ALL-UNNAMED -Declipse.application=org.eclipse.jdt.ls.core.id1 -Dosgi.bundles.defaultStartLevel=4 -Declipse.product=org.eclipse.jdt.ls.core.product -Djava.import.generatesMetadataFilesAtProjectRoot=false -Dfile.encoding=utf8 -DwatchParentProcess=false -XX:+UseParallelGC -XX:GCTimeRatio=4 -XX:AdaptiveSizePolicyWeight=90 -Dsun.zip.disableMemoryMapping=true -Xmx1G -Xms100m -javaagent:c:\Users\vumin\.vscode\extensions\gabrielbb.vscode-lombok-1.0.1\server\lombok.jar -XX:+HeapDumpOnOutOfMemoryError -XX:HeapDumpPath=c:\Users\vumin\AppData\Roaming\Code\User\workspaceStorage\ac0b4f1463132408acbd1f27264bd6b2\redhat.java 
java_command: c:\Users\vumin\.vscode\extensions\redhat.java-1.4.0\server\plugins\org.eclipse.equinox.launcher_1.6.400.v20210924-0641.jar -configuration c:\Users\vumin\AppData\Roaming\Code\User\globalStorage\redhat.java\1.4.0\config_win -data c:\Users\vumin\AppData\Roaming\Code\User\workspaceStorage\ac0b4f1463132408acbd1f27264bd6b2\redhat.java\jdt_ws
java_class_path (initial): c:\Users\vumin\.vscode\extensions\redhat.java-1.4.0\server\plugins\org.eclipse.equinox.launcher_1.6.400.v20210924-0641.jar
Launcher Type: SUN_STANDARD

[Global flags]
    uintx AdaptiveSizePolicyWeight                 = 90                                        {product} {command line}
     intx CICompilerCount                          = 4                                         {product} {ergonomic}
    uintx GCTimeRatio                              = 4                                         {product} {command line}
     bool HeapDumpOnOutOfMemoryError               = true                                   {manageable} {command line}
    ccstr HeapDumpPath                             = c:\Users\vumin\AppData\Roaming\Code\User\workspaceStorage\ac0b4f1463132408acbd1f27264bd6b2\redhat.java         {manageable} {command line}
   size_t InitialHeapSize                          = 104857600                                 {product} {command line}
   size_t MaxHeapSize                              = 1073741824                                {product} {command line}
   size_t MaxNewSize                               = 357564416                                 {product} {ergonomic}
   size_t MinHeapDeltaBytes                        = 524288                                    {product} {ergonomic}
   size_t MinHeapSize                              = 104857600                                 {product} {command line}
   size_t NewSize                                  = 34603008                                  {product} {ergonomic}
    uintx NonNMethodCodeHeapSize                   = 5839372                                {pd product} {ergonomic}
    uintx NonProfiledCodeHeapSize                  = 122909434                              {pd product} {ergonomic}
   size_t OldSize                                  = 70254592                                  {product} {ergonomic}
    uintx ProfiledCodeHeapSize                     = 122909434                              {pd product} {ergonomic}
    uintx ReservedCodeCacheSize                    = 251658240                              {pd product} {ergonomic}
     bool SegmentedCodeCache                       = true                                      {product} {ergonomic}
   size_t SoftMaxHeapSize                          = 1073741824                             {manageable} {ergonomic}
     bool UseCompressedClassPointers               = true                           {product lp64_product} {ergonomic}
     bool UseCompressedOops                        = true                           {product lp64_product} {ergonomic}
     bool UseLargePagesIndividualAllocation        = false                                  {pd product} {ergonomic}
     bool UseParallelGC                            = true                                      {product} {command line}

Logging:
Log output configuration:
 #0: stdout all=warning uptime,level,tags
 #1: stderr all=off uptime,level,tags

Environment Variables:
JAVA_HOME=C:\jdk1.8.0_291
PATH=D:\Oracle19c\bin;C:\Python39\Scripts\;C:\Python39\;D:\VTBDB\bin;C:\app\KienVu\virtual\virtual\product\12.2.0\dbhome_1\bin;C:\app\KienVu\product\12.2.0\dbhome_1\bin;C:\Users\vumin\Downloads\WINDOWS.X64_193000_db_home\bin;C:\WINDOWS\system32;C:\WINDOWS;C:\WINDOWS\System32\Wbem;C:\WINDOWS\System32\WindowsPowerShell\v1.0\;C:\WINDOWS\System32\OpenSSH\;C:\Program Files\Java\jdk1.8.0_291\bin;C:\Program Files\TortoiseSVN\bin;C:\Program Files\Git\cmd;D:\apache-ant-1.8.0\bin;C:\wls12213\user_projects\domains\vbcms;C:\ProgramData\chocolatey\bin;C:\Program Files\nodejs\;C:\Program Files\Docker\Docker\resources\bin;C:\ProgramData\DockerDesktop\version-bin;G:\UTREND\Program Files\PostgreSQL\13\bin;C:\Program Files\MySQL\MySQL Shell 8.0\bin\;C:\Users\vumin\AppData\Local\Microsoft\WindowsApps;C:\Program Files\JetBrains\WebStorm 2021.2.1\bin;;C:\Users\vumin\AppData\Roaming\npm;G:\UTREND\Program Files\PostgreSQL\13\bin;C:\Program Files\JetBrains\IntelliJ IDEA 2019.2.3\bin;;C:\Program Files\JetBrains\PyCharm Community Edition 2021.2.3\bin;;C:\Users\vumin\AppData\Local\Programs\Python\Python36-32\Scripts;c:\python39\lib\site-packages;;C:\Users\vumin\AppData\Local\Programs\Microsoft VS Code\bin
USERNAME=KienVu
OS=Windows_NT
PROCESSOR_IDENTIFIER=Intel64 Family 6 Model 142 Stepping 10, GenuineIntel



---------------  S Y S T E M  ---------------

OS:
 Windows 10 , 64 bit Build 19041 (10.0.19041.1566)
OS uptime: 7 days 3:12 hours
Hyper-V role detected

CPU: total 8 (initial active 8) (4 cores per cpu, 2 threads per core) family 6 model 142 stepping 10 microcode 0xd6, cx8, cmov, fxsr, ht, mmx, 3dnowpref, sse, sse2, sse3, ssse3, sse4.1, sse4.2, popcnt, lzcnt, tsc, tscinvbit, avx, avx2, aes, erms, clmul, bmi1, bmi2, rtm, adx, fma, vzeroupper, clflush, clflushopt, hv

Memory: 4k page, system-wide physical 16262M (1382M free)
TotalPageFile size 34205M (AvailPageFile size 19M)
current process WorkingSet (physical memory assigned to process): 38M, peak: 38M
current process commit charge ("private bytes"): 186M, peak: 186M

vm_info: OpenJDK 64-Bit Server VM (17.0.2+8) for windows-amd64 JRE (17.0.2+8), built on Jan 20 2022 04:52:34 by "" with MS VC++ 16.7 (VS2019)

END.
