#
# There is insufficient memory for the Java Runtime Environment to continue.
# Native memory allocation (mmap) failed to map 65536 bytes for Failed to commit metaspace.
# Possible reasons:
#   The system is out of physical RAM or swap space
#   The process is running with CompressedOops enabled, and the Java Heap may be blocking the growth of the native heap
# Possible solutions:
#   Reduce memory load on the system
#   Increase physical memory or swap space
#   Check if swap backing store is full
#   Decrease Java heap size (-Xmx/-Xms)
#   Decrease number of Java threads
#   Decrease Java thread stack sizes (-Xss)
#   Set larger code cache with -XX:ReservedCodeCacheSize=
#   JVM is running with Unscaled Compressed Oops mode in which the Java heap is
#     placed in the first 4GB address space. The Java Heap base address is the
#     maximum limit for the native heap growth. Please use -XX:HeapBaseMinAddress
#     to set the Java Heap base and to place the Java Heap above 4GB virtual address.
# This output file may be truncated or incomplete.
#
#  Out of Memory Error (virtualSpaceNode.cpp:110), pid=47736, tid=43940
#
# JRE version: OpenJDK Runtime Environment Temurin-17.0.2+8 (17.0.2+8) (build 17.0.2+8)
# Java VM: OpenJDK 64-Bit Server VM Temurin-17.0.2+8 (17.0.2+8, mixed mode, tiered, compressed oops, compressed class ptrs, parallel gc, windows-amd64)
# No core dump will be written. Minidumps are not enabled by default on client versions of Windows
#

---------------  S U M M A R Y ------------

Command Line: --add-modules=ALL-SYSTEM --add-opens=java.base/java.util=ALL-UNNAMED --add-opens=java.base/java.lang=ALL-UNNAMED --add-opens=java.base/sun.nio.fs=ALL-UNNAMED -Declipse.application=org.eclipse.jdt.ls.core.id1 -Dosgi.bundles.defaultStartLevel=4 -Declipse.product=org.eclipse.jdt.ls.core.product -Djava.import.generatesMetadataFilesAtProjectRoot=false -Dfile.encoding=utf8 -DwatchParentProcess=false -XX:+UseParallelGC -XX:GCTimeRatio=4 -XX:AdaptiveSizePolicyWeight=90 -Dsun.zip.disableMemoryMapping=true -Xmx1G -Xms100m -javaagent:c:\Users\vumin\.vscode\extensions\gabrielbb.vscode-lombok-1.0.1\server\lombok.jar -XX:+HeapDumpOnOutOfMemoryError -XX:HeapDumpPath=c:\Users\vumin\AppData\Roaming\Code\User\workspaceStorage\ac0b4f1463132408acbd1f27264bd6b2\redhat.java c:\Users\vumin\.vscode\extensions\redhat.java-1.4.0\server\plugins\org.eclipse.equinox.launcher_1.6.400.v20210924-0641.jar -configuration c:\Users\vumin\AppData\Roaming\Code\User\globalStorage\redhat.java\1.4.0\config_win -data c:\Users\vumin\AppData\Roaming\Code\User\workspaceStorage\ac0b4f1463132408acbd1f27264bd6b2\redhat.java\jdt_ws

Host: Intel(R) Core(TM) i7-8650U CPU @ 1.90GHz, 8 cores, 15G,  Windows 10 , 64 bit Build 19041 (10.0.19041.1566)
Time: Thu Mar 17 14:57:25 2022 SE Asia Standard Time elapsed time: 0.243862 seconds (0d 0h 0m 0s)

---------------  T H R E A D  ---------------

Current thread (0x000001c4fee540a0):  JavaThread "main" [_thread_in_vm, id=43940, stack(0x000000b522200000,0x000000b522300000)]

Stack: [0x000000b522200000,0x000000b522300000]
Native frames: (J=compiled Java code, j=interpreted, Vv=VM code, C=native code)
V  [jvm.dll+0x67564a]
V  [jvm.dll+0x82fc04]
V  [jvm.dll+0x8313ae]
V  [jvm.dll+0x831a13]
V  [jvm.dll+0x245235]
V  [jvm.dll+0x82bbab]
V  [jvm.dll+0x61a336]
V  [jvm.dll+0x61a39a]
V  [jvm.dll+0x61cbba]
V  [jvm.dll+0x61acd6]
V  [jvm.dll+0x23979f]
V  [jvm.dll+0x6249f5]
V  [jvm.dll+0x1e9eab]
V  [jvm.dll+0x1ea3e5]
V  [jvm.dll+0x1eae1f]
V  [jvm.dll+0x1e02c1]
V  [jvm.dll+0x53b6e0]
V  [jvm.dll+0x1f0ab7]
V  [jvm.dll+0x7aa1bb]
V  [jvm.dll+0x7ab562]
V  [jvm.dll+0x7ab898]
V  [jvm.dll+0x23d51e]
V  [jvm.dll+0x23d76f]
V  [jvm.dll+0x558d38]
V  [jvm.dll+0x55bba0]
V  [jvm.dll+0x382937]
V  [jvm.dll+0x381f8f]
C  0x000001c482bc9dcc

Java frames: (J=compiled Java code, j=interpreted, Vv=VM code)
j  java.lang.String.<init>([CIILjava/lang/Void;)V+36 java.base
j  java.lang.String.<init>([CII)V+10 java.base
j  sun.net.www.ParseUtil.encodePath(Ljava/lang/String;IC)Ljava/lang/String;+357 java.base
j  sun.net.www.ParseUtil.encodePath(Ljava/lang/String;Z)Ljava/lang/String;+17 java.base
j  sun.net.www.ParseUtil.encodePath(Ljava/lang/String;)Ljava/lang/String;+2 java.base
j  sun.net.www.ParseUtil.fileToEncodedURL(Ljava/io/File;)Ljava/net/URL;+6 java.base
j  jdk.internal.loader.URLClassPath.toFileURL(Ljava/lang/String;)Ljava/net/URL;+13 java.base
j  jdk.internal.loader.URLClassPath.<init>(Ljava/lang/String;Z)V+96 java.base
j  jdk.internal.loader.ClassLoaders.<clinit>()V+144 java.base
v  ~StubRoutines::call_stub
j  jdk.internal.loader.BootLoader.loadModule(Ljava/lang/module/ModuleReference;)V+0 java.base
j  jdk.internal.module.ModuleBootstrap.boot2()Ljava/lang/ModuleLayer;+355 java.base
j  jdk.internal.module.ModuleBootstrap.boot()Ljava/lang/ModuleLayer;+64 java.base
j  java.lang.System.initPhase2(ZZ)I+0 java.base
v  ~StubRoutines::call_stub

---------------  P R O C E S S  ---------------

Threads class SMR info:
_java_thread_list=0x000001c49537ddc0, length=10, elements={
0x000001c4fee540a0, 0x000001c4ff127fc0, 0x000001c4ff129620, 0x000001c495376140,
0x000001c495376dc0, 0x000001c49537b810, 0x000001c49537c0d0, 0x000001c49537cd70,
0x000001c495391860, 0x000001c4953f9460
}

Java Threads: ( => current thread )
=>0x000001c4fee540a0 JavaThread "main" [_thread_in_vm, id=43940, stack(0x000000b522200000,0x000000b522300000)]
  0x000001c4ff127fc0 JavaThread "Reference Handler" daemon [_thread_blocked, id=47244, stack(0x000000b522500000,0x000000b522600000)]
  0x000001c4ff129620 JavaThread "Finalizer" daemon [_thread_blocked, id=24408, stack(0x000000b522600000,0x000000b522700000)]
  0x000001c495376140 JavaThread "Signal Dispatcher" daemon [_thread_blocked, id=31612, stack(0x000000b522700000,0x000000b522800000)]
  0x000001c495376dc0 JavaThread "Attach Listener" daemon [_thread_blocked, id=45996, stack(0x000000b522800000,0x000000b522900000)]
  0x000001c49537b810 JavaThread "Service Thread" daemon [_thread_blocked, id=32800, stack(0x000000b522900000,0x000000b522a00000)]
  0x000001c49537c0d0 JavaThread "Monitor Deflation Thread" daemon [_thread_blocked, id=47600, stack(0x000000b522a00000,0x000000b522b00000)]
  0x000001c49537cd70 JavaThread "C2 CompilerThread0" daemon [_thread_blocked, id=43580, stack(0x000000b522b00000,0x000000b522c00000)]
  0x000001c495391860 JavaThread "C1 CompilerThread0" daemon [_thread_blocked, id=19616, stack(0x000000b522c00000,0x000000b522d00000)]
  0x000001c4953f9460 JavaThread "Sweeper thread" daemon [_thread_blocked, id=40896, stack(0x000000b522d00000,0x000000b522e00000)]

Other Threads:
  0x000001c4ff11e520 VMThread "VM Thread" [stack: 0x000000b522400000,0x000000b522500000] [id=10204]
  0x000001c4fee698c0 GCTaskThread "GC Thread#0" [stack: 0x000000b522300000,0x000000b522400000] [id=46412]

Threads with active compile tasks:

VM state: not at safepoint (normal execution)

VM Mutex/Monitor currently owned by a thread:  ([mutex/lock_event])
[0x000001c4fee4e3c0] Metaspace_lock - owner thread: 0x000001c4fee540a0

Heap address: 0x00000000c0000000, size: 1024 MB, Compressed Oops mode: 32-bit

CDS archive(s) not mapped
Compressed class space mapped at: 0x0000000100000000-0x0000000140000000, reserved size: 1073741824
Narrow klass base: 0x0000000000000000, Narrow klass shift: 3, Narrow klass range: 0x140000000

GC Precious Log:
 CPUs: 8 total, 8 available
 Memory: 16262M
 Large Page Support: Disabled
 NUMA Support: Disabled
 Compressed Oops: Enabled (32-bit)
 Alignments: Space 512K, Generation 512K, Heap 2M
 Heap Min Capacity: 100M
 Heap Initial Capacity: 100M
 Heap Max Capacity: 1G
 Pre-touch: Disabled
 Parallel Workers: 8

Heap:
 PSYoungGen      total 29696K, used 1024K [0x00000000eab00000, 0x00000000ecc00000, 0x0000000100000000)
  eden space 25600K, 4% used [0x00000000eab00000,0x00000000eac00138,0x00000000ec400000)
  from space 4096K, 0% used [0x00000000ec800000,0x00000000ec800000,0x00000000ecc00000)
  to   space 4096K, 0% used [0x00000000ec400000,0x00000000ec400000,0x00000000ec800000)
 ParOldGen       total 68608K, used 0K [0x00000000c0000000, 0x00000000c4300000, 0x00000000eab00000)
  object space 68608K, 0% used [0x00000000c0000000,0x00000000c0000000,0x00000000c4300000)
 Metaspace       used 2807K, committed 2816K, reserved 1056768K
  class space    used 247K, committed 256K, reserved 1048576K

Card table byte_map: [0x000001c4fe830000,0x000001c4fea40000] _byte_map_base: 0x000001c4fe230000

Marking Bits: (ParMarkBitMap*) 0x00007ff979713af0
 Begin Bits: [0x000001c491bb0000, 0x000001c492bb0000)
 End Bits:   [0x000001c492bb0000, 0x000001c493bb0000)

Polling page: 0x000001c4fcd80000

Metaspace:

Usage:
  Non-class:      2.50 MB used.
      Class:    247.24 KB used.
       Both:      2.74 MB used.

Virtual space:
  Non-class space:        8.00 MB reserved,       2.50 MB ( 31%) committed,  1 nodes.
      Class space:        1.00 GB reserved,     256.00 KB ( <1%) committed,  1 nodes.
             Both:        1.01 GB reserved,       2.75 MB ( <1%) committed. 

Chunk freelists:
   Non-Class:  0 bytes
       Class:  3.75 MB
        Both:  3.75 MB

MaxMetaspaceSize: unlimited
CompressedClassSpaceSize: 1.00 GB
Initial GC threshold: 21.00 MB
Current GC threshold: 21.00 MB
CDS: off
MetaspaceReclaimPolicy: balanced
 - commit_granule_bytes: 65536.
 - commit_granule_words: 8192.
 - virtual_space_node_default_size: 1048576.
 - enlarge_chunks_in_place: 1.
 - new_chunks_are_fully_committed: 0.
 - uncommit_free_chunks: 1.
 - use_allocation_guard: 0.
 - handle_deallocations: 1.


Internal statistics:

num_allocs_failed_limit: 0.
num_arena_births: 2.
num_arena_deaths: 0.
num_vsnodes_births: 2.
num_vsnodes_deaths: 0.
num_space_committed: 44.
num_space_uncommitted: 0.
num_chunks_returned_to_freelist: 0.
num_chunks_taken_from_freelist: 3.
num_chunk_merges: 0.
num_chunk_splits: 1.
num_chunks_enlarged: 0.
num_purges: 0.
num_inconsistent_stats: 0.

CodeHeap 'non-profiled nmethods': size=120000Kb used=3Kb max_used=3Kb free=119996Kb
 bounds [0x000001c48a680000, 0x000001c48a8f0000, 0x000001c491bb0000]
CodeHeap 'profiled nmethods': size=120000Kb used=29Kb max_used=29Kb free=119970Kb
 bounds [0x000001c483150000, 0x000001c4833c0000, 0x000001c48a680000]
CodeHeap 'non-nmethods': size=5760Kb used=1017Kb max_used=1028Kb free=4742Kb
 bounds [0x000001c482bb0000, 0x000001c482e20000, 0x000001c483150000]
 total_blobs=297 nmethods=26 adapters=186
 compilation: enabled
              stopped_count=0, restarted_count=0
 full_count=0

Compilation events (20 events):
Event: 0.177 Thread 0x000001c495391860 nmethod 17 0x000001c483154b90 code [0x000001c483154d40, 0x000001c483154ef8]
Event: 0.177 Thread 0x000001c495391860   18       3       java.util.ImmutableCollections$AbstractImmutableSet::<init> (5 bytes)
Event: 0.177 Thread 0x000001c495391860 nmethod 18 0x000001c483155010 code [0x000001c4831551c0, 0x000001c4831553f8]
Event: 0.177 Thread 0x000001c495391860   19       3       java.util.Set::of (68 bytes)
Event: 0.178 Thread 0x000001c495391860 nmethod 19 0x000001c483155510 code [0x000001c483155740, 0x000001c483155ea8]
Event: 0.180 Thread 0x000001c495391860   21       3       java.lang.String::coder (15 bytes)
Event: 0.181 Thread 0x000001c495391860 nmethod 21 0x000001c483156190 code [0x000001c483156320, 0x000001c483156458]
Event: 0.181 Thread 0x000001c495391860   22       3       java.lang.String::length (11 bytes)
Event: 0.181 Thread 0x000001c495391860 nmethod 22 0x000001c483156510 code [0x000001c4831566a0, 0x000001c483156838]
Event: 0.181 Thread 0x000001c495391860   23       1       java.lang.module.ModuleDescriptor::name (5 bytes)
Event: 0.181 Thread 0x000001c495391860 nmethod 23 0x000001c48a680010 code [0x000001c48a6801a0, 0x000001c48a680278]
Event: 0.181 Thread 0x000001c49537cd70 nmethod 14 0x000001c48a680310 code [0x000001c48a680480, 0x000001c48a6805d8]
Event: 0.181 Thread 0x000001c49537cd70   20       4       java.lang.Object::<init> (1 bytes)
Event: 0.182 Thread 0x000001c49537cd70 nmethod 20 0x000001c48a680690 code [0x000001c48a680800, 0x000001c48a680878]
Event: 0.182 Thread 0x000001c495391860   24       3       java.lang.String::charAt (25 bytes)
Event: 0.182 Thread 0x000001c495391860 nmethod 24 0x000001c483156910 code [0x000001c483156ae0, 0x000001c483156eb8]
Event: 0.183 Thread 0x000001c495391860   25       3       java.lang.StringLatin1::charAt (28 bytes)
Event: 0.183 Thread 0x000001c495391860 nmethod 25 0x000001c483157010 code [0x000001c4831571c0, 0x000001c4831573c8]
Event: 0.183 Thread 0x000001c495391860   26       1       java.lang.module.ModuleReference::descriptor (5 bytes)
Event: 0.183 Thread 0x000001c495391860 nmethod 26 0x000001c48a680990 code [0x000001c48a680b20, 0x000001c48a680bf8]

GC Heap History (0 events):
No events

Deoptimization events (0 events):
No events

Classes unloaded (0 events):
No events

Classes redefined (0 events):
No events

Internal exceptions (0 events):
No events

VM Operations (0 events):
No events

Events (20 events):
Event: 0.190 loading class java/security/ProtectionDomain$Key done
Event: 0.190 loading class java/security/Principal
Event: 0.190 loading class java/security/Principal done
Event: 0.190 loading class jdk/internal/loader/URLClassPath
Event: 0.191 loading class jdk/internal/loader/URLClassPath done
Event: 0.191 loading class java/net/URL$DefaultFactory
Event: 0.191 loading class java/net/URLStreamHandlerFactory
Event: 0.191 loading class java/net/URLStreamHandlerFactory done
Event: 0.191 loading class java/net/URL$DefaultFactory done
Event: 0.191 loading class java/net/URL$3
Event: 0.191 loading class jdk/internal/access/JavaNetURLAccess
Event: 0.191 loading class jdk/internal/access/JavaNetURLAccess done
Event: 0.191 loading class java/net/URL$3 done
Event: 0.192 loading class java/io/File$PathStatus
Event: 0.192 loading class java/io/File$PathStatus done
Event: 0.215 loading class sun/net/www/ParseUtil
Event: 0.215 loading class sun/net/www/ParseUtil done
Event: 0.216 loading class java/util/HexFormat
Event: 0.216 loading class java/util/HexFormat done
Event: 0.216 loading class java/lang/StringUTF16


Dynamic libraries:
0x00007ff69acf0000 - 0x00007ff69acfe000 	c:\Users\vumin\.vscode\extensions\redhat.java-1.4.0\jre\17.0.2-win32-x86_64\bin\java.exe
0x00007ff9c37d0000 - 0x00007ff9c39c5000 	C:\WINDOWS\SYSTEM32\ntdll.dll
0x00007ff9c2a70000 - 0x00007ff9c2b2e000 	C:\WINDOWS\System32\KERNEL32.DLL
0x00007ff9c0fd0000 - 0x00007ff9c1298000 	C:\WINDOWS\System32\KERNELBASE.dll
0x00007ff9c1730000 - 0x00007ff9c1830000 	C:\WINDOWS\System32\ucrtbase.dll
0x00007ff9b5130000 - 0x00007ff9b5149000 	c:\Users\vumin\.vscode\extensions\redhat.java-1.4.0\jre\17.0.2-win32-x86_64\bin\VCRUNTIME140.dll
0x00007ff9b5740000 - 0x00007ff9b5758000 	c:\Users\vumin\.vscode\extensions\redhat.java-1.4.0\jre\17.0.2-win32-x86_64\bin\jli.dll
0x00007ff9c28d0000 - 0x00007ff9c2a70000 	C:\WINDOWS\System32\USER32.dll
0x00007ff9c1700000 - 0x00007ff9c1722000 	C:\WINDOWS\System32\win32u.dll
0x00007ff9c2770000 - 0x00007ff9c279b000 	C:\WINDOWS\System32\GDI32.dll
0x00007ff9aa670000 - 0x00007ff9aa90a000 	C:\WINDOWS\WinSxS\amd64_microsoft.windows.common-controls_6595b64144ccf1df_6.0.19041.1110_none_60b5254171f9507e\COMCTL32.dll
0x00007ff9c14d0000 - 0x00007ff9c15db000 	C:\WINDOWS\System32\gdi32full.dll
0x00007ff9c26d0000 - 0x00007ff9c276e000 	C:\WINDOWS\System32\msvcrt.dll
0x00007ff9c12a0000 - 0x00007ff9c133d000 	C:\WINDOWS\System32\msvcp_win.dll
0x00007ff9c2340000 - 0x00007ff9c2370000 	C:\WINDOWS\System32\IMM32.DLL
0x00007ff9baa60000 - 0x00007ff9baa6c000 	c:\Users\vumin\.vscode\extensions\redhat.java-1.4.0\jre\17.0.2-win32-x86_64\bin\vcruntime140_1.dll
0x00007ff98a5a0000 - 0x00007ff98a631000 	c:\Users\vumin\.vscode\extensions\redhat.java-1.4.0\jre\17.0.2-win32-x86_64\bin\msvcp140.dll
0x00007ff978b90000 - 0x00007ff9797d7000 	c:\Users\vumin\.vscode\extensions\redhat.java-1.4.0\jre\17.0.2-win32-x86_64\bin\server\jvm.dll
0x00007ff9c35a0000 - 0x00007ff9c364e000 	C:\WINDOWS\System32\ADVAPI32.dll
0x00007ff9c24a0000 - 0x00007ff9c253c000 	C:\WINDOWS\System32\sechost.dll
0x00007ff9c27a0000 - 0x00007ff9c28c5000 	C:\WINDOWS\System32\RPCRT4.dll
0x00007ff9c22a0000 - 0x00007ff9c22a8000 	C:\WINDOWS\System32\PSAPI.DLL
0x00007ff9aa420000 - 0x00007ff9aa429000 	C:\WINDOWS\SYSTEM32\WSOCK32.dll
0x00007ff9c2c50000 - 0x00007ff9c2cbb000 	C:\WINDOWS\System32\WS2_32.dll
0x00007ff9b62e0000 - 0x00007ff9b62ea000 	C:\WINDOWS\SYSTEM32\VERSION.dll
0x00007ff9a6af0000 - 0x00007ff9a6b17000 	C:\WINDOWS\SYSTEM32\WINMM.dll
0x00007ff9bf7a0000 - 0x00007ff9bf7b2000 	C:\WINDOWS\SYSTEM32\kernel.appcore.dll
0x00007ff9ba9a0000 - 0x00007ff9ba9aa000 	c:\Users\vumin\.vscode\extensions\redhat.java-1.4.0\jre\17.0.2-win32-x86_64\bin\jimage.dll
0x00007ff9becb0000 - 0x00007ff9bee94000 	C:\WINDOWS\SYSTEM32\DBGHELP.DLL
0x00007ff9a6f60000 - 0x00007ff9a6f8c000 	C:\WINDOWS\SYSTEM32\dbgcore.DLL
0x00007ff9c0ef0000 - 0x00007ff9c0f72000 	C:\WINDOWS\System32\bcryptPrimitives.dll
0x00007ff9b8530000 - 0x00007ff9b853e000 	c:\Users\vumin\.vscode\extensions\redhat.java-1.4.0\jre\17.0.2-win32-x86_64\bin\instrument.dll
0x00007ff9a7f90000 - 0x00007ff9a7fb5000 	c:\Users\vumin\.vscode\extensions\redhat.java-1.4.0\jre\17.0.2-win32-x86_64\bin\java.dll
0x00007ff9ac0f0000 - 0x00007ff9ac108000 	c:\Users\vumin\.vscode\extensions\redhat.java-1.4.0\jre\17.0.2-win32-x86_64\bin\zip.dll
0x00007ff9c2e50000 - 0x00007ff9c3594000 	C:\WINDOWS\System32\SHELL32.dll
0x00007ff9beea0000 - 0x00007ff9bf634000 	C:\WINDOWS\SYSTEM32\windows.storage.dll
0x00007ff9c1e80000 - 0x00007ff9c21d4000 	C:\WINDOWS\System32\combase.dll
0x00007ff9c0870000 - 0x00007ff9c089c000 	C:\WINDOWS\SYSTEM32\Wldp.dll
0x00007ff9c2540000 - 0x00007ff9c25ed000 	C:\WINDOWS\System32\SHCORE.dll
0x00007ff9c2df0000 - 0x00007ff9c2e45000 	C:\WINDOWS\System32\shlwapi.dll
0x00007ff9c0e30000 - 0x00007ff9c0e4f000 	C:\WINDOWS\SYSTEM32\profapi.dll

dbghelp: loaded successfully - version: 4.0.5 - missing functions: none
symbol engine: initialized successfully - sym options: 0x614 - pdb path: .;c:\Users\vumin\.vscode\extensions\redhat.java-1.4.0\jre\17.0.2-win32-x86_64\bin;C:\WINDOWS\SYSTEM32;C:\WINDOWS\WinSxS\amd64_microsoft.windows.common-controls_6595b64144ccf1df_6.0.19041.1110_none_60b5254171f9507e;c:\Users\vumin\.vscode\extensions\redhat.java-1.4.0\jre\17.0.2-win32-x86_64\bin\server

VM Arguments:
jvm_args: --add-modules=ALL-SYSTEM --add-opens=java.base/java.util=ALL-UNNAMED --add-opens=java.base/java.lang=ALL-UNNAMED --add-opens=java.base/sun.nio.fs=ALL-UNNAMED -Declipse.application=org.eclipse.jdt.ls.core.id1 -Dosgi.bundles.defaultStartLevel=4 -Declipse.product=org.eclipse.jdt.ls.core.product -Djava.import.generatesMetadataFilesAtProjectRoot=false -Dfile.encoding=utf8 -DwatchParentProcess=false -XX:+UseParallelGC -XX:GCTimeRatio=4 -XX:AdaptiveSizePolicyWeight=90 -Dsun.zip.disableMemoryMapping=true -Xmx1G -Xms100m -javaagent:c:\Users\vumin\.vscode\extensions\gabrielbb.vscode-lombok-1.0.1\server\lombok.jar -XX:+HeapDumpOnOutOfMemoryError -XX:HeapDumpPath=c:\Users\vumin\AppData\Roaming\Code\User\workspaceStorage\ac0b4f1463132408acbd1f27264bd6b2\redhat.java 
java_command: c:\Users\vumin\.vscode\extensions\redhat.java-1.4.0\server\plugins\org.eclipse.equinox.launcher_1.6.400.v20210924-0641.jar -configuration c:\Users\vumin\AppData\Roaming\Code\User\globalStorage\redhat.java\1.4.0\config_win -data c:\Users\vumin\AppData\Roaming\Code\User\workspaceStorage\ac0b4f1463132408acbd1f27264bd6b2\redhat.java\jdt_ws
java_class_path (initial): c:\Users\vumin\.vscode\extensions\redhat.java-1.4.0\server\plugins\org.eclipse.equinox.launcher_1.6.400.v20210924-0641.jar
Launcher Type: SUN_STANDARD

[Global flags]
    uintx AdaptiveSizePolicyWeight                 = 90                                        {product} {command line}
     intx CICompilerCount                          = 4                                         {product} {ergonomic}
    uintx GCTimeRatio                              = 4                                         {product} {command line}
     bool HeapDumpOnOutOfMemoryError               = true                                   {manageable} {command line}
    ccstr HeapDumpPath                             = c:\Users\vumin\AppData\Roaming\Code\User\workspaceStorage\ac0b4f1463132408acbd1f27264bd6b2\redhat.java         {manageable} {command line}
   size_t InitialHeapSize                          = 104857600                                 {product} {command line}
   size_t MaxHeapSize                              = 1073741824                                {product} {command line}
   size_t MaxNewSize                               = 357564416                                 {product} {ergonomic}
   size_t MinHeapDeltaBytes                        = 524288                                    {product} {ergonomic}
   size_t MinHeapSize                              = 104857600                                 {product} {command line}
   size_t NewSize                                  = 34603008                                  {product} {ergonomic}
    uintx NonNMethodCodeHeapSize                   = 5839372                                {pd product} {ergonomic}
    uintx NonProfiledCodeHeapSize                  = 122909434                              {pd product} {ergonomic}
   size_t OldSize                                  = 70254592                                  {product} {ergonomic}
    uintx ProfiledCodeHeapSize                     = 122909434                              {pd product} {ergonomic}
    uintx ReservedCodeCacheSize                    = 251658240                              {pd product} {ergonomic}
     bool SegmentedCodeCache                       = true                                      {product} {ergonomic}
   size_t SoftMaxHeapSize                          = 1073741824                             {manageable} {ergonomic}
     bool UseCompressedClassPointers               = true                           {product lp64_product} {ergonomic}
     bool UseCompressedOops                        = true                           {product lp64_product} {ergonomic}
     bool UseLargePagesIndividualAllocation        = false                                  {pd product} {ergonomic}
     bool UseParallelGC                            = true                                      {product} {command line}

Logging:
Log output configuration:
 #0: stdout all=warning uptime,level,tags
 #1: stderr all=off uptime,level,tags

Environment Variables:
JAVA_HOME=C:\jdk1.8.0_291
PATH=D:\Oracle19c\bin;C:\Python39\Scripts\;C:\Python39\;D:\VTBDB\bin;C:\app\KienVu\virtual\virtual\product\12.2.0\dbhome_1\bin;C:\app\KienVu\product\12.2.0\dbhome_1\bin;C:\Users\vumin\Downloads\WINDOWS.X64_193000_db_home\bin;C:\WINDOWS\system32;C:\WINDOWS;C:\WINDOWS\System32\Wbem;C:\WINDOWS\System32\WindowsPowerShell\v1.0\;C:\WINDOWS\System32\OpenSSH\;C:\Program Files\Java\jdk1.8.0_291\bin;C:\Program Files\TortoiseSVN\bin;C:\Program Files\Git\cmd;D:\apache-ant-1.8.0\bin;C:\wls12213\user_projects\domains\vbcms;C:\ProgramData\chocolatey\bin;C:\Program Files\nodejs\;C:\Program Files\Docker\Docker\resources\bin;C:\ProgramData\DockerDesktop\version-bin;G:\UTREND\Program Files\PostgreSQL\13\bin;C:\Program Files\MySQL\MySQL Shell 8.0\bin\;C:\Users\vumin\AppData\Local\Microsoft\WindowsApps;C:\Program Files\JetBrains\WebStorm 2021.2.1\bin;;C:\Users\vumin\AppData\Roaming\npm;G:\UTREND\Program Files\PostgreSQL\13\bin;C:\Program Files\JetBrains\IntelliJ IDEA 2019.2.3\bin;;C:\Program Files\JetBrains\PyCharm Community Edition 2021.2.3\bin;;C:\Users\vumin\AppData\Local\Programs\Python\Python36-32\Scripts;c:\python39\lib\site-packages;;C:\Users\vumin\AppData\Local\Programs\Microsoft VS Code\bin
USERNAME=KienVu
OS=Windows_NT
PROCESSOR_IDENTIFIER=Intel64 Family 6 Model 142 Stepping 10, GenuineIntel



---------------  S Y S T E M  ---------------

OS:
 Windows 10 , 64 bit Build 19041 (10.0.19041.1566)
OS uptime: 7 days 3:12 hours
Hyper-V role detected

CPU: total 8 (initial active 8) (4 cores per cpu, 2 threads per core) family 6 model 142 stepping 10 microcode 0xd6, cx8, cmov, fxsr, ht, mmx, 3dnowpref, sse, sse2, sse3, ssse3, sse4.1, sse4.2, popcnt, lzcnt, tsc, tscinvbit, avx, avx2, aes, erms, clmul, bmi1, bmi2, rtm, adx, fma, vzeroupper, clflush, clflushopt, hv

Memory: 4k page, system-wide physical 16262M (1389M free)
TotalPageFile size 34205M (AvailPageFile size 3M)
current process WorkingSet (physical memory assigned to process): 24M, peak: 24M
current process commit charge ("private bytes"): 180M, peak: 180M

vm_info: OpenJDK 64-Bit Server VM (17.0.2+8) for windows-amd64 JRE (17.0.2+8), built on Jan 20 2022 04:52:34 by "" with MS VC++ 16.7 (VS2019)

END.
