#
# There is insufficient memory for the Java Runtime Environment to continue.
# Native memory allocation (malloc) failed to allocate 818496 bytes for Chunk::new
# Possible reasons:
#   The system is out of physical RAM or swap space
#   The process is running with CompressedOops enabled, and the Java Heap may be blocking the growth of the native heap
# Possible solutions:
#   Reduce memory load on the system
#   Increase physical memory or swap space
#   Check if swap backing store is full
#   Decrease Java heap size (-Xmx/-Xms)
#   Decrease number of Java threads
#   Decrease Java thread stack sizes (-Xss)
#   Set larger code cache with -XX:ReservedCodeCacheSize=
#   JVM is running with Unscaled Compressed Oops mode in which the Java heap is
#     placed in the first 4GB address space. The Java Heap base address is the
#     maximum limit for the native heap growth. Please use -XX:HeapBaseMinAddress
#     to set the Java Heap base and to place the Java Heap above 4GB virtual address.
# This output file may be truncated or incomplete.
#
#  Out of Memory Error (arena.cpp:189), pid=5212, tid=45864
#
# JRE version: OpenJDK Runtime Environment Temurin-17.0.2+8 (17.0.2+8) (build 17.0.2+8)
# Java VM: OpenJDK 64-Bit Server VM Temurin-17.0.2+8 (17.0.2+8, mixed mode, tiered, compressed oops, compressed class ptrs, parallel gc, windows-amd64)
# No core dump will be written. Minidumps are not enabled by default on client versions of Windows
#

---------------  S U M M A R Y ------------

Command Line: --add-modules=ALL-SYSTEM --add-opens=java.base/java.util=ALL-UNNAMED --add-opens=java.base/java.lang=ALL-UNNAMED --add-opens=java.base/sun.nio.fs=ALL-UNNAMED -Declipse.application=org.eclipse.jdt.ls.core.id1 -Dosgi.bundles.defaultStartLevel=4 -Declipse.product=org.eclipse.jdt.ls.core.product -Djava.import.generatesMetadataFilesAtProjectRoot=false -Dfile.encoding=utf8 -DwatchParentProcess=false -XX:+UseParallelGC -XX:GCTimeRatio=4 -XX:AdaptiveSizePolicyWeight=90 -Dsun.zip.disableMemoryMapping=true -Xmx1G -Xms100m -javaagent:c:\Users\vumin\.vscode\extensions\gabrielbb.vscode-lombok-1.0.1\server\lombok.jar c:\Users\vumin\.vscode\extensions\redhat.java-1.4.0\server\plugins\org.eclipse.equinox.launcher_1.6.400.v20210924-0641.jar -configuration c:\Users\vumin\AppData\Roaming\Code\User\globalStorage\redhat.java\1.4.0\config_ss_win -data c:\Users\vumin\AppData\Roaming\Code\User\workspaceStorage\ac0b4f1463132408acbd1f27264bd6b2\redhat.java\ss_ws

Host: Intel(R) Core(TM) i7-8650U CPU @ 1.90GHz, 8 cores, 15G,  Windows 10 , 64 bit Build 19041 (10.0.19041.1566)
Time: Thu Mar 17 14:57:22 2022 SE Asia Standard Time elapsed time: 12.200911 seconds (0d 0h 0m 12s)

---------------  T H R E A D  ---------------

Current thread (0x000001dd9acfbfd0):  JavaThread "C2 CompilerThread0" daemon [_thread_in_native, id=45864, stack(0x00000035b0f00000,0x00000035b1000000)]


Current CompileTask:
C2:  12201 2178       4       org.objectweb.asm.ClassReader::readMethod (1052 bytes)

Stack: [0x00000035b0f00000,0x00000035b1000000]
Native frames: (J=compiled Java code, j=interpreted, Vv=VM code, C=native code)
V  [jvm.dll+0x67564a]
V  [jvm.dll+0x82fc04]
V  [jvm.dll+0x8313ae]
V  [jvm.dll+0x831a13]
V  [jvm.dll+0x245235]
V  [jvm.dll+0xabd7b]
V  [jvm.dll+0xac30c]
V  [jvm.dll+0x2ac33f]
V  [jvm.dll+0x57c559]
V  [jvm.dll+0x2202ed]
V  [jvm.dll+0x2206cf]
V  [jvm.dll+0x219f25]
V  [jvm.dll+0x2173eb]
V  [jvm.dll+0x1a3a8d]
V  [jvm.dll+0x226ef8]
V  [jvm.dll+0x22503c]
V  [jvm.dll+0x7e596b]
V  [jvm.dll+0x7dff2a]
V  [jvm.dll+0x6744d5]
C  [ucrtbase.dll+0x21bb2]
C  [KERNEL32.DLL+0x17034]
C  [ntdll.dll+0x52651]


---------------  P R O C E S S  ---------------

Threads class SMR info:
_java_thread_list=0x000001dd9b3868b0, length=20, elements={
0x000001dd8294b190, 0x000001dd987235f0, 0x000001dd98724370, 0x000001dd987290b0,
0x000001dd9acf7030, 0x000001dd9acfaa70, 0x000001dd9acfb330, 0x000001dd9acfbfd0,
0x000001dd9ad04ac0, 0x000001dd9ad60ac0, 0x000001dd9ae2dd10, 0x000001dd9afacbd0,
0x000001dd9c41b9e0, 0x000001dd9b97d9a0, 0x000001dd9c44eb90, 0x000001dd9b4d1a00,
0x000001dd9af4a5a0, 0x000001dd9b235880, 0x000001dd9b4b64a0, 0x000001dd9c473930
}

Java Threads: ( => current thread )
  0x000001dd8294b190 JavaThread "main" [_thread_blocked, id=41328, stack(0x00000035b0600000,0x00000035b0700000)]
  0x000001dd987235f0 JavaThread "Reference Handler" daemon [_thread_blocked, id=46548, stack(0x00000035b0900000,0x00000035b0a00000)]
  0x000001dd98724370 JavaThread "Finalizer" daemon [_thread_blocked, id=42164, stack(0x00000035b0a00000,0x00000035b0b00000)]
  0x000001dd987290b0 JavaThread "Signal Dispatcher" daemon [_thread_blocked, id=3376, stack(0x00000035b0b00000,0x00000035b0c00000)]
  0x000001dd9acf7030 JavaThread "Attach Listener" daemon [_thread_blocked, id=18424, stack(0x00000035b0c00000,0x00000035b0d00000)]
  0x000001dd9acfaa70 JavaThread "Service Thread" daemon [_thread_blocked, id=44336, stack(0x00000035b0d00000,0x00000035b0e00000)]
  0x000001dd9acfb330 JavaThread "Monitor Deflation Thread" daemon [_thread_blocked, id=29772, stack(0x00000035b0e00000,0x00000035b0f00000)]
=>0x000001dd9acfbfd0 JavaThread "C2 CompilerThread0" daemon [_thread_in_native, id=45864, stack(0x00000035b0f00000,0x00000035b1000000)]
  0x000001dd9ad04ac0 JavaThread "C1 CompilerThread0" daemon [_thread_blocked, id=44544, stack(0x00000035b1000000,0x00000035b1100000)]
  0x000001dd9ad60ac0 JavaThread "Sweeper thread" daemon [_thread_blocked, id=3228, stack(0x00000035b1100000,0x00000035b1200000)]
  0x000001dd9ae2dd10 JavaThread "Common-Cleaner" daemon [_thread_blocked, id=34424, stack(0x00000035b1200000,0x00000035b1300000)]
  0x000001dd9afacbd0 JavaThread "Notification Thread" daemon [_thread_blocked, id=42716, stack(0x00000035b1300000,0x00000035b1400000)]
  0x000001dd9c41b9e0 JavaThread "Active Thread: Equinox Container: 5b7d7a3d-b6d7-4913-b7a6-7b69d84cc468" [_thread_blocked, id=45600, stack(0x00000035b1b00000,0x00000035b1c00000)]
  0x000001dd9b97d9a0 JavaThread "Framework Event Dispatcher: Equinox Container: 5b7d7a3d-b6d7-4913-b7a6-7b69d84cc468" daemon [_thread_blocked, id=47836, stack(0x00000035b1a00000,0x00000035b1b00000)]
  0x000001dd9c44eb90 JavaThread "Start Level: Equinox Container: 5b7d7a3d-b6d7-4913-b7a6-7b69d84cc468" daemon [_thread_in_native, id=45076, stack(0x00000035b1c00000,0x00000035b1d00000)]
  0x000001dd9b4d1a00 JavaThread "SCR Component Actor" daemon [_thread_blocked, id=46524, stack(0x00000035b1d00000,0x00000035b1e00000)]
  0x000001dd9af4a5a0 JavaThread "Timer-0" [_thread_blocked, id=32476, stack(0x00000035b2000000,0x00000035b2100000)]
  0x000001dd9b235880 JavaThread "Worker-JM" [_thread_blocked, id=44164, stack(0x00000035b2100000,0x00000035b2200000)]
  0x000001dd9b4b64a0 JavaThread "Worker-0" [_thread_blocked, id=46112, stack(0x00000035b2200000,0x00000035b2300000)]
  0x000001dd9c473930 JavaThread "Worker-1" [_thread_blocked, id=46140, stack(0x00000035b2300000,0x00000035b2400000)]

Other Threads:
  0x000001dd985bb220 VMThread "VM Thread" [stack: 0x00000035b0800000,0x00000035b0900000] [id=22476]
  0x000001dd9afad0a0 WatcherThread [stack: 0x00000035b1400000,0x00000035b1500000] [id=32824]
  0x000001dd82960e40 GCTaskThread "GC Thread#0" [stack: 0x00000035b0700000,0x00000035b0800000] [id=26452]
  0x000001dd9b5bf000 GCTaskThread "GC Thread#1" [stack: 0x00000035b1500000,0x00000035b1600000] [id=8004]
  0x000001dd9b4d5ca0 GCTaskThread "GC Thread#2" [stack: 0x00000035b1600000,0x00000035b1700000] [id=42204]
  0x000001dd9b4d5f50 GCTaskThread "GC Thread#3" [stack: 0x00000035b1700000,0x00000035b1800000] [id=42764]
  0x000001dd9b0bd4c0 GCTaskThread "GC Thread#4" [stack: 0x00000035b1800000,0x00000035b1900000] [id=32400]
  0x000001dd9b0bd770 GCTaskThread "GC Thread#5" [stack: 0x00000035b1900000,0x00000035b1a00000] [id=39500]
  0x000001dd9b5a78e0 GCTaskThread "GC Thread#6" [stack: 0x00000035b1e00000,0x00000035b1f00000] [id=31136]
  0x000001dd9b25bd30 GCTaskThread "GC Thread#7" [stack: 0x00000035b1f00000,0x00000035b2000000] [id=43116]

Threads with active compile tasks:
C2 CompilerThread0    12304 2178       4       org.objectweb.asm.ClassReader::readMethod (1052 bytes)

VM state: not at safepoint (normal execution)

VM Mutex/Monitor currently owned by a thread: None

Heap address: 0x00000000c0000000, size: 1024 MB, Compressed Oops mode: 32-bit

CDS archive(s) not mapped
Compressed class space mapped at: 0x0000000100000000-0x0000000140000000, reserved size: 1073741824
Narrow klass base: 0x0000000000000000, Narrow klass shift: 3, Narrow klass range: 0x140000000

GC Precious Log:
 CPUs: 8 total, 8 available
 Memory: 16262M
 Large Page Support: Disabled
 NUMA Support: Disabled
 Compressed Oops: Enabled (32-bit)
 Alignments: Space 512K, Generation 512K, Heap 2M
 Heap Min Capacity: 100M
 Heap Initial Capacity: 100M
 Heap Max Capacity: 1G
 Pre-touch: Disabled
 Parallel Workers: 8

Heap:
 PSYoungGen      total 27136K, used 6275K [0x00000000eab00000, 0x00000000eca80000, 0x0000000100000000)
  eden space 25088K, 17% used [0x00000000eab00000,0x00000000eaf42480,0x00000000ec380000)
  from space 2048K, 93% used [0x00000000ec400000,0x00000000ec5dea20,0x00000000ec600000)
  to   space 3584K, 0% used [0x00000000ec700000,0x00000000ec700000,0x00000000eca80000)
 ParOldGen       total 68608K, used 7500K [0x00000000c0000000, 0x00000000c4300000, 0x00000000eab00000)
  object space 68608K, 10% used [0x00000000c0000000,0x00000000c0753000,0x00000000c4300000)
 Metaspace       used 25531K, committed 25984K, reserved 1073152K
  class space    used 2483K, committed 2688K, reserved 1048576K

Card table byte_map: [0x000001dd95fa0000,0x000001dd961b0000] _byte_map_base: 0x000001dd959a0000

Marking Bits: (ParMarkBitMap*) 0x00007ff979713af0
 Begin Bits: [0x000001dd96310000, 0x000001dd97310000)
 End Bits:   [0x000001dd97310000, 0x000001dd98310000)

Polling page: 0x000001dd82a20000

Metaspace:

Usage:
  Non-class:     22.51 MB used.
      Class:      2.43 MB used.
       Both:     24.93 MB used.

Virtual space:
  Non-class space:       24.00 MB reserved,      22.75 MB ( 95%) committed,  3 nodes.
      Class space:        1.00 GB reserved,       2.62 MB ( <1%) committed,  1 nodes.
             Both:        1.02 GB reserved,      25.38 MB (  2%) committed. 

Chunk freelists:
   Non-Class:  368.00 KB
       Class:  1.42 MB
        Both:  1.78 MB

MaxMetaspaceSize: unlimited
CompressedClassSpaceSize: 1.00 GB
Initial GC threshold: 21.00 MB
Current GC threshold: 35.00 MB
CDS: off
MetaspaceReclaimPolicy: balanced
 - commit_granule_bytes: 65536.
 - commit_granule_words: 8192.
 - virtual_space_node_default_size: 1048576.
 - enlarge_chunks_in_place: 1.
 - new_chunks_are_fully_committed: 0.
 - uncommit_free_chunks: 1.
 - use_allocation_guard: 0.
 - handle_deallocations: 1.


Internal statistics:

num_allocs_failed_limit: 3.
num_arena_births: 134.
num_arena_deaths: 0.
num_vsnodes_births: 4.
num_vsnodes_deaths: 0.
num_space_committed: 406.
num_space_uncommitted: 0.
num_chunks_returned_to_freelist: 3.
num_chunks_taken_from_freelist: 762.
num_chunk_merges: 3.
num_chunk_splits: 541.
num_chunks_enlarged: 411.
num_purges: 0.
num_inconsistent_stats: 0.

CodeHeap 'non-profiled nmethods': size=120000Kb used=832Kb max_used=832Kb free=119167Kb
 bounds [0x000001dd8e890000, 0x000001dd8eb00000, 0x000001dd95dc0000]
CodeHeap 'profiled nmethods': size=120000Kb used=4340Kb max_used=4340Kb free=115659Kb
 bounds [0x000001dd87360000, 0x000001dd877a0000, 0x000001dd8e890000]
CodeHeap 'non-nmethods': size=5760Kb used=1221Kb max_used=1233Kb free=4538Kb
 bounds [0x000001dd86dc0000, 0x000001dd87030000, 0x000001dd87360000]
 total_blobs=2708 nmethods=2182 adapters=440
 compilation: enabled
              stopped_count=0, restarted_count=0
 full_count=0

Compilation events (20 events):
Event: 12.012 Thread 0x000001dd9ad04ac0 2172       3       org.objectweb.asm.MethodWriter::visitInsn (115 bytes)
Event: 12.012 Thread 0x000001dd9ad04ac0 nmethod 2172 0x000001dd87789810 code [0x000001dd877899e0, 0x000001dd87789e68]
Event: 12.012 Thread 0x000001dd9ad04ac0 2171       3       org.objectweb.asm.MethodVisitor::visitLineNumber (17 bytes)
Event: 12.012 Thread 0x000001dd9acfbfd0 nmethod 2167 0x000001dd8e95fe10 code [0x000001dd8e95ffa0, 0x000001dd8e960118]
Event: 12.012 Thread 0x000001dd9ad04ac0 nmethod 2171 0x000001dd8778a010 code [0x000001dd8778a1c0, 0x000001dd8778a3c8]
Event: 12.013 Thread 0x000001dd9ad04ac0 2174       3       org.objectweb.asm.MethodWriter::visitLineNumber (50 bytes)
Event: 12.013 Thread 0x000001dd9ad04ac0 nmethod 2174 0x000001dd8778a490 code [0x000001dd8778a660, 0x000001dd8778aa58]
Event: 12.019 Thread 0x000001dd9ad04ac0 2175       3       sun.net.www.protocol.file.Handler::parseURL (18 bytes)
Event: 12.020 Thread 0x000001dd9ad04ac0 nmethod 2175 0x000001dd8778ac10 code [0x000001dd8778adc0, 0x000001dd8778af78]
Event: 12.020 Thread 0x000001dd9ad04ac0 2176       3       java.net.URLStreamHandler::parseURL (1201 bytes)
Event: 12.025 Thread 0x000001dd9acfbfd0 2178       4       org.objectweb.asm.ClassReader::readMethod (1052 bytes)
Event: 12.050 Thread 0x000001dd9ad04ac0 nmethod 2176 0x000001dd8778b090 code [0x000001dd8778c1c0, 0x000001dd87796788]
Event: 12.050 Thread 0x000001dd9ad04ac0 2179       3       java.util.regex.Pattern$GroupTail::match (111 bytes)
Event: 12.051 Thread 0x000001dd9ad04ac0 nmethod 2179 0x000001dd8779a710 code [0x000001dd8779a8e0, 0x000001dd8779ac88]
Event: 12.051 Thread 0x000001dd9ad04ac0 2177       3       org.objectweb.asm.ClassReader::readLong (29 bytes)
Event: 12.051 Thread 0x000001dd9ad04ac0 nmethod 2177 0x000001dd8779ae90 code [0x000001dd8779b040, 0x000001dd8779b1f8]
Event: 12.114 Thread 0x000001dd9ad04ac0 2182       3       java.util.regex.Pattern$Branch::match (66 bytes)
Event: 12.115 Thread 0x000001dd9ad04ac0 nmethod 2182 0x000001dd8779b310 code [0x000001dd8779b4e0, 0x000001dd8779b9b8]
Event: 12.115 Thread 0x000001dd9ad04ac0 2183       3       java.util.regex.Pattern$BranchConn::match (11 bytes)
Event: 12.115 Thread 0x000001dd9ad04ac0 nmethod 2183 0x000001dd8779bb90 code [0x000001dd8779bd40, 0x000001dd8779bf08]

GC Heap History (12 events):
Event: 3.277 GC heap before
{Heap before GC invocations=1 (full 0):
 PSYoungGen      total 29696K, used 25600K [0x00000000eab00000, 0x00000000ecc00000, 0x0000000100000000)
  eden space 25600K, 100% used [0x00000000eab00000,0x00000000ec400000,0x00000000ec400000)
  from space 4096K, 0% used [0x00000000ec800000,0x00000000ec800000,0x00000000ecc00000)
  to   space 4096K, 0% used [0x00000000ec400000,0x00000000ec400000,0x00000000ec800000)
 ParOldGen       total 68608K, used 0K [0x00000000c0000000, 0x00000000c4300000, 0x00000000eab00000)
  object space 68608K, 0% used [0x00000000c0000000,0x00000000c0000000,0x00000000c4300000)
 Metaspace       used 9991K, committed 10176K, reserved 1064960K
  class space    used 1005K, committed 1088K, reserved 1048576K
}
Event: 3.286 GC heap after
{Heap after GC invocations=1 (full 0):
 PSYoungGen      total 29696K, used 2978K [0x00000000eab00000, 0x00000000ecc00000, 0x0000000100000000)
  eden space 25600K, 0% used [0x00000000eab00000,0x00000000eab00000,0x00000000ec400000)
  from space 4096K, 72% used [0x00000000ec400000,0x00000000ec6e88a0,0x00000000ec800000)
  to   space 4096K, 0% used [0x00000000ec800000,0x00000000ec800000,0x00000000ecc00000)
 ParOldGen       total 68608K, used 16K [0x00000000c0000000, 0x00000000c4300000, 0x00000000eab00000)
  object space 68608K, 0% used [0x00000000c0000000,0x00000000c0004000,0x00000000c4300000)
 Metaspace       used 9991K, committed 10176K, reserved 1064960K
  class space    used 1005K, committed 1088K, reserved 1048576K
}
Event: 7.832 GC heap before
{Heap before GC invocations=2 (full 0):
 PSYoungGen      total 29696K, used 28578K [0x00000000eab00000, 0x00000000ecc00000, 0x0000000100000000)
  eden space 25600K, 100% used [0x00000000eab00000,0x00000000ec400000,0x00000000ec400000)
  from space 4096K, 72% used [0x00000000ec400000,0x00000000ec6e88a0,0x00000000ec800000)
  to   space 4096K, 0% used [0x00000000ec800000,0x00000000ec800000,0x00000000ecc00000)
 ParOldGen       total 68608K, used 16K [0x00000000c0000000, 0x00000000c4300000, 0x00000000eab00000)
  object space 68608K, 0% used [0x00000000c0000000,0x00000000c0004000,0x00000000c4300000)
 Metaspace       used 14452K, committed 14656K, reserved 1064960K
  class space    used 1476K, committed 1536K, reserved 1048576K
}
Event: 7.839 GC heap after
{Heap after GC invocations=2 (full 0):
 PSYoungGen      total 29696K, used 4073K [0x00000000eab00000, 0x00000000ecc00000, 0x0000000100000000)
  eden space 25600K, 0% used [0x00000000eab00000,0x00000000eab00000,0x00000000ec400000)
  from space 4096K, 99% used [0x00000000ec800000,0x00000000ecbfa710,0x00000000ecc00000)
  to   space 4096K, 0% used [0x00000000ec400000,0x00000000ec400000,0x00000000ec800000)
 ParOldGen       total 68608K, used 336K [0x00000000c0000000, 0x00000000c4300000, 0x00000000eab00000)
  object space 68608K, 0% used [0x00000000c0000000,0x00000000c0054000,0x00000000c4300000)
 Metaspace       used 14452K, committed 14656K, reserved 1064960K
  class space    used 1476K, committed 1536K, reserved 1048576K
}
Event: 10.521 GC heap before
{Heap before GC invocations=3 (full 0):
 PSYoungGen      total 29696K, used 29673K [0x00000000eab00000, 0x00000000ecc00000, 0x0000000100000000)
  eden space 25600K, 100% used [0x00000000eab00000,0x00000000ec400000,0x00000000ec400000)
  from space 4096K, 99% used [0x00000000ec800000,0x00000000ecbfa710,0x00000000ecc00000)
  to   space 4096K, 0% used [0x00000000ec400000,0x00000000ec400000,0x00000000ec800000)
 ParOldGen       total 68608K, used 336K [0x00000000c0000000, 0x00000000c4300000, 0x00000000eab00000)
  object space 68608K, 0% used [0x00000000c0000000,0x00000000c0054000,0x00000000c4300000)
 Metaspace       used 20061K, committed 20416K, reserved 1073152K
  class space    used 2055K, committed 2240K, reserved 1048576K
}
Event: 10.527 GC heap after
{Heap after GC invocations=3 (full 0):
 PSYoungGen      total 29696K, used 4084K [0x00000000eab00000, 0x00000000ecc00000, 0x0000000100000000)
  eden space 25600K, 0% used [0x00000000eab00000,0x00000000eab00000,0x00000000ec400000)
  from space 4096K, 99% used [0x00000000ec400000,0x00000000ec7fd168,0x00000000ec800000)
  to   space 4096K, 0% used [0x00000000ec800000,0x00000000ec800000,0x00000000ecc00000)
 ParOldGen       total 68608K, used 2942K [0x00000000c0000000, 0x00000000c4300000, 0x00000000eab00000)
  object space 68608K, 4% used [0x00000000c0000000,0x00000000c02dfb20,0x00000000c4300000)
 Metaspace       used 20061K, committed 20416K, reserved 1073152K
  class space    used 2055K, committed 2240K, reserved 1048576K
}
Event: 11.015 GC heap before
{Heap before GC invocations=4 (full 0):
 PSYoungGen      total 29696K, used 10063K [0x00000000eab00000, 0x00000000ecc00000, 0x0000000100000000)
  eden space 25600K, 23% used [0x00000000eab00000,0x00000000eb0d6e88,0x00000000ec400000)
  from space 4096K, 99% used [0x00000000ec400000,0x00000000ec7fd168,0x00000000ec800000)
  to   space 4096K, 0% used [0x00000000ec800000,0x00000000ec800000,0x00000000ecc00000)
 ParOldGen       total 68608K, used 2942K [0x00000000c0000000, 0x00000000c4300000, 0x00000000eab00000)
  object space 68608K, 4% used [0x00000000c0000000,0x00000000c02dfb20,0x00000000c4300000)
 Metaspace       used 21148K, committed 21504K, reserved 1073152K
  class space    used 2163K, committed 2304K, reserved 1048576K
}
Event: 11.020 GC heap after
{Heap after GC invocations=4 (full 0):
 PSYoungGen      total 29696K, used 4066K [0x00000000eab00000, 0x00000000ecc00000, 0x0000000100000000)
  eden space 25600K, 0% used [0x00000000eab00000,0x00000000eab00000,0x00000000ec400000)
  from space 4096K, 99% used [0x00000000ec800000,0x00000000ecbf8990,0x00000000ecc00000)
  to   space 4096K, 0% used [0x00000000ec400000,0x00000000ec400000,0x00000000ec800000)
 ParOldGen       total 68608K, used 3643K [0x00000000c0000000, 0x00000000c4300000, 0x00000000eab00000)
  object space 68608K, 5% used [0x00000000c0000000,0x00000000c038ee08,0x00000000c4300000)
 Metaspace       used 21148K, committed 21504K, reserved 1073152K
  class space    used 2163K, committed 2304K, reserved 1048576K
}
Event: 11.025 GC heap before
{Heap before GC invocations=5 (full 1):
 PSYoungGen      total 29696K, used 4066K [0x00000000eab00000, 0x00000000ecc00000, 0x0000000100000000)
  eden space 25600K, 0% used [0x00000000eab00000,0x00000000eab00000,0x00000000ec400000)
  from space 4096K, 99% used [0x00000000ec800000,0x00000000ecbf8990,0x00000000ecc00000)
  to   space 4096K, 0% used [0x00000000ec400000,0x00000000ec400000,0x00000000ec800000)
 ParOldGen       total 68608K, used 3643K [0x00000000c0000000, 0x00000000c4300000, 0x00000000eab00000)
  object space 68608K, 5% used [0x00000000c0000000,0x00000000c038ee08,0x00000000c4300000)
 Metaspace       used 21148K, committed 21504K, reserved 1073152K
  class space    used 2163K, committed 2304K, reserved 1048576K
}
Event: 11.052 GC heap after
{Heap after GC invocations=5 (full 1):
 PSYoungGen      total 29696K, used 0K [0x00000000eab00000, 0x00000000ecc00000, 0x0000000100000000)
  eden space 25600K, 0% used [0x00000000eab00000,0x00000000eab00000,0x00000000ec400000)
  from space 4096K, 0% used [0x00000000ec800000,0x00000000ec800000,0x00000000ecc00000)
  to   space 4096K, 0% used [0x00000000ec400000,0x00000000ec400000,0x00000000ec800000)
 ParOldGen       total 68608K, used 7492K [0x00000000c0000000, 0x00000000c4300000, 0x00000000eab00000)
  object space 68608K, 10% used [0x00000000c0000000,0x00000000c0751000,0x00000000c4300000)
 Metaspace       used 21148K, committed 21504K, reserved 1073152K
  class space    used 2163K, committed 2304K, reserved 1048576K
}
Event: 12.020 GC heap before
{Heap before GC invocations=6 (full 1):
 PSYoungGen      total 29696K, used 25600K [0x00000000eab00000, 0x00000000ecc00000, 0x0000000100000000)
  eden space 25600K, 100% used [0x00000000eab00000,0x00000000ec400000,0x00000000ec400000)
  from space 4096K, 0% used [0x00000000ec800000,0x00000000ec800000,0x00000000ecc00000)
  to   space 4096K, 0% used [0x00000000ec400000,0x00000000ec400000,0x00000000ec800000)
 ParOldGen       total 68608K, used 7492K [0x00000000c0000000, 0x00000000c4300000, 0x00000000eab00000)
  object space 68608K, 10% used [0x00000000c0000000,0x00000000c0751000,0x00000000c4300000)
 Metaspace       used 24720K, committed 25152K, reserved 1073152K
  class space    used 2423K, committed 2624K, reserved 1048576K
}
Event: 12.022 GC heap after
{Heap after GC invocations=6 (full 1):
 PSYoungGen      total 27136K, used 1914K [0x00000000eab00000, 0x00000000eca80000, 0x0000000100000000)
  eden space 25088K, 0% used [0x00000000eab00000,0x00000000eab00000,0x00000000ec380000)
  from space 2048K, 93% used [0x00000000ec400000,0x00000000ec5dea20,0x00000000ec600000)
  to   space 3584K, 0% used [0x00000000ec700000,0x00000000ec700000,0x00000000eca80000)
 ParOldGen       total 68608K, used 7500K [0x00000000c0000000, 0x00000000c4300000, 0x00000000eab00000)
  object space 68608K, 10% used [0x00000000c0000000,0x00000000c0753000,0x00000000c4300000)
 Metaspace       used 24720K, committed 25152K, reserved 1073152K
  class space    used 2423K, committed 2624K, reserved 1048576K
}

Deoptimization events (20 events):
Event: 8.998 Thread 0x000001dd9c44eb90 Uncommon trap: trap_request=0xffffff45 fr.pc=0x000001dd8e8b8dc8 relative=0x0000000000000048
Event: 8.998 Thread 0x000001dd9c44eb90 Uncommon trap: reason=unstable_if action=reinterpret pc=0x000001dd8e8b8dc8 method=java.lang.CharacterData.of(I)Ljava/lang/CharacterData; @ 4 c2
Event: 8.998 Thread 0x000001dd9c44eb90 DEOPT PACKING pc=0x000001dd8e8b8dc8 sp=0x00000035b1cf7fd0
Event: 8.998 Thread 0x000001dd9c44eb90 DEOPT UNPACKING pc=0x000001dd86e120a3 sp=0x00000035b1cf7f68 mode 2
Event: 9.347 Thread 0x000001dd9c44eb90 Uncommon trap: trap_request=0xffffff45 fr.pc=0x000001dd8e8be6f8 relative=0x0000000000000c58
Event: 9.347 Thread 0x000001dd9c44eb90 Uncommon trap: reason=unstable_if action=reinterpret pc=0x000001dd8e8be6f8 method=lombok.patcher.PatchScript.classMatches(Ljava/lang/String;Ljava/util/Collection;)Z @ 25 c2
Event: 9.347 Thread 0x000001dd9c44eb90 DEOPT PACKING pc=0x000001dd8e8be6f8 sp=0x00000035b1cf6f10
Event: 9.347 Thread 0x000001dd9c44eb90 DEOPT UNPACKING pc=0x000001dd86e120a3 sp=0x00000035b1cf6ed0 mode 2
Event: 9.564 Thread 0x000001dd9c44eb90 Uncommon trap: trap_request=0xffffff45 fr.pc=0x000001dd8e9400f0 relative=0x0000000000000fb0
Event: 9.564 Thread 0x000001dd9c44eb90 Uncommon trap: reason=unstable_if action=reinterpret pc=0x000001dd8e9400f0 method=java.util.Properties.loadConvert([CIILjava/lang/StringBuilder;)Ljava/lang/String; @ 491 c2
Event: 9.564 Thread 0x000001dd9c44eb90 DEOPT PACKING pc=0x000001dd8e9400f0 sp=0x00000035b1cf7cc0
Event: 9.564 Thread 0x000001dd9c44eb90 DEOPT UNPACKING pc=0x000001dd86e120a3 sp=0x00000035b1cf7cb0 mode 2
Event: 10.230 Thread 0x000001dd9c44eb90 Uncommon trap: trap_request=0xffffff45 fr.pc=0x000001dd8e910340 relative=0x0000000000000040
Event: 10.230 Thread 0x000001dd9c44eb90 Uncommon trap: reason=unstable_if action=reinterpret pc=0x000001dd8e910340 method=sun.nio.fs.WindowsPathParser.isSlash(C)Z @ 9 c2
Event: 10.230 Thread 0x000001dd9c44eb90 DEOPT PACKING pc=0x000001dd8e910340 sp=0x00000035b1cf91b0
Event: 10.230 Thread 0x000001dd9c44eb90 DEOPT UNPACKING pc=0x000001dd86e120a3 sp=0x00000035b1cf9138 mode 2
Event: 11.166 Thread 0x000001dd9c44eb90 Uncommon trap: trap_request=0xffffff45 fr.pc=0x000001dd8e955108 relative=0x00000000000006c8
Event: 11.166 Thread 0x000001dd9c44eb90 Uncommon trap: reason=unstable_if action=reinterpret pc=0x000001dd8e955108 method=org.objectweb.asm.ClassReader.readUTF8(I[C)Ljava/lang/String; @ 11 c2
Event: 11.166 Thread 0x000001dd9c44eb90 DEOPT PACKING pc=0x000001dd8e955108 sp=0x00000035b1cef5c0
Event: 11.166 Thread 0x000001dd9c44eb90 DEOPT UNPACKING pc=0x000001dd86e120a3 sp=0x00000035b1cef588 mode 2

Classes unloaded (0 events):
No events

Classes redefined (0 events):
No events

Internal exceptions (20 events):
Event: 3.192 Thread 0x000001dd8294b190 Implicit null exception at 0x000001dd8e8d7e6c to 0x000001dd8e8d8054
Event: 3.192 Thread 0x000001dd8294b190 Implicit null exception at 0x000001dd8e8cea8f to 0x000001dd8e8ceb09
Event: 3.388 Thread 0x000001dd8294b190 Exception <a 'java/lang/NoSuchMethodError'{0x00000000eac7bf60}: 'int java.lang.invoke.DirectMethodHandle$Holder.invokeStaticInit(java.lang.Object, java.lang.Object, java.lang.Object, java.lang.Object)'> (0x00000000eac7bf60) 
thrown [e:\jenkins\tmp\workspace\build\src\src\hotspot\share\interpreter\linkResolver.cpp, line 766]
Event: 3.390 Thread 0x000001dd8294b190 Exception <a 'java/lang/NoSuchMethodError'{0x00000000eac866d8}: 'java.lang.Object java.lang.invoke.DirectMethodHandle$Holder.invokeInterface(java.lang.Object, java.lang.Object)'> (0x00000000eac866d8) 
thrown [e:\jenkins\tmp\workspace\build\src\src\hotspot\share\interpreter\linkResolver.cpp, line 766]
Event: 3.391 Thread 0x000001dd8294b190 Exception <a 'java/lang/IncompatibleClassChangeError'{0x00000000eac89ed0}: Found class java.lang.Object, but interface was expected> (0x00000000eac89ed0) 
thrown [e:\jenkins\tmp\workspace\build\src\src\hotspot\share\interpreter\linkResolver.cpp, line 833]
Event: 3.392 Thread 0x000001dd8294b190 Exception <a 'java/lang/NoSuchMethodError'{0x00000000eac8f870}: 'void java.lang.invoke.DirectMethodHandle$Holder.invokeStatic(java.lang.Object, java.lang.Object)'> (0x00000000eac8f870) 
thrown [e:\jenkins\tmp\workspace\build\src\src\hotspot\share\interpreter\linkResolver.cpp, line 766]
Event: 3.393 Thread 0x000001dd8294b190 Exception <a 'java/lang/NoSuchMethodError'{0x00000000eac93070}: 'void java.lang.invoke.DirectMethodHandle$Holder.invokeStaticInit(java.lang.Object, java.lang.Object)'> (0x00000000eac93070) 
thrown [e:\jenkins\tmp\workspace\build\src\src\hotspot\share\interpreter\linkResolver.cpp, line 766]
Event: 3.394 Thread 0x000001dd8294b190 Exception <a 'java/lang/NoSuchMethodError'{0x00000000eac9ba30}: 'int java.lang.invoke.DirectMethodHandle$Holder.invokeStaticInit(java.lang.Object, java.lang.Object)'> (0x00000000eac9ba30) 
thrown [e:\jenkins\tmp\workspace\build\src\src\hotspot\share\interpreter\linkResolver.cpp, line 766]
Event: 3.468 Thread 0x000001dd8294b190 Exception <a 'java/lang/NoSuchMethodError'{0x00000000ead75e48}: 'java.lang.Object java.lang.invoke.DirectMethodHandle$Holder.invokeStaticInit(java.lang.Object, int, int, int, int)'> (0x00000000ead75e48) 
thrown [e:\jenkins\tmp\workspace\build\src\src\hotspot\share\interpreter\linkResolver.cpp, line 766]
Event: 3.820 Thread 0x000001dd8294b190 Exception <a 'java/lang/NoSuchMethodError'{0x00000000eaeb08a0}: 'java.lang.Object java.lang.invoke.DirectMethodHandle$Holder.invokeStaticInit(java.lang.Object, java.lang.Object, int, int, int, int)'> (0x00000000eaeb08a0) 
thrown [e:\jenkins\tmp\workspace\build\src\src\hotspot\share\interpreter\linkResolver.cpp, line 766]
Event: 3.902 Thread 0x000001dd8294b190 Exception <a 'java/lang/NoSuchMethodError'{0x00000000eaf67578}: 'void java.lang.invoke.DirectMethodHandle$Holder.invokeSpecial(java.lang.Object, java.lang.Object, java.lang.Object)'> (0x00000000eaf67578) 
thrown [e:\jenkins\tmp\workspace\build\src\src\hotspot\share\interpreter\linkResolver.cpp, line 766]
Event: 4.589 Thread 0x000001dd8294b190 Exception <a 'java/lang/NoSuchMethodError'{0x00000000eba94280}: 'java.lang.Object java.lang.invoke.DirectMethodHandle$Holder.newInvokeSpecial(java.lang.Object, int, java.lang.Object)'> (0x00000000eba94280) 
thrown [e:\jenkins\tmp\workspace\build\src\src\hotspot\share\interpreter\linkResolver.cpp, line 766]
Event: 7.373 Thread 0x000001dd8294b190 Exception <a 'java/lang/UnsatisfiedLinkError'{0x00000000ebf21dd0}: 'void org.eclipse.equinox.launcher.JNIBridge._update_splash()'> (0x00000000ebf21dd0) 
thrown [e:\jenkins\tmp\workspace\build\src\src\hotspot\share\prims\nativeLookup.cpp, line 543]
Event: 7.664 Thread 0x000001dd9c44eb90 Exception <a 'java/lang/NoSuchMethodError'{0x00000000ec1f6528}: 'java.lang.Object java.lang.invoke.DirectMethodHandle$Holder.invokeStaticInit(java.lang.Object)'> (0x00000000ec1f6528) 
thrown [e:\jenkins\tmp\workspace\build\src\src\hotspot\share\interpreter\linkResolver.cpp, line 766]
Event: 8.196 Thread 0x000001dd9c44eb90 Exception <a 'java/io/FileNotFoundException'{0x00000000eb19a8f0}> (0x00000000eb19a8f0) 
thrown [e:\jenkins\tmp\workspace\build\src\src\hotspot\share\prims\jni.cpp, line 516]
Event: 9.079 Thread 0x000001dd9c44eb90 Exception <a 'java/lang/NoSuchMethodError'{0x00000000eb9ed4d8}: 'void java.lang.invoke.DirectMethodHandle$Holder.invokeInterface(java.lang.Object, java.lang.Object, java.lang.Object)'> (0x00000000eb9ed4d8) 
thrown [e:\jenkins\tmp\workspace\build\src\src\hotspot\share\interpreter\linkResolver.cpp, line 766]
Event: 9.342 Thread 0x000001dd9c44eb90 Exception <a 'java/lang/NoSuchMethodError'{0x00000000ebcc5100}: 'java.lang.Object java.lang.invoke.Invokers$Holder.invokeExact_MT(java.lang.Object, java.lang.Object, java.lang.Object, java.lang.Object, java.lang.Object, java.lang.Object)'> (0x00000000ebcc5100) 
thrown [e:\jenkins\tmp\workspace\build\src\src\hotspot\share\interpreter\linkResolver.cpp, line 766]
Event: 9.551 Thread 0x000001dd9c44eb90 Exception <a 'java/io/FileNotFoundException'{0x00000000ebe5bf78}> (0x00000000ebe5bf78) 
thrown [e:\jenkins\tmp\workspace\build\src\src\hotspot\share\prims\jni.cpp, line 516]
Event: 10.713 Thread 0x000001dd9c44eb90 Exception <a 'java/lang/NoSuchMethodError'{0x00000000eac9e4d0}: 'int java.lang.invoke.DirectMethodHandle$Holder.invokeStaticInit(java.lang.Object, java.lang.Object, java.lang.Object)'> (0x00000000eac9e4d0) 
thrown [e:\jenkins\tmp\workspace\build\src\src\hotspot\share\interpreter\linkResolver.cpp, line 766]
Event: 10.725 Thread 0x000001dd9c44eb90 Exception <a 'java/lang/IncompatibleClassChangeError'{0x00000000ead0f8f8}: Found class java.lang.Object, but interface was expected> (0x00000000ead0f8f8) 
thrown [e:\jenkins\tmp\workspace\build\src\src\hotspot\share\interpreter\linkResolver.cpp, line 833]

VM Operations (20 events):
Event: 7.733 Executing VM operation: HandshakeAllThreads
Event: 7.733 Executing VM operation: HandshakeAllThreads done
Event: 7.832 Executing VM operation: ParallelGCFailedAllocation
Event: 7.840 Executing VM operation: ParallelGCFailedAllocation done
Event: 8.842 Executing VM operation: HandshakeAllThreads
Event: 8.842 Executing VM operation: HandshakeAllThreads done
Event: 8.842 Executing VM operation: Cleanup
Event: 8.842 Executing VM operation: Cleanup done
Event: 9.002 Executing VM operation: HandshakeAllThreads
Event: 9.002 Executing VM operation: HandshakeAllThreads done
Event: 9.008 Executing VM operation: HandshakeAllThreads
Event: 9.008 Executing VM operation: HandshakeAllThreads done
Event: 10.007 Executing VM operation: Cleanup
Event: 10.007 Executing VM operation: Cleanup done
Event: 10.521 Executing VM operation: ParallelGCFailedAllocation
Event: 10.527 Executing VM operation: ParallelGCFailedAllocation done
Event: 11.015 Executing VM operation: CollectForMetadataAllocation
Event: 11.052 Executing VM operation: CollectForMetadataAllocation done
Event: 12.020 Executing VM operation: ParallelGCFailedAllocation
Event: 12.022 Executing VM operation: ParallelGCFailedAllocation done

Events (20 events):
Event: 10.908 loading class java/util/concurrent/ExecutionException done
Event: 10.960 loading class java/io/StringReader
Event: 10.960 loading class java/io/StringReader done
Event: 10.985 loading class java/net/SocketTimeoutException
Event: 10.989 loading class java/io/InterruptedIOException
Event: 10.989 loading class java/io/InterruptedIOException done
Event: 10.989 loading class java/net/SocketTimeoutException done
Event: 10.989 loading class java/net/SocketException
Event: 10.989 loading class java/net/SocketException done
Event: 10.989 loading class java/net/UnknownHostException
Event: 10.989 loading class java/net/UnknownHostException done
Event: 10.989 loading class java/net/ProtocolException
Event: 10.991 loading class java/net/ProtocolException done
Event: 11.066 Thread 0x000001dd9c473930 Thread added: 0x000001dd9c473930
Event: 11.130 Thread 0x000001dd9b72b230 Thread added: 0x000001dd9b72b230
Event: 11.286 loading class java/io/FileWriter
Event: 11.287 loading class java/io/FileWriter done
Event: 11.298 loading class java/lang/NegativeArraySizeException
Event: 11.298 loading class java/lang/NegativeArraySizeException done
Event: 11.473 Thread 0x000001dd9b72b230 Thread exited: 0x000001dd9b72b230


Dynamic libraries:
0x00007ff69acf0000 - 0x00007ff69acfe000 	c:\Users\vumin\.vscode\extensions\redhat.java-1.4.0\jre\17.0.2-win32-x86_64\bin\java.exe
0x00007ff9c37d0000 - 0x00007ff9c39c5000 	C:\WINDOWS\SYSTEM32\ntdll.dll
0x00007ff9c2a70000 - 0x00007ff9c2b2e000 	C:\WINDOWS\System32\KERNEL32.DLL
0x00007ff9c0fd0000 - 0x00007ff9c1298000 	C:\WINDOWS\System32\KERNELBASE.dll
0x00007ff9c1730000 - 0x00007ff9c1830000 	C:\WINDOWS\System32\ucrtbase.dll
0x00007ff9b5740000 - 0x00007ff9b5758000 	c:\Users\vumin\.vscode\extensions\redhat.java-1.4.0\jre\17.0.2-win32-x86_64\bin\jli.dll
0x00007ff9c28d0000 - 0x00007ff9c2a70000 	C:\WINDOWS\System32\USER32.dll
0x00007ff9c1700000 - 0x00007ff9c1722000 	C:\WINDOWS\System32\win32u.dll
0x00007ff9c2770000 - 0x00007ff9c279b000 	C:\WINDOWS\System32\GDI32.dll
0x00007ff9c14d0000 - 0x00007ff9c15db000 	C:\WINDOWS\System32\gdi32full.dll
0x00007ff9c12a0000 - 0x00007ff9c133d000 	C:\WINDOWS\System32\msvcp_win.dll
0x00007ff9aa670000 - 0x00007ff9aa90a000 	C:\WINDOWS\WinSxS\amd64_microsoft.windows.common-controls_6595b64144ccf1df_6.0.19041.1110_none_60b5254171f9507e\COMCTL32.dll
0x00007ff9c26d0000 - 0x00007ff9c276e000 	C:\WINDOWS\System32\msvcrt.dll
0x00007ff9b5130000 - 0x00007ff9b5149000 	c:\Users\vumin\.vscode\extensions\redhat.java-1.4.0\jre\17.0.2-win32-x86_64\bin\VCRUNTIME140.dll
0x00007ff9c2340000 - 0x00007ff9c2370000 	C:\WINDOWS\System32\IMM32.DLL
0x00007ff9baa60000 - 0x00007ff9baa6c000 	c:\Users\vumin\.vscode\extensions\redhat.java-1.4.0\jre\17.0.2-win32-x86_64\bin\vcruntime140_1.dll
0x00007ff98a5a0000 - 0x00007ff98a631000 	c:\Users\vumin\.vscode\extensions\redhat.java-1.4.0\jre\17.0.2-win32-x86_64\bin\msvcp140.dll
0x00007ff978b90000 - 0x00007ff9797d7000 	c:\Users\vumin\.vscode\extensions\redhat.java-1.4.0\jre\17.0.2-win32-x86_64\bin\server\jvm.dll
0x00007ff9c35a0000 - 0x00007ff9c364e000 	C:\WINDOWS\System32\ADVAPI32.dll
0x00007ff9c24a0000 - 0x00007ff9c253c000 	C:\WINDOWS\System32\sechost.dll
0x00007ff9c27a0000 - 0x00007ff9c28c5000 	C:\WINDOWS\System32\RPCRT4.dll
0x00007ff9c22a0000 - 0x00007ff9c22a8000 	C:\WINDOWS\System32\PSAPI.DLL
0x00007ff9aa420000 - 0x00007ff9aa429000 	C:\WINDOWS\SYSTEM32\WSOCK32.dll
0x00007ff9a6af0000 - 0x00007ff9a6b17000 	C:\WINDOWS\SYSTEM32\WINMM.dll
0x00007ff9b62e0000 - 0x00007ff9b62ea000 	C:\WINDOWS\SYSTEM32\VERSION.dll
0x00007ff9c2c50000 - 0x00007ff9c2cbb000 	C:\WINDOWS\System32\WS2_32.dll
0x00007ff9bf7a0000 - 0x00007ff9bf7b2000 	C:\WINDOWS\SYSTEM32\kernel.appcore.dll
0x00007ff9ba9a0000 - 0x00007ff9ba9aa000 	c:\Users\vumin\.vscode\extensions\redhat.java-1.4.0\jre\17.0.2-win32-x86_64\bin\jimage.dll
0x00007ff9becb0000 - 0x00007ff9bee94000 	C:\WINDOWS\SYSTEM32\DBGHELP.DLL
0x00007ff9a6f60000 - 0x00007ff9a6f8c000 	C:\WINDOWS\SYSTEM32\dbgcore.DLL
0x00007ff9c0ef0000 - 0x00007ff9c0f72000 	C:\WINDOWS\System32\bcryptPrimitives.dll
0x00007ff9b8530000 - 0x00007ff9b853e000 	c:\Users\vumin\.vscode\extensions\redhat.java-1.4.0\jre\17.0.2-win32-x86_64\bin\instrument.dll
0x00007ff9a7f90000 - 0x00007ff9a7fb5000 	c:\Users\vumin\.vscode\extensions\redhat.java-1.4.0\jre\17.0.2-win32-x86_64\bin\java.dll
0x00007ff9ac0f0000 - 0x00007ff9ac108000 	c:\Users\vumin\.vscode\extensions\redhat.java-1.4.0\jre\17.0.2-win32-x86_64\bin\zip.dll
0x00007ff9c2e50000 - 0x00007ff9c3594000 	C:\WINDOWS\System32\SHELL32.dll
0x00007ff9beea0000 - 0x00007ff9bf634000 	C:\WINDOWS\SYSTEM32\windows.storage.dll
0x00007ff9c1e80000 - 0x00007ff9c21d4000 	C:\WINDOWS\System32\combase.dll
0x00007ff9c0870000 - 0x00007ff9c089c000 	C:\WINDOWS\SYSTEM32\Wldp.dll
0x00007ff9c2540000 - 0x00007ff9c25ed000 	C:\WINDOWS\System32\SHCORE.dll
0x00007ff9c2df0000 - 0x00007ff9c2e45000 	C:\WINDOWS\System32\shlwapi.dll
0x00007ff9c0e30000 - 0x00007ff9c0e4f000 	C:\WINDOWS\SYSTEM32\profapi.dll
0x00007ff9a9fa0000 - 0x00007ff9a9fb9000 	C:\Users\vumin\.vscode\extensions\redhat.java-1.4.0\jre\17.0.2-win32-x86_64\bin\net.dll
0x00007ff9ac380000 - 0x00007ff9ac489000 	C:\WINDOWS\SYSTEM32\WINHTTP.dll
0x00007ff9c0650000 - 0x00007ff9c06ba000 	C:\WINDOWS\system32\mswsock.dll
0x00007ff9a7f00000 - 0x00007ff9a7f15000 	C:\Users\vumin\.vscode\extensions\redhat.java-1.4.0\jre\17.0.2-win32-x86_64\bin\nio.dll
0x00007ff9b8060000 - 0x00007ff9b8070000 	c:\Users\vumin\.vscode\extensions\redhat.java-1.4.0\jre\17.0.2-win32-x86_64\bin\verify.dll
0x00007ff9c08b0000 - 0x00007ff9c08c8000 	C:\WINDOWS\SYSTEM32\CRYPTSP.dll
0x00007ff9bff80000 - 0x00007ff9bffb4000 	C:\WINDOWS\system32\rsaenh.dll
0x00007ff9c1340000 - 0x00007ff9c1367000 	C:\WINDOWS\System32\bcrypt.dll
0x00007ff9c0df0000 - 0x00007ff9c0e1e000 	C:\WINDOWS\SYSTEM32\USERENV.dll
0x00007ff9c07e0000 - 0x00007ff9c07ec000 	C:\WINDOWS\SYSTEM32\CRYPTBASE.dll
0x00007ff9c0310000 - 0x00007ff9c034b000 	C:\WINDOWS\SYSTEM32\IPHLPAPI.DLL
0x00007ff9c1a00000 - 0x00007ff9c1a08000 	C:\WINDOWS\System32\NSI.dll
0x00007ff9b5720000 - 0x00007ff9b5737000 	C:\WINDOWS\SYSTEM32\dhcpcsvc6.DLL
0x00007ff9b6950000 - 0x00007ff9b696d000 	C:\WINDOWS\SYSTEM32\dhcpcsvc.DLL
0x00007ff9c0350000 - 0x00007ff9c041a000 	C:\WINDOWS\SYSTEM32\DNSAPI.dll
0x00007ff9a7ea0000 - 0x00007ff9a7ede000 	C:\Users\vumin\AppData\Roaming\Code\User\globalStorage\redhat.java\1.4.0\config_ss_win\org.eclipse.equinox.launcher\org.eclipse.equinox.launcher.win32.win32.x86_64_1.2.400.v20211117-0650\eclipse_11602.dll
0x00007ff9c2cc0000 - 0x00007ff9c2dea000 	C:\WINDOWS\System32\ole32.dll

dbghelp: loaded successfully - version: 4.0.5 - missing functions: none
symbol engine: initialized successfully - sym options: 0x614 - pdb path: .;c:\Users\vumin\.vscode\extensions\redhat.java-1.4.0\jre\17.0.2-win32-x86_64\bin;C:\WINDOWS\SYSTEM32;C:\WINDOWS\WinSxS\amd64_microsoft.windows.common-controls_6595b64144ccf1df_6.0.19041.1110_none_60b5254171f9507e;c:\Users\vumin\.vscode\extensions\redhat.java-1.4.0\jre\17.0.2-win32-x86_64\bin\server;C:\Users\vumin\AppData\Roaming\Code\User\globalStorage\redhat.java\1.4.0\config_ss_win\org.eclipse.equinox.launcher\org.eclipse.equinox.launcher.win32.win32.x86_64_1.2.400.v20211117-0650

VM Arguments:
jvm_args: --add-modules=ALL-SYSTEM --add-opens=java.base/java.util=ALL-UNNAMED --add-opens=java.base/java.lang=ALL-UNNAMED --add-opens=java.base/sun.nio.fs=ALL-UNNAMED -Declipse.application=org.eclipse.jdt.ls.core.id1 -Dosgi.bundles.defaultStartLevel=4 -Declipse.product=org.eclipse.jdt.ls.core.product -Djava.import.generatesMetadataFilesAtProjectRoot=false -Dfile.encoding=utf8 -DwatchParentProcess=false -XX:+UseParallelGC -XX:GCTimeRatio=4 -XX:AdaptiveSizePolicyWeight=90 -Dsun.zip.disableMemoryMapping=true -Xmx1G -Xms100m -javaagent:c:\Users\vumin\.vscode\extensions\gabrielbb.vscode-lombok-1.0.1\server\lombok.jar 
java_command: c:\Users\vumin\.vscode\extensions\redhat.java-1.4.0\server\plugins\org.eclipse.equinox.launcher_1.6.400.v20210924-0641.jar -configuration c:\Users\vumin\AppData\Roaming\Code\User\globalStorage\redhat.java\1.4.0\config_ss_win -data c:\Users\vumin\AppData\Roaming\Code\User\workspaceStorage\ac0b4f1463132408acbd1f27264bd6b2\redhat.java\ss_ws
java_class_path (initial): c:\Users\vumin\.vscode\extensions\redhat.java-1.4.0\server\plugins\org.eclipse.equinox.launcher_1.6.400.v20210924-0641.jar
Launcher Type: SUN_STANDARD

[Global flags]
    uintx AdaptiveSizePolicyWeight                 = 90                                        {product} {command line}
     intx CICompilerCount                          = 4                                         {product} {ergonomic}
    uintx GCTimeRatio                              = 4                                         {product} {command line}
   size_t InitialHeapSize                          = 104857600                                 {product} {command line}
   size_t MaxHeapSize                              = 1073741824                                {product} {command line}
   size_t MaxNewSize                               = 357564416                                 {product} {ergonomic}
   size_t MinHeapDeltaBytes                        = 524288                                    {product} {ergonomic}
   size_t MinHeapSize                              = 104857600                                 {product} {command line}
   size_t NewSize                                  = 34603008                                  {product} {ergonomic}
    uintx NonNMethodCodeHeapSize                   = 5839372                                {pd product} {ergonomic}
    uintx NonProfiledCodeHeapSize                  = 122909434                              {pd product} {ergonomic}
   size_t OldSize                                  = 70254592                                  {product} {ergonomic}
    uintx ProfiledCodeHeapSize                     = 122909434                              {pd product} {ergonomic}
    uintx ReservedCodeCacheSize                    = 251658240                              {pd product} {ergonomic}
     bool SegmentedCodeCache                       = true                                      {product} {ergonomic}
   size_t SoftMaxHeapSize                          = 1073741824                             {manageable} {ergonomic}
     bool UseCompressedClassPointers               = true                           {product lp64_product} {ergonomic}
     bool UseCompressedOops                        = true                           {product lp64_product} {ergonomic}
     bool UseLargePagesIndividualAllocation        = false                                  {pd product} {ergonomic}
     bool UseParallelGC                            = true                                      {product} {command line}

Logging:
Log output configuration:
 #0: stdout all=warning uptime,level,tags
 #1: stderr all=off uptime,level,tags

Environment Variables:
JAVA_HOME=C:\jdk1.8.0_291
PATH=D:\Oracle19c\bin;C:\Python39\Scripts\;C:\Python39\;D:\VTBDB\bin;C:\app\KienVu\virtual\virtual\product\12.2.0\dbhome_1\bin;C:\app\KienVu\product\12.2.0\dbhome_1\bin;C:\Users\vumin\Downloads\WINDOWS.X64_193000_db_home\bin;C:\WINDOWS\system32;C:\WINDOWS;C:\WINDOWS\System32\Wbem;C:\WINDOWS\System32\WindowsPowerShell\v1.0\;C:\WINDOWS\System32\OpenSSH\;C:\Program Files\Java\jdk1.8.0_291\bin;C:\Program Files\TortoiseSVN\bin;C:\Program Files\Git\cmd;D:\apache-ant-1.8.0\bin;C:\wls12213\user_projects\domains\vbcms;C:\ProgramData\chocolatey\bin;C:\Program Files\nodejs\;C:\Program Files\Docker\Docker\resources\bin;C:\ProgramData\DockerDesktop\version-bin;G:\UTREND\Program Files\PostgreSQL\13\bin;C:\Program Files\MySQL\MySQL Shell 8.0\bin\;C:\Users\vumin\AppData\Local\Microsoft\WindowsApps;C:\Program Files\JetBrains\WebStorm 2021.2.1\bin;;C:\Users\vumin\AppData\Roaming\npm;G:\UTREND\Program Files\PostgreSQL\13\bin;C:\Program Files\JetBrains\IntelliJ IDEA 2019.2.3\bin;;C:\Program Files\JetBrains\PyCharm Community Edition 2021.2.3\bin;;C:\Users\vumin\AppData\Local\Programs\Python\Python36-32\Scripts;c:\python39\lib\site-packages;;C:\Users\vumin\AppData\Local\Programs\Microsoft VS Code\bin
USERNAME=KienVu
OS=Windows_NT
PROCESSOR_IDENTIFIER=Intel64 Family 6 Model 142 Stepping 10, GenuineIntel



---------------  S Y S T E M  ---------------

OS:
 Windows 10 , 64 bit Build 19041 (10.0.19041.1566)
OS uptime: 7 days 3:12 hours
Hyper-V role detected

CPU: total 8 (initial active 8) (4 cores per cpu, 2 threads per core) family 6 model 142 stepping 10 microcode 0xd6, cx8, cmov, fxsr, ht, mmx, 3dnowpref, sse, sse2, sse3, ssse3, sse4.1, sse4.2, popcnt, lzcnt, tsc, tscinvbit, avx, avx2, aes, erms, clmul, bmi1, bmi2, rtm, adx, fma, vzeroupper, clflush, clflushopt, hv

Memory: 4k page, system-wide physical 16262M (1159M free)
TotalPageFile size 34205M (AvailPageFile size 8M)
current process WorkingSet (physical memory assigned to process): 120M, peak: 120M
current process commit charge ("private bytes"): 227M, peak: 228M

vm_info: OpenJDK 64-Bit Server VM (17.0.2+8) for windows-amd64 JRE (17.0.2+8), built on Jan 20 2022 04:52:34 by "" with MS VC++ 16.7 (VS2019)

END.
