#
# There is insufficient memory for the Java Runtime Environment to continue.
# Native memory allocation (malloc) failed to allocate 861456 bytes for Chunk::new
# Possible reasons:
#   The system is out of physical RAM or swap space
#   The process is running with CompressedOops enabled, and the Java Heap may be blocking the growth of the native heap
# Possible solutions:
#   Reduce memory load on the system
#   Increase physical memory or swap space
#   Check if swap backing store is full
#   Decrease Java heap size (-Xmx/-Xms)
#   Decrease number of Java threads
#   Decrease Java thread stack sizes (-Xss)
#   Set larger code cache with -XX:ReservedCodeCacheSize=
#   JVM is running with Unscaled Compressed Oops mode in which the Java heap is
#     placed in the first 4GB address space. The Java Heap base address is the
#     maximum limit for the native heap growth. Please use -XX:HeapBaseMinAddress
#     to set the Java Heap base and to place the Java Heap above 4GB virtual address.
# This output file may be truncated or incomplete.
#
#  Out of Memory Error (arena.cpp:189), pid=33256, tid=32984
#
# JRE version: OpenJDK Runtime Environment Temurin-17.0.3+7 (17.0.3+7) (build 17.0.3+7)
# Java VM: OpenJDK 64-Bit Server VM Temurin-17.0.3+7 (17.0.3+7, mixed mode, tiered, compressed oops, compressed class ptrs, parallel gc, windows-amd64)
# No core dump will be written. Minidumps are not enabled by default on client versions of Windows
#

---------------  S U M M A R Y ------------

Command Line: --add-modules=ALL-SYSTEM --add-opens=java.base/java.util=ALL-UNNAMED --add-opens=java.base/java.lang=ALL-UNNAMED --add-opens=java.base/sun.nio.fs=ALL-UNNAMED -Declipse.application=org.eclipse.jdt.ls.core.id1 -Dosgi.bundles.defaultStartLevel=4 -Declipse.product=org.eclipse.jdt.ls.core.product -Djava.import.generatesMetadataFilesAtProjectRoot=false -Dfile.encoding=utf8 -DwatchParentProcess=false -XX:+UseParallelGC -XX:GCTimeRatio=4 -XX:AdaptiveSizePolicyWeight=90 -Dsun.zip.disableMemoryMapping=true -Xmx1G -Xms100m -javaagent:C:\Users\vumin\.m2\repository\org\projectlombok\lombok\1.18.24\lombok-1.18.24.jar -XX:+HeapDumpOnOutOfMemoryError -XX:HeapDumpPath=c:\Users\vumin\AppData\Roaming\Code\User\workspaceStorage\ac0b4f1463132408acbd1f27264bd6b2\redhat.java c:\Users\vumin\.vscode\extensions\redhat.java-1.8.0-win32-x64\server\plugins\org.eclipse.equinox.launcher_1.6.400.v20210924-0641.jar -configuration c:\Users\vumin\AppData\Roaming\Code\User\globalStorage\redhat.java\1.8.0\config_win -data c:\Users\vumin\AppData\Roaming\Code\User\workspaceStorage\ac0b4f1463132408acbd1f27264bd6b2\redhat.java\jdt_ws

Host: Intel(R) Core(TM) i7-8650U CPU @ 1.90GHz, 8 cores, 15G,  Windows 10 , 64 bit Build 19041 (10.0.19041.1806)
Time: Wed Jul 20 13:21:31 2022 SE Asia Standard Time elapsed time: 40.883600 seconds (0d 0h 0m 40s)

---------------  T H R E A D  ---------------

Current thread (0x000002e4ca4b5960):  JavaThread "C2 CompilerThread2" daemon [_thread_in_native, id=32984, stack(0x000000ed76e00000,0x000000ed76f00000)]


Current CompileTask:
C2:  40883 9235       4       org.eclipse.jdt.internal.compiler.parser.Parser::consumeToken (2283 bytes)

Stack: [0x000000ed76e00000,0x000000ed76f00000]
Native frames: (J=compiled Java code, j=interpreted, Vv=VM code, C=native code)
V  [jvm.dll+0x675efa]
V  [jvm.dll+0x830a24]
V  [jvm.dll+0x8321ce]
V  [jvm.dll+0x832833]
V  [jvm.dll+0x2454b5]
V  [jvm.dll+0xabd7b]
V  [jvm.dll+0xac30c]
V  [jvm.dll+0x3635d2]
V  [jvm.dll+0x32dca1]
V  [jvm.dll+0x32d14a]
V  [jvm.dll+0x218361]
V  [jvm.dll+0x217781]
V  [jvm.dll+0x1a3ccd]
V  [jvm.dll+0x227178]
V  [jvm.dll+0x2252bc]
V  [jvm.dll+0x7e673b]
V  [jvm.dll+0x7e0cfa]
V  [jvm.dll+0x674d85]
C  [ucrtbase.dll+0x21bb2]
C  [KERNEL32.DLL+0x17034]
C  [ntdll.dll+0x52651]


---------------  P R O C E S S  ---------------

Threads class SMR info:
_java_thread_list=0x000002e4ca328240, length=30, elements={
0x000002e4ae5e2d10, 0x000002e4c2463890, 0x000002e4c2464db0, 0x000002e4c49d7150,
0x000002e4c49d7ed0, 0x000002e4c49db200, 0x000002e4c49dd3d0, 0x000002e4c49e3d20,
0x000002e4c49e4e70, 0x000002e4c49e5f10, 0x000002e4c4ac1f80, 0x000002e4c4d30dd0,
0x000002e4c6217220, 0x000002e4c63ccea0, 0x000002e4c63c8810, 0x000002e4c4fcb8f0,
0x000002e4c6676a80, 0x000002e4c66765b0, 0x000002e4c6675270, 0x000002e4c6675c10,
0x000002e4c6675740, 0x000002e4c6b613c0, 0x000002e4c6b5e870, 0x000002e4c6b5d530,
0x000002e4c6b5f6e0, 0x000002e4c4c0f3b0, 0x000002e4c4c0dba0, 0x000002e4c4c0f880,
0x000002e4c845ca80, 0x000002e4ca4b5960
}

Java Threads: ( => current thread )
  0x000002e4ae5e2d10 JavaThread "main" [_thread_blocked, id=23624, stack(0x000000ed74600000,0x000000ed74700000)]
  0x000002e4c2463890 JavaThread "Reference Handler" daemon [_thread_blocked, id=25300, stack(0x000000ed74900000,0x000000ed74a00000)]
  0x000002e4c2464db0 JavaThread "Finalizer" daemon [_thread_blocked, id=26116, stack(0x000000ed74a00000,0x000000ed74b00000)]
  0x000002e4c49d7150 JavaThread "Signal Dispatcher" daemon [_thread_blocked, id=31992, stack(0x000000ed74b00000,0x000000ed74c00000)]
  0x000002e4c49d7ed0 JavaThread "Attach Listener" daemon [_thread_blocked, id=14636, stack(0x000000ed74c00000,0x000000ed74d00000)]
  0x000002e4c49db200 JavaThread "Service Thread" daemon [_thread_blocked, id=32188, stack(0x000000ed74d00000,0x000000ed74e00000)]
  0x000002e4c49dd3d0 JavaThread "Monitor Deflation Thread" daemon [_thread_blocked, id=35352, stack(0x000000ed74e00000,0x000000ed74f00000)]
  0x000002e4c49e3d20 JavaThread "C2 CompilerThread0" daemon [_thread_in_native, id=31604, stack(0x000000ed74f00000,0x000000ed75000000)]
  0x000002e4c49e4e70 JavaThread "C1 CompilerThread0" daemon [_thread_blocked, id=32112, stack(0x000000ed75000000,0x000000ed75100000)]
  0x000002e4c49e5f10 JavaThread "Sweeper thread" daemon [_thread_blocked, id=25140, stack(0x000000ed75100000,0x000000ed75200000)]
  0x000002e4c4ac1f80 JavaThread "Common-Cleaner" daemon [_thread_blocked, id=28684, stack(0x000000ed75200000,0x000000ed75300000)]
  0x000002e4c4d30dd0 JavaThread "Notification Thread" daemon [_thread_blocked, id=30252, stack(0x000000ed75300000,0x000000ed75400000)]
  0x000002e4c6217220 JavaThread "Active Thread: Equinox Container: e9da2c76-9fcc-4f2d-94eb-7b8f0f424cda" [_thread_blocked, id=23956, stack(0x000000ed75c00000,0x000000ed75d00000)]
  0x000002e4c63ccea0 JavaThread "Framework Event Dispatcher: Equinox Container: e9da2c76-9fcc-4f2d-94eb-7b8f0f424cda" daemon [_thread_blocked, id=33992, stack(0x000000ed75a00000,0x000000ed75b00000)]
  0x000002e4c63c8810 JavaThread "Start Level: Equinox Container: e9da2c76-9fcc-4f2d-94eb-7b8f0f424cda" daemon [_thread_blocked, id=22636, stack(0x000000ed75b00000,0x000000ed75c00000)]
  0x000002e4c4fcb8f0 JavaThread "SCR Component Actor" daemon [_thread_blocked, id=27592, stack(0x000000ed75d00000,0x000000ed75e00000)]
  0x000002e4c6676a80 JavaThread "Bundle File Closer" daemon [_thread_blocked, id=34624, stack(0x000000ed76100000,0x000000ed76200000)]
  0x000002e4c66765b0 JavaThread "Worker-JM" [_thread_blocked, id=27360, stack(0x000000ed76200000,0x000000ed76300000)]
  0x000002e4c6675270 JavaThread "Worker-0" [_thread_blocked, id=34812, stack(0x000000ed76500000,0x000000ed76600000)]
  0x000002e4c6675c10 JavaThread "Worker-1" [_thread_blocked, id=15660, stack(0x000000ed76600000,0x000000ed76700000)]
  0x000002e4c6675740 JavaThread "Worker-2" [_thread_blocked, id=30316, stack(0x000000ed76300000,0x000000ed76400000)]
  0x000002e4c6b613c0 JavaThread "Java indexing" daemon [_thread_blocked, id=35492, stack(0x000000ed76800000,0x000000ed76900000)]
  0x000002e4c6b5e870 JavaThread "Worker-3" [_thread_blocked, id=23088, stack(0x000000ed76900000,0x000000ed76a00000)]
  0x000002e4c6b5d530 JavaThread "pool-1-thread-1" [_thread_in_native, id=35380, stack(0x000000ed76c00000,0x000000ed76d00000)]
  0x000002e4c6b5f6e0 JavaThread "Worker-4" [_thread_blocked, id=3564, stack(0x000000ed76d00000,0x000000ed76e00000)]
  0x000002e4c4c0f3b0 JavaThread "ForkJoinPool.commonPool-worker-1" daemon [_thread_blocked, id=32968, stack(0x000000ed76700000,0x000000ed76800000)]
  0x000002e4c4c0dba0 JavaThread "ForkJoinPool.commonPool-worker-2" daemon [_thread_blocked, id=32548, stack(0x000000ed76f00000,0x000000ed77000000)]
  0x000002e4c4c0f880 JavaThread "ForkJoinPool.commonPool-worker-3" daemon [_thread_blocked, id=19908, stack(0x000000ed77000000,0x000000ed77100000)]
  0x000002e4c845ca80 JavaThread "C2 CompilerThread1" daemon [_thread_blocked, id=33536, stack(0x000000ed76400000,0x000000ed76500000)]
=>0x000002e4ca4b5960 JavaThread "C2 CompilerThread2" daemon [_thread_in_native, id=32984, stack(0x000000ed76e00000,0x000000ed76f00000)]

Other Threads:
  0x000002e4c2460600 VMThread "VM Thread" [stack: 0x000000ed74800000,0x000000ed74900000] [id=34640]
  0x000002e4c4cb6890 WatcherThread [stack: 0x000000ed75400000,0x000000ed75500000] [id=33452]
  0x000002e4ae5f9e70 GCTaskThread "GC Thread#0" [stack: 0x000000ed74700000,0x000000ed74800000] [id=9452]
  0x000002e4c55b4d70 GCTaskThread "GC Thread#1" [stack: 0x000000ed75500000,0x000000ed75600000] [id=25876]
  0x000002e4c54dec70 GCTaskThread "GC Thread#2" [stack: 0x000000ed75600000,0x000000ed75700000] [id=35160]
  0x000002e4c55b5020 GCTaskThread "GC Thread#3" [stack: 0x000000ed75700000,0x000000ed75800000] [id=34348]
  0x000002e4c55b52d0 GCTaskThread "GC Thread#4" [stack: 0x000000ed75800000,0x000000ed75900000] [id=20248]
  0x000002e4c55b5580 GCTaskThread "GC Thread#5" [stack: 0x000000ed75900000,0x000000ed75a00000] [id=30284]
  0x000002e4c543d5f0 GCTaskThread "GC Thread#6" [stack: 0x000000ed75e00000,0x000000ed75f00000] [id=30324]
  0x000002e4ac5bc530 GCTaskThread "GC Thread#7" [stack: 0x000000ed75f00000,0x000000ed76000000] [id=7624]

Threads with active compile tasks:
C2 CompilerThread0    40975 9314       4       com.google.gson.stream.JsonWriter::string (169 bytes)
C2 CompilerThread2    40975 9235       4       org.eclipse.jdt.internal.compiler.parser.Parser::consumeToken (2283 bytes)

VM state: not at safepoint (normal execution)

VM Mutex/Monitor currently owned by a thread: None

Heap address: 0x00000000c0000000, size: 1024 MB, Compressed Oops mode: 32-bit

CDS archive(s) not mapped
Compressed class space mapped at: 0x0000000100000000-0x0000000140000000, reserved size: 1073741824
Narrow klass base: 0x0000000000000000, Narrow klass shift: 3, Narrow klass range: 0x140000000

GC Precious Log:
 CPUs: 8 total, 8 available
 Memory: 16262M
 Large Page Support: Disabled
 NUMA Support: Disabled
 Compressed Oops: Enabled (32-bit)
 Alignments: Space 512K, Generation 512K, Heap 2M
 Heap Min Capacity: 100M
 Heap Initial Capacity: 100M
 Heap Max Capacity: 1G
 Pre-touch: Disabled
 Parallel Workers: 8

Heap:
 PSYoungGen      total 14336K, used 3212K [0x00000000eab00000, 0x00000000ebd80000, 0x0000000100000000)
  eden space 12800K, 17% used [0x00000000eab00000,0x00000000ead32b00,0x00000000eb780000)
  from space 1536K, 62% used [0x00000000eba80000,0x00000000ebb70518,0x00000000ebc00000)
  to   space 1536K, 0% used [0x00000000ebc00000,0x00000000ebc00000,0x00000000ebd80000)
 ParOldGen       total 68608K, used 52320K [0x00000000c0000000, 0x00000000c4300000, 0x00000000eab00000)
  object space 68608K, 76% used [0x00000000c0000000,0x00000000c3318160,0x00000000c4300000)
 Metaspace       used 66655K, committed 67776K, reserved 1114112K
  class space    used 7073K, committed 7552K, reserved 1048576K

Card table byte_map: [0x000002e4adfa0000,0x000002e4ae1b0000] _byte_map_base: 0x000002e4ad9a0000

Marking Bits: (ParMarkBitMap*) 0x00007ff96c0d4b80
 Begin Bits: [0x000002e4c0270000, 0x000002e4c1270000)
 End Bits:   [0x000002e4c1270000, 0x000002e4c2270000)

Polling page: 0x000002e4ac470000

Metaspace:

Usage:
  Non-class:     58.19 MB used.
      Class:      6.91 MB used.
       Both:     65.09 MB used.

Virtual space:
  Non-class space:       64.00 MB reserved,      58.81 MB ( 92%) committed,  8 nodes.
      Class space:        1.00 GB reserved,       7.38 MB ( <1%) committed,  1 nodes.
             Both:        1.06 GB reserved,      66.19 MB (  6%) committed. 

Chunk freelists:
   Non-Class:  928.00 KB
       Class:  628.00 KB
        Both:  1.52 MB

MaxMetaspaceSize: unlimited
CompressedClassSpaceSize: 1.00 GB
Initial GC threshold: 21.00 MB
Current GC threshold: 97.31 MB
CDS: off
MetaspaceReclaimPolicy: balanced
 - commit_granule_bytes: 65536.
 - commit_granule_words: 8192.
 - virtual_space_node_default_size: 1048576.
 - enlarge_chunks_in_place: 1.
 - new_chunks_are_fully_committed: 0.
 - uncommit_free_chunks: 1.
 - use_allocation_guard: 0.
 - handle_deallocations: 1.


Internal statistics:

num_allocs_failed_limit: 9.
num_arena_births: 734.
num_arena_deaths: 14.
num_vsnodes_births: 9.
num_vsnodes_deaths: 0.
num_space_committed: 1059.
num_space_uncommitted: 0.
num_chunks_returned_to_freelist: 23.
num_chunks_taken_from_freelist: 3292.
num_chunk_merges: 13.
num_chunk_splits: 2050.
num_chunks_enlarged: 1191.
num_purges: 2.
num_inconsistent_stats: 0.

CodeHeap 'non-profiled nmethods': size=120000Kb used=5214Kb max_used=5214Kb free=114785Kb
 bounds [0x000002e4b8d40000, 0x000002e4b9260000, 0x000002e4c0270000]
CodeHeap 'profiled nmethods': size=120000Kb used=16889Kb max_used=16889Kb free=103110Kb
 bounds [0x000002e4b1810000, 0x000002e4b28a0000, 0x000002e4b8d40000]
CodeHeap 'non-nmethods': size=5760Kb used=1367Kb max_used=1467Kb free=4392Kb
 bounds [0x000002e4b1270000, 0x000002e4b14e0000, 0x000002e4b1810000]
 total_blobs=8583 nmethods=7874 adapters=623
 compilation: enabled
              stopped_count=0, restarted_count=0
 full_count=0

Compilation events (20 events):
Event: 40.772 Thread 0x000002e4c49e4e70 9299       1       com.google.gson.stream.JsonWriter::isLenient (5 bytes)
Event: 40.772 Thread 0x000002e4c49e4e70 nmethod 9299 0x000002e4b924f490 code [0x000002e4b924f620, 0x000002e4b924f6f8]
Event: 40.772 Thread 0x000002e4c49e4e70 9300       1       com.google.gson.stream.JsonWriter::isHtmlSafe (5 bytes)
Event: 40.772 Thread 0x000002e4c49e4e70 nmethod 9300 0x000002e4b924f790 code [0x000002e4b924f920, 0x000002e4b924f9f8]
Event: 40.772 Thread 0x000002e4c49e4e70 9301       1       com.google.gson.stream.JsonWriter::getSerializeNulls (5 bytes)
Event: 40.772 Thread 0x000002e4c49e4e70 nmethod 9301 0x000002e4b924fa90 code [0x000002e4b924fc20, 0x000002e4b924fcf8]
Event: 40.772 Thread 0x000002e4c49e4e70 9303       3       com.google.gson.stream.JsonWriter::push (47 bytes)
Event: 40.772 Thread 0x000002e4c49e4e70 nmethod 9303 0x000002e4b288ef10 code [0x000002e4b288f0c0, 0x000002e4b288f2a8]
Event: 40.772 Thread 0x000002e4c49e4e70 9302       1       org.eclipse.lsp4j.jsonrpc.messages.Message::getJsonrpc (5 bytes)
Event: 40.772 Thread 0x000002e4c49e4e70 nmethod 9302 0x000002e4b924fd90 code [0x000002e4b924ff20, 0x000002e4b924fff8]
Event: 40.775 Thread 0x000002e4c49e4e70 9304       3       com.google.gson.stream.JsonWriter::value (24 bytes)
Event: 40.775 Thread 0x000002e4c49e4e70 nmethod 9304 0x000002e4b288f410 code [0x000002e4b288f600, 0x000002e4b288f9c8]
Event: 40.779 Thread 0x000002e4c49e4e70 9305       3       java.util.zip.ZipFile::<init> (7 bytes)
Event: 40.779 Thread 0x000002e4c49e4e70 nmethod 9305 0x000002e4b288fb10 code [0x000002e4b288fcc0, 0x000002e4b288fe68]
Event: 40.813 Thread 0x000002e4c49e4e70 9306       3       org.eclipse.core.internal.runtime.PlatformLogWriter::isLoggable (19 bytes)
Event: 40.813 Thread 0x000002e4c49e4e70 nmethod 9306 0x000002e4b288ff90 code [0x000002e4b2890160, 0x000002e4b2890628]
Event: 40.859 Thread 0x000002e4c49e3d20 nmethod 9247 0x000002e4b9250090 code [0x000002e4b92502e0, 0x000002e4b9251ea0]
Event: 40.862 Thread 0x000002e4c49e3d20 9260       4       java.lang.reflect.Field::get (29 bytes)
Event: 40.868 Thread 0x000002e4c49e3d20 nmethod 9260 0x000002e4b9252b10 code [0x000002e4b9252ce0, 0x000002e4b92530b0]
Event: 40.874 Thread 0x000002e4c845ca80 nmethod 9266 0x000002e4b9253490 code [0x000002e4b9253800, 0x000002e4b9254d80]

GC Heap History (20 events):
Event: 31.582 GC heap before
{Heap before GC invocations=33 (full 3):
 PSYoungGen      total 14848K, used 14819K [0x00000000eab00000, 0x00000000ec880000, 0x0000000100000000)
  eden space 12800K, 99% used [0x00000000eab00000,0x00000000eb77f9a0,0x00000000eb780000)
  from space 2048K, 98% used [0x00000000eba00000,0x00000000ebbf9518,0x00000000ebc00000)
  to   space 8704K, 0% used [0x00000000ec000000,0x00000000ec000000,0x00000000ec880000)
 ParOldGen       total 68608K, used 43322K [0x00000000c0000000, 0x00000000c4300000, 0x00000000eab00000)
  object space 68608K, 63% used [0x00000000c0000000,0x00000000c2a4e848,0x00000000c4300000)
 Metaspace       used 63731K, committed 64768K, reserved 1114112K
  class space    used 6832K, committed 7296K, reserved 1048576K
}
Event: 31.585 GC heap after
{Heap after GC invocations=33 (full 3):
 PSYoungGen      total 13824K, used 992K [0x00000000eab00000, 0x00000000ec100000, 0x0000000100000000)
  eden space 12800K, 0% used [0x00000000eab00000,0x00000000eab00000,0x00000000eb780000)
  from space 1024K, 96% used [0x00000000ec000000,0x00000000ec0f8020,0x00000000ec100000)
  to   space 3584K, 0% used [0x00000000eba00000,0x00000000eba00000,0x00000000ebd80000)
 ParOldGen       total 68608K, used 43909K [0x00000000c0000000, 0x00000000c4300000, 0x00000000eab00000)
  object space 68608K, 64% used [0x00000000c0000000,0x00000000c2ae1680,0x00000000c4300000)
 Metaspace       used 63731K, committed 64768K, reserved 1114112K
  class space    used 6832K, committed 7296K, reserved 1048576K
}
Event: 32.933 GC heap before
{Heap before GC invocations=34 (full 3):
 PSYoungGen      total 13824K, used 13792K [0x00000000eab00000, 0x00000000ec100000, 0x0000000100000000)
  eden space 12800K, 100% used [0x00000000eab00000,0x00000000eb780000,0x00000000eb780000)
  from space 1024K, 96% used [0x00000000ec000000,0x00000000ec0f8020,0x00000000ec100000)
  to   space 3584K, 0% used [0x00000000eba00000,0x00000000eba00000,0x00000000ebd80000)
 ParOldGen       total 68608K, used 43909K [0x00000000c0000000, 0x00000000c4300000, 0x00000000eab00000)
  object space 68608K, 64% used [0x00000000c0000000,0x00000000c2ae1680,0x00000000c4300000)
 Metaspace       used 64255K, committed 65344K, reserved 1114112K
  class space    used 6870K, committed 7296K, reserved 1048576K
}
Event: 32.936 GC heap after
{Heap after GC invocations=34 (full 3):
 PSYoungGen      total 16384K, used 1808K [0x00000000eab00000, 0x00000000ec080000, 0x0000000100000000)
  eden space 12800K, 0% used [0x00000000eab00000,0x00000000eab00000,0x00000000eb780000)
  from space 3584K, 50% used [0x00000000eba00000,0x00000000ebbc4010,0x00000000ebd80000)
  to   space 2048K, 0% used [0x00000000ebe80000,0x00000000ebe80000,0x00000000ec080000)
 ParOldGen       total 68608K, used 44751K [0x00000000c0000000, 0x00000000c4300000, 0x00000000eab00000)
  object space 68608K, 65% used [0x00000000c0000000,0x00000000c2bb3d40,0x00000000c4300000)
 Metaspace       used 64255K, committed 65344K, reserved 1114112K
  class space    used 6870K, committed 7296K, reserved 1048576K
}
Event: 33.128 GC heap before
{Heap before GC invocations=35 (full 3):
 PSYoungGen      total 16384K, used 14608K [0x00000000eab00000, 0x00000000ec080000, 0x0000000100000000)
  eden space 12800K, 100% used [0x00000000eab00000,0x00000000eb780000,0x00000000eb780000)
  from space 3584K, 50% used [0x00000000eba00000,0x00000000ebbc4010,0x00000000ebd80000)
  to   space 2048K, 0% used [0x00000000ebe80000,0x00000000ebe80000,0x00000000ec080000)
 ParOldGen       total 68608K, used 44751K [0x00000000c0000000, 0x00000000c4300000, 0x00000000eab00000)
  object space 68608K, 65% used [0x00000000c0000000,0x00000000c2bb3d40,0x00000000c4300000)
 Metaspace       used 64321K, committed 65344K, reserved 1114112K
  class space    used 6870K, committed 7296K, reserved 1048576K
}
Event: 33.132 GC heap after
{Heap after GC invocations=35 (full 3):
 PSYoungGen      total 14848K, used 1792K [0x00000000eab00000, 0x00000000ec080000, 0x0000000100000000)
  eden space 12800K, 0% used [0x00000000eab00000,0x00000000eab00000,0x00000000eb780000)
  from space 2048K, 87% used [0x00000000ebe80000,0x00000000ec040000,0x00000000ec080000)
  to   space 2048K, 0% used [0x00000000ebc80000,0x00000000ebc80000,0x00000000ebe80000)
 ParOldGen       total 68608K, used 46427K [0x00000000c0000000, 0x00000000c4300000, 0x00000000eab00000)
  object space 68608K, 67% used [0x00000000c0000000,0x00000000c2d56f48,0x00000000c4300000)
 Metaspace       used 64321K, committed 65344K, reserved 1114112K
  class space    used 6870K, committed 7296K, reserved 1048576K
}
Event: 33.617 GC heap before
{Heap before GC invocations=36 (full 3):
 PSYoungGen      total 14848K, used 14592K [0x00000000eab00000, 0x00000000ec080000, 0x0000000100000000)
  eden space 12800K, 100% used [0x00000000eab00000,0x00000000eb780000,0x00000000eb780000)
  from space 2048K, 87% used [0x00000000ebe80000,0x00000000ec040000,0x00000000ec080000)
  to   space 2048K, 0% used [0x00000000ebc80000,0x00000000ebc80000,0x00000000ebe80000)
 ParOldGen       total 68608K, used 46427K [0x00000000c0000000, 0x00000000c4300000, 0x00000000eab00000)
  object space 68608K, 67% used [0x00000000c0000000,0x00000000c2d56f48,0x00000000c4300000)
 Metaspace       used 64549K, committed 65600K, reserved 1114112K
  class space    used 6891K, committed 7360K, reserved 1048576K
}
Event: 33.620 GC heap after
{Heap after GC invocations=36 (full 3):
 PSYoungGen      total 13824K, used 1024K [0x00000000eab00000, 0x00000000ebf00000, 0x0000000100000000)
  eden space 12800K, 0% used [0x00000000eab00000,0x00000000eab00000,0x00000000eb780000)
  from space 1024K, 100% used [0x00000000ebc80000,0x00000000ebd80000,0x00000000ebd80000)
  to   space 1536K, 0% used [0x00000000ebd80000,0x00000000ebd80000,0x00000000ebf00000)
 ParOldGen       total 68608K, used 47675K [0x00000000c0000000, 0x00000000c4300000, 0x00000000eab00000)
  object space 68608K, 69% used [0x00000000c0000000,0x00000000c2e8ef48,0x00000000c4300000)
 Metaspace       used 64549K, committed 65600K, reserved 1114112K
  class space    used 6891K, committed 7360K, reserved 1048576K
}
Event: 34.750 GC heap before
{Heap before GC invocations=37 (full 3):
 PSYoungGen      total 13824K, used 13824K [0x00000000eab00000, 0x00000000ebf00000, 0x0000000100000000)
  eden space 12800K, 100% used [0x00000000eab00000,0x00000000eb780000,0x00000000eb780000)
  from space 1024K, 100% used [0x00000000ebc80000,0x00000000ebd80000,0x00000000ebd80000)
  to   space 1536K, 0% used [0x00000000ebd80000,0x00000000ebd80000,0x00000000ebf00000)
 ParOldGen       total 68608K, used 47675K [0x00000000c0000000, 0x00000000c4300000, 0x00000000eab00000)
  object space 68608K, 69% used [0x00000000c0000000,0x00000000c2e8ef48,0x00000000c4300000)
 Metaspace       used 64638K, committed 65728K, reserved 1114112K
  class space    used 6894K, committed 7360K, reserved 1048576K
}
Event: 35.113 GC heap after
{Heap after GC invocations=37 (full 3):
 PSYoungGen      total 14336K, used 1056K [0x00000000eab00000, 0x00000000ebf00000, 0x0000000100000000)
  eden space 12800K, 0% used [0x00000000eab00000,0x00000000eab00000,0x00000000eb780000)
  from space 1536K, 68% used [0x00000000ebd80000,0x00000000ebe88000,0x00000000ebf00000)
  to   space 1536K, 0% used [0x00000000ebc00000,0x00000000ebc00000,0x00000000ebd80000)
 ParOldGen       total 68608K, used 48544K [0x00000000c0000000, 0x00000000c4300000, 0x00000000eab00000)
  object space 68608K, 70% used [0x00000000c0000000,0x00000000c2f68150,0x00000000c4300000)
 Metaspace       used 64638K, committed 65728K, reserved 1114112K
  class space    used 6894K, committed 7360K, reserved 1048576K
}
Event: 36.163 GC heap before
{Heap before GC invocations=38 (full 3):
 PSYoungGen      total 14336K, used 13856K [0x00000000eab00000, 0x00000000ebf00000, 0x0000000100000000)
  eden space 12800K, 100% used [0x00000000eab00000,0x00000000eb780000,0x00000000eb780000)
  from space 1536K, 68% used [0x00000000ebd80000,0x00000000ebe88000,0x00000000ebf00000)
  to   space 1536K, 0% used [0x00000000ebc00000,0x00000000ebc00000,0x00000000ebd80000)
 ParOldGen       total 68608K, used 48544K [0x00000000c0000000, 0x00000000c4300000, 0x00000000eab00000)
  object space 68608K, 70% used [0x00000000c0000000,0x00000000c2f68150,0x00000000c4300000)
 Metaspace       used 64732K, committed 65856K, reserved 1114112K
  class space    used 6895K, committed 7360K, reserved 1048576K
}
Event: 36.164 GC heap after
{Heap after GC invocations=38 (full 3):
 PSYoungGen      total 13824K, used 928K [0x00000000eab00000, 0x00000000ebe00000, 0x0000000100000000)
  eden space 12800K, 0% used [0x00000000eab00000,0x00000000eab00000,0x00000000eb780000)
  from space 1024K, 90% used [0x00000000ebc00000,0x00000000ebce8000,0x00000000ebd00000)
  to   space 1024K, 0% used [0x00000000ebd00000,0x00000000ebd00000,0x00000000ebe00000)
 ParOldGen       total 68608K, used 49440K [0x00000000c0000000, 0x00000000c4300000, 0x00000000eab00000)
  object space 68608K, 72% used [0x00000000c0000000,0x00000000c3048150,0x00000000c4300000)
 Metaspace       used 64732K, committed 65856K, reserved 1114112K
  class space    used 6895K, committed 7360K, reserved 1048576K
}
Event: 36.959 GC heap before
{Heap before GC invocations=39 (full 3):
 PSYoungGen      total 13824K, used 13728K [0x00000000eab00000, 0x00000000ebe00000, 0x0000000100000000)
  eden space 12800K, 100% used [0x00000000eab00000,0x00000000eb780000,0x00000000eb780000)
  from space 1024K, 90% used [0x00000000ebc00000,0x00000000ebce8000,0x00000000ebd00000)
  to   space 1024K, 0% used [0x00000000ebd00000,0x00000000ebd00000,0x00000000ebe00000)
 ParOldGen       total 68608K, used 49440K [0x00000000c0000000, 0x00000000c4300000, 0x00000000eab00000)
  object space 68608K, 72% used [0x00000000c0000000,0x00000000c3048150,0x00000000c4300000)
 Metaspace       used 65285K, committed 66368K, reserved 1114112K
  class space    used 6943K, committed 7424K, reserved 1048576K
}
Event: 36.960 GC heap after
{Heap after GC invocations=39 (full 3):
 PSYoungGen      total 13824K, used 863K [0x00000000eab00000, 0x00000000ebe00000, 0x0000000100000000)
  eden space 12800K, 0% used [0x00000000eab00000,0x00000000eab00000,0x00000000eb780000)
  from space 1024K, 84% used [0x00000000ebd00000,0x00000000ebdd7f70,0x00000000ebe00000)
  to   space 1024K, 0% used [0x00000000ebc00000,0x00000000ebc00000,0x00000000ebd00000)
 ParOldGen       total 68608K, used 50240K [0x00000000c0000000, 0x00000000c4300000, 0x00000000eab00000)
  object space 68608K, 73% used [0x00000000c0000000,0x00000000c3110160,0x00000000c4300000)
 Metaspace       used 65285K, committed 66368K, reserved 1114112K
  class space    used 6943K, committed 7424K, reserved 1048576K
}
Event: 38.037 GC heap before
{Heap before GC invocations=40 (full 3):
 PSYoungGen      total 13824K, used 13663K [0x00000000eab00000, 0x00000000ebe00000, 0x0000000100000000)
  eden space 12800K, 100% used [0x00000000eab00000,0x00000000eb780000,0x00000000eb780000)
  from space 1024K, 84% used [0x00000000ebd00000,0x00000000ebdd7f70,0x00000000ebe00000)
  to   space 1024K, 0% used [0x00000000ebc00000,0x00000000ebc00000,0x00000000ebd00000)
 ParOldGen       total 68608K, used 50240K [0x00000000c0000000, 0x00000000c4300000, 0x00000000eab00000)
  object space 68608K, 73% used [0x00000000c0000000,0x00000000c3110160,0x00000000c4300000)
 Metaspace       used 65522K, committed 66560K, reserved 1114112K
  class space    used 6961K, committed 7424K, reserved 1048576K
}
Event: 38.039 GC heap after
{Heap after GC invocations=40 (full 3):
 PSYoungGen      total 13824K, used 992K [0x00000000eab00000, 0x00000000ebd80000, 0x0000000100000000)
  eden space 12800K, 0% used [0x00000000eab00000,0x00000000eab00000,0x00000000eb780000)
  from space 1024K, 96% used [0x00000000ebc00000,0x00000000ebcf8000,0x00000000ebd00000)
  to   space 512K, 0% used [0x00000000ebd00000,0x00000000ebd00000,0x00000000ebd80000)
 ParOldGen       total 68608K, used 50880K [0x00000000c0000000, 0x00000000c4300000, 0x00000000eab00000)
  object space 68608K, 74% used [0x00000000c0000000,0x00000000c31b0160,0x00000000c4300000)
 Metaspace       used 65522K, committed 66560K, reserved 1114112K
  class space    used 6961K, committed 7424K, reserved 1048576K
}
Event: 39.991 GC heap before
{Heap before GC invocations=41 (full 3):
 PSYoungGen      total 13824K, used 13792K [0x00000000eab00000, 0x00000000ebd80000, 0x0000000100000000)
  eden space 12800K, 100% used [0x00000000eab00000,0x00000000eb780000,0x00000000eb780000)
  from space 1024K, 96% used [0x00000000ebc00000,0x00000000ebcf8000,0x00000000ebd00000)
  to   space 512K, 0% used [0x00000000ebd00000,0x00000000ebd00000,0x00000000ebd80000)
 ParOldGen       total 68608K, used 50880K [0x00000000c0000000, 0x00000000c4300000, 0x00000000eab00000)
  object space 68608K, 74% used [0x00000000c0000000,0x00000000c31b0160,0x00000000c4300000)
 Metaspace       used 65676K, committed 66752K, reserved 1114112K
  class space    used 6973K, committed 7424K, reserved 1048576K
}
Event: 39.992 GC heap after
{Heap after GC invocations=41 (full 3):
 PSYoungGen      total 13312K, used 512K [0x00000000eab00000, 0x00000000ebd80000, 0x0000000100000000)
  eden space 12800K, 0% used [0x00000000eab00000,0x00000000eab00000,0x00000000eb780000)
  from space 512K, 100% used [0x00000000ebd00000,0x00000000ebd80000,0x00000000ebd80000)
  to   space 1536K, 0% used [0x00000000eba80000,0x00000000eba80000,0x00000000ebc00000)
 ParOldGen       total 68608K, used 51816K [0x00000000c0000000, 0x00000000c4300000, 0x00000000eab00000)
  object space 68608K, 75% used [0x00000000c0000000,0x00000000c329a160,0x00000000c4300000)
 Metaspace       used 65676K, committed 66752K, reserved 1114112K
  class space    used 6973K, committed 7424K, reserved 1048576K
}
Event: 40.705 GC heap before
{Heap before GC invocations=42 (full 3):
 PSYoungGen      total 13312K, used 13310K [0x00000000eab00000, 0x00000000ebd80000, 0x0000000100000000)
  eden space 12800K, 99% used [0x00000000eab00000,0x00000000eb77fa50,0x00000000eb780000)
  from space 512K, 100% used [0x00000000ebd00000,0x00000000ebd80000,0x00000000ebd80000)
  to   space 1536K, 0% used [0x00000000eba80000,0x00000000eba80000,0x00000000ebc00000)
 ParOldGen       total 68608K, used 51816K [0x00000000c0000000, 0x00000000c4300000, 0x00000000eab00000)
  object space 68608K, 75% used [0x00000000c0000000,0x00000000c329a160,0x00000000c4300000)
 Metaspace       used 66424K, committed 67520K, reserved 1114112K
  class space    used 7045K, committed 7488K, reserved 1048576K
}
Event: 40.721 GC heap after
{Heap after GC invocations=42 (full 3):
 PSYoungGen      total 14336K, used 961K [0x00000000eab00000, 0x00000000ebd80000, 0x0000000100000000)
  eden space 12800K, 0% used [0x00000000eab00000,0x00000000eab00000,0x00000000eb780000)
  from space 1536K, 62% used [0x00000000eba80000,0x00000000ebb70518,0x00000000ebc00000)
  to   space 1536K, 0% used [0x00000000ebc00000,0x00000000ebc00000,0x00000000ebd80000)
 ParOldGen       total 68608K, used 52320K [0x00000000c0000000, 0x00000000c4300000, 0x00000000eab00000)
  object space 68608K, 76% used [0x00000000c0000000,0x00000000c3318160,0x00000000c4300000)
 Metaspace       used 66424K, committed 67520K, reserved 1114112K
  class space    used 7045K, committed 7488K, reserved 1048576K
}

Deoptimization events (20 events):
Event: 40.041 Thread 0x000002e4c6b5e870 Uncommon trap: trap_request=0xffffffbe fr.pc=0x000002e4b923c518 relative=0x00000000000001f8
Event: 40.041 Thread 0x000002e4c6b5e870 Uncommon trap: reason=profile_predicate action=maybe_recompile pc=0x000002e4b923c518 method=java.util.HashMap.keysToArray([Ljava/lang/Object;)[Ljava/lang/Object; @ 36 c2
Event: 40.041 Thread 0x000002e4c6b5e870 DEOPT PACKING pc=0x000002e4b923c518 sp=0x000000ed769fdcc0
Event: 40.041 Thread 0x000002e4c6b5e870 DEOPT UNPACKING pc=0x000002e4b12c20a3 sp=0x000000ed769fdc40 mode 2
Event: 40.041 Thread 0x000002e4c6b5e870 Uncommon trap: trap_request=0xffffffbe fr.pc=0x000002e4b923c518 relative=0x00000000000001f8
Event: 40.041 Thread 0x000002e4c6b5e870 Uncommon trap: reason=profile_predicate action=maybe_recompile pc=0x000002e4b923c518 method=java.util.HashMap.keysToArray([Ljava/lang/Object;)[Ljava/lang/Object; @ 36 c2
Event: 40.041 Thread 0x000002e4c6b5e870 DEOPT PACKING pc=0x000002e4b923c518 sp=0x000000ed769fdcc0
Event: 40.041 Thread 0x000002e4c6b5e870 DEOPT UNPACKING pc=0x000002e4b12c20a3 sp=0x000000ed769fdc40 mode 2
Event: 40.115 Thread 0x000002e4c6b5e870 Uncommon trap: trap_request=0xffffff76 fr.pc=0x000002e4b9242008 relative=0x00000000000001e8
Event: 40.115 Thread 0x000002e4c6b5e870 Uncommon trap: reason=predicate action=maybe_recompile pc=0x000002e4b9242008 method=java.util.HashMap.keysToArray([Ljava/lang/Object;)[Ljava/lang/Object; @ 48 c2
Event: 40.115 Thread 0x000002e4c6b5e870 DEOPT PACKING pc=0x000002e4b9242008 sp=0x000000ed769fdcc0
Event: 40.115 Thread 0x000002e4c6b5e870 DEOPT UNPACKING pc=0x000002e4b12c20a3 sp=0x000000ed769fdc48 mode 2
Event: 40.119 Thread 0x000002e4c6b5e870 DEOPT PACKING pc=0x000002e4b25b62f3 sp=0x000000ed769fd640
Event: 40.119 Thread 0x000002e4c6b5e870 DEOPT UNPACKING pc=0x000002e4b12c2843 sp=0x000000ed769fcb78 mode 0
Event: 40.649 Thread 0x000002e4c6675c10 Uncommon trap: trap_request=0xffffff45 fr.pc=0x000002e4b8de75fc relative=0x000000000000025c
Event: 40.649 Thread 0x000002e4c6675c10 Uncommon trap: reason=unstable_if action=reinterpret pc=0x000002e4b8de75fc method=org.eclipse.jdt.internal.core.util.Util.equalArraysOrNull([Ljava/lang/Object;[Ljava/lang/Object;)Z @ 23 c2
Event: 40.649 Thread 0x000002e4c6675c10 DEOPT PACKING pc=0x000002e4b8de75fc sp=0x000000ed766fec00
Event: 40.649 Thread 0x000002e4c6675c10 DEOPT UNPACKING pc=0x000002e4b12c20a3 sp=0x000000ed766feba8 mode 2
Event: 40.680 Thread 0x000002e4c6675c10 DEOPT PACKING pc=0x000002e4b25b62f3 sp=0x000000ed766fe820
Event: 40.680 Thread 0x000002e4c6675c10 DEOPT UNPACKING pc=0x000002e4b12c2843 sp=0x000000ed766fdd58 mode 0

Classes unloaded (7 events):
Event: 8.552 Thread 0x000002e4c2460600 Unloading class 0x0000000100218800 'java/lang/invoke/LambdaForm$MH+0x0000000100218800'
Event: 8.552 Thread 0x000002e4c2460600 Unloading class 0x0000000100218400 'java/lang/invoke/LambdaForm$MH+0x0000000100218400'
Event: 8.552 Thread 0x000002e4c2460600 Unloading class 0x0000000100218000 'java/lang/invoke/LambdaForm$MH+0x0000000100218000'
Event: 8.552 Thread 0x000002e4c2460600 Unloading class 0x0000000100217c00 'java/lang/invoke/LambdaForm$MH+0x0000000100217c00'
Event: 8.552 Thread 0x000002e4c2460600 Unloading class 0x0000000100217400 'java/lang/invoke/LambdaForm$BMH+0x0000000100217400'
Event: 8.552 Thread 0x000002e4c2460600 Unloading class 0x0000000100217000 'java/lang/invoke/LambdaForm$DMH+0x0000000100217000'
Event: 8.552 Thread 0x000002e4c2460600 Unloading class 0x0000000100214400 'java/lang/invoke/LambdaForm$DMH+0x0000000100214400'

Classes redefined (0 events):
No events

Internal exceptions (20 events):
Event: 29.931 Thread 0x000002e4c6675270 Exception <a 'sun/nio/fs/WindowsException'{0x00000000eb4f5190}> (0x00000000eb4f5190) 
thrown [e:\jenkins\tmp\workspace\build\src\src\hotspot\share\prims\jni.cpp, line 516]
Event: 29.935 Thread 0x000002e4c6675270 Exception <a 'sun/nio/fs/WindowsException'{0x00000000eb7255e0}> (0x00000000eb7255e0) 
thrown [e:\jenkins\tmp\workspace\build\src\src\hotspot\share\prims\jni.cpp, line 516]
Event: 29.937 Thread 0x000002e4c6675270 Exception <a 'sun/nio/fs/WindowsException'{0x00000000eb75b580}> (0x00000000eb75b580) 
thrown [e:\jenkins\tmp\workspace\build\src\src\hotspot\share\prims\jni.cpp, line 516]
Event: 29.984 Thread 0x000002e4c6675270 Exception <a 'sun/nio/fs/WindowsException'{0x00000000eab04f18}> (0x00000000eab04f18) 
thrown [e:\jenkins\tmp\workspace\build\src\src\hotspot\share\prims\jni.cpp, line 516]
Event: 31.238 Thread 0x000002e4c6675270 Exception <a 'sun/nio/fs/WindowsException'{0x00000000eb06bed0}> (0x00000000eb06bed0) 
thrown [e:\jenkins\tmp\workspace\build\src\src\hotspot\share\prims\jni.cpp, line 516]
Event: 31.490 Thread 0x000002e4c6b5e870 Exception <a 'java/lang/NoSuchMethodError'{0x00000000eb588c10}: 'java.lang.Object java.lang.invoke.DirectMethodHandle$Holder.newInvokeSpecial(java.lang.Object, java.lang.Object, int, java.lang.Object, java.lang.Object)'> (0x00000000eb588c10) 
thrown [e:\jenkins\tmp\workspace\build\src\src\hotspot\share\interpreter\linkResolver.cpp, line 766]
Event: 31.491 Thread 0x000002e4c6b5e870 Exception <a 'java/lang/NoSuchMethodError'{0x00000000eb58e1f8}: 'java.lang.Object java.lang.invoke.DirectMethodHandle$Holder.invokeSpecial(java.lang.Object, java.lang.Object, java.lang.Object, int, java.lang.Object, java.lang.Object)'> (0x00000000eb58e1f8) 
thrown [e:\jenkins\tmp\workspace\build\src\src\hotspot\share\interpreter\linkResolver.cpp, line 766]
Event: 33.290 Thread 0x000002e4c6b5e870 Implicit null exception at 0x000002e4b8dda076 to 0x000002e4b8dda540
Event: 33.344 Thread 0x000002e4c6b5e870 Implicit null exception at 0x000002e4b8e640e5 to 0x000002e4b8e641b4
Event: 36.579 Thread 0x000002e4c6b5e870 Implicit null exception at 0x000002e4b8eff931 to 0x000002e4b8effc74
Event: 36.579 Thread 0x000002e4c6b5e870 Implicit null exception at 0x000002e4b8fb74ad to 0x000002e4b8fb77e8
Event: 36.765 Thread 0x000002e4c6b5e870 Exception <a 'java/lang/NoSuchMethodError'{0x00000000eb5c2b98}: 'int java.lang.invoke.DirectMethodHandle$Holder.invokeSpecial(java.lang.Object, java.lang.Object, java.lang.Object, java.lang.Object)'> (0x00000000eb5c2b98) 
thrown [e:\jenkins\tmp\workspace\build\src\src\hotspot\share\interpreter\linkResolver.cpp, line 766]
Event: 36.766 Thread 0x000002e4c6b5e870 Exception <a 'java/lang/NoSuchMethodError'{0x00000000eb5de888}: 'java.lang.Object java.lang.invoke.DirectMethodHandle$Holder.invokeStatic(java.lang.Object, int, java.lang.Object, java.lang.Object)'> (0x00000000eb5de888) 
thrown [e:\jenkins\tmp\workspace\build\src\src\hotspot\share\interpreter\linkResolver.cpp, line 766]
Event: 36.767 Thread 0x000002e4c6b5e870 Exception <a 'java/lang/NoSuchMethodError'{0x00000000eb5e28c8}: 'java.lang.Object java.lang.invoke.DirectMethodHandle$Holder.invokeSpecial(java.lang.Object, java.lang.Object, int, java.lang.Object, java.lang.Object)'> (0x00000000eb5e28c8) 
thrown [e:\jenkins\tmp\workspace\build\src\src\hotspot\share\interpreter\linkResolver.cpp, line 766]
Event: 36.767 Thread 0x000002e4c6b5e870 Exception <a 'java/lang/NoSuchMethodError'{0x00000000eb5e62c8}: 'java.lang.Object java.lang.invoke.DelegatingMethodHandle$Holder.delegate(java.lang.Object, int, java.lang.Object, java.lang.Object)'> (0x00000000eb5e62c8) 
thrown [e:\jenkins\tmp\workspace\build\src\src\hotspot\share\interpreter\linkResolver.cpp, line 766]
Event: 36.769 Thread 0x000002e4c6b5e870 Exception <a 'java/lang/NoSuchMethodError'{0x00000000eb5fbcd0}: 'int java.lang.invoke.Invokers$Holder.linkToTargetMethod(java.lang.Object, java.lang.Object, java.lang.Object)'> (0x00000000eb5fbcd0) 
thrown [e:\jenkins\tmp\workspace\build\src\src\hotspot\share\interpreter\linkResolver.cpp, line 766]
Event: 37.028 Thread 0x000002e4c6b5e870 Exception <a 'java/io/FileNotFoundException'{0x00000000ead28858}> (0x00000000ead28858) 
thrown [e:\jenkins\tmp\workspace\build\src\src\hotspot\share\prims\jni.cpp, line 516]
Event: 37.029 Thread 0x000002e4c6b5e870 Exception <a 'java/io/FileNotFoundException'{0x00000000ead29e10}> (0x00000000ead29e10) 
thrown [e:\jenkins\tmp\workspace\build\src\src\hotspot\share\prims\jni.cpp, line 516]
Event: 40.646 Thread 0x000002e4c6675c10 Exception <a 'java/lang/NoSuchMethodError'{0x00000000eb3830f8}: 'java.lang.Object java.lang.invoke.DirectMethodHandle$Holder.invokeStatic(java.lang.Object, java.lang.Object, int, java.lang.Object)'> (0x00000000eb3830f8) 
thrown [e:\jenkins\tmp\workspace\build\src\src\hotspot\share\interpreter\linkResolver.cpp, line 766]
Event: 40.647 Thread 0x000002e4c6675c10 Exception <a 'java/lang/NoSuchMethodError'{0x00000000eb38bf40}: 'java.lang.Object java.lang.invoke.DirectMethodHandle$Holder.newInvokeSpecial(java.lang.Object, java.lang.Object, int)'> (0x00000000eb38bf40) 
thrown [e:\jenkins\tmp\workspace\build\src\src\hotspot\share\interpreter\linkResolver.cpp, line 766]

VM Operations (20 events):
Event: 34.626 Executing VM operation: Cleanup
Event: 34.626 Executing VM operation: Cleanup done
Event: 34.750 Executing VM operation: ParallelGCFailedAllocation
Event: 35.113 Executing VM operation: ParallelGCFailedAllocation done
Event: 36.124 Executing VM operation: Cleanup
Event: 36.124 Executing VM operation: Cleanup done
Event: 36.163 Executing VM operation: ParallelGCFailedAllocation
Event: 36.165 Executing VM operation: ParallelGCFailedAllocation done
Event: 36.959 Executing VM operation: ParallelGCFailedAllocation
Event: 36.960 Executing VM operation: ParallelGCFailedAllocation done
Event: 37.964 Executing VM operation: Cleanup
Event: 37.964 Executing VM operation: Cleanup done
Event: 38.037 Executing VM operation: ParallelGCFailedAllocation
Event: 38.039 Executing VM operation: ParallelGCFailedAllocation done
Event: 39.991 Executing VM operation: ParallelGCFailedAllocation
Event: 39.992 Executing VM operation: ParallelGCFailedAllocation done
Event: 40.682 Executing VM operation: ICBufferFull
Event: 40.682 Executing VM operation: ICBufferFull done
Event: 40.704 Executing VM operation: ParallelGCFailedAllocation
Event: 40.721 Executing VM operation: ParallelGCFailedAllocation done

Events (20 events):
Event: 35.371 Thread 0x000002e4c845ca80 Thread added: 0x000002e4c845ca80
Event: 35.579 Thread 0x000002e4c845ca80 Thread exited: 0x000002e4c845ca80
Event: 36.592 Thread 0x000002e4c845ca80 Thread added: 0x000002e4c845ca80
Event: 36.766 loading class java/util/AbstractList$RandomAccessSubList
Event: 36.766 loading class java/util/AbstractList$SubList
Event: 36.766 loading class java/util/AbstractList$SubList done
Event: 36.766 loading class java/util/AbstractList$RandomAccessSubList done
Event: 36.766 loading class java/util/AbstractList$ListItr
Event: 36.766 loading class java/util/AbstractList$ListItr done
Event: 36.766 loading class java/util/AbstractList$SubList$1
Event: 36.766 loading class java/util/AbstractList$SubList$1 done
Event: 36.767 loading class java/lang/invoke/MethodHandleImpl$CountingWrapper
Event: 36.767 loading class java/lang/invoke/MethodHandleImpl$CountingWrapper done
Event: 36.991 Thread 0x000002e4c845ca80 Thread exited: 0x000002e4c845ca80
Event: 40.109 loading class java/nio/file/attribute/PosixFileAttributes
Event: 40.109 loading class java/nio/file/attribute/PosixFileAttributes done
Event: 40.160 loading class java/util/concurrent/ConcurrentHashMap$TreeBin
Event: 40.160 loading class java/util/concurrent/ConcurrentHashMap$TreeBin done
Event: 40.675 Thread 0x000002e4c845ca80 Thread added: 0x000002e4c845ca80
Event: 40.675 Thread 0x000002e4ca4b5960 Thread added: 0x000002e4ca4b5960


Dynamic libraries:
0x00007ff735780000 - 0x00007ff73578e000 	c:\Users\vumin\.vscode\extensions\redhat.java-1.8.0-win32-x64\jre\17.0.3-win32-x86_64\bin\java.exe
0x00007ff9b8950000 - 0x00007ff9b8b48000 	C:\WINDOWS\SYSTEM32\ntdll.dll
0x00007ff9b6ac0000 - 0x00007ff9b6b7d000 	C:\WINDOWS\System32\KERNEL32.DLL
0x00007ff9b63c0000 - 0x00007ff9b668e000 	C:\WINDOWS\System32\KERNELBASE.dll
0x00007ff9b6740000 - 0x00007ff9b6840000 	C:\WINDOWS\System32\ucrtbase.dll
0x00007ff9ab930000 - 0x00007ff9ab948000 	c:\Users\vumin\.vscode\extensions\redhat.java-1.8.0-win32-x64\jre\17.0.3-win32-x86_64\bin\jli.dll
0x00007ff9ac540000 - 0x00007ff9ac559000 	c:\Users\vumin\.vscode\extensions\redhat.java-1.8.0-win32-x64\jre\17.0.3-win32-x86_64\bin\VCRUNTIME140.dll
0x00007ff9b71c0000 - 0x00007ff9b7360000 	C:\WINDOWS\System32\USER32.dll
0x00007ff9b6910000 - 0x00007ff9b6932000 	C:\WINDOWS\System32\win32u.dll
0x00007ff9b79a0000 - 0x00007ff9b79ca000 	C:\WINDOWS\System32\GDI32.dll
0x00007ff9a5880000 - 0x00007ff9a5b1a000 	C:\WINDOWS\WinSxS\amd64_microsoft.windows.common-controls_6595b64144ccf1df_6.0.19041.1110_none_60b5254171f9507e\COMCTL32.dll
0x00007ff9b6100000 - 0x00007ff9b620b000 	C:\WINDOWS\System32\gdi32full.dll
0x00007ff9b8860000 - 0x00007ff9b88fe000 	C:\WINDOWS\System32\msvcrt.dll
0x00007ff9b6840000 - 0x00007ff9b68dd000 	C:\WINDOWS\System32\msvcp_win.dll
0x00007ff9b6a90000 - 0x00007ff9b6ac0000 	C:\WINDOWS\System32\IMM32.DLL
0x00007ff9ad970000 - 0x00007ff9ad97c000 	c:\Users\vumin\.vscode\extensions\redhat.java-1.8.0-win32-x64\jre\17.0.3-win32-x86_64\bin\vcruntime140_1.dll
0x00007ff978fb0000 - 0x00007ff979041000 	c:\Users\vumin\.vscode\extensions\redhat.java-1.8.0-win32-x64\jre\17.0.3-win32-x86_64\bin\msvcp140.dll
0x00007ff96b550000 - 0x00007ff96c198000 	c:\Users\vumin\.vscode\extensions\redhat.java-1.8.0-win32-x64\jre\17.0.3-win32-x86_64\bin\server\jvm.dll
0x00007ff9b6ca0000 - 0x00007ff9b6d4e000 	C:\WINDOWS\System32\ADVAPI32.dll
0x00007ff9b7dd0000 - 0x00007ff9b7e6c000 	C:\WINDOWS\System32\sechost.dll
0x00007ff9b7870000 - 0x00007ff9b7995000 	C:\WINDOWS\System32\RPCRT4.dll
0x00007ff9b8900000 - 0x00007ff9b8908000 	C:\WINDOWS\System32\PSAPI.DLL
0x00007ff9a6f90000 - 0x00007ff9a6f99000 	C:\WINDOWS\SYSTEM32\WSOCK32.dll
0x00007ff9b6c30000 - 0x00007ff9b6c9b000 	C:\WINDOWS\System32\WS2_32.dll
0x00007ff9a5400000 - 0x00007ff9a5427000 	C:\WINDOWS\SYSTEM32\WINMM.dll
0x00007ff9ab620000 - 0x00007ff9ab62a000 	C:\WINDOWS\SYSTEM32\VERSION.dll
0x00007ff9b4910000 - 0x00007ff9b4922000 	C:\WINDOWS\SYSTEM32\kernel.appcore.dll
0x00007ff9ad900000 - 0x00007ff9ad90a000 	c:\Users\vumin\.vscode\extensions\redhat.java-1.8.0-win32-x64\jre\17.0.3-win32-x86_64\bin\jimage.dll
0x00007ff9b3e20000 - 0x00007ff9b4004000 	C:\WINDOWS\SYSTEM32\DBGHELP.DLL
0x00007ff9abe00000 - 0x00007ff9abe2c000 	C:\WINDOWS\SYSTEM32\dbgcore.DLL
0x00007ff9b6070000 - 0x00007ff9b60f2000 	C:\WINDOWS\System32\bcryptPrimitives.dll
0x00007ff9ab560000 - 0x00007ff9ab56e000 	c:\Users\vumin\.vscode\extensions\redhat.java-1.8.0-win32-x64\jre\17.0.3-win32-x86_64\bin\instrument.dll
0x00007ff9ab360000 - 0x00007ff9ab385000 	c:\Users\vumin\.vscode\extensions\redhat.java-1.8.0-win32-x64\jre\17.0.3-win32-x86_64\bin\java.dll
0x00007ff9a45f0000 - 0x00007ff9a4608000 	c:\Users\vumin\.vscode\extensions\redhat.java-1.8.0-win32-x64\jre\17.0.3-win32-x86_64\bin\zip.dll
0x00007ff9b8110000 - 0x00007ff9b8854000 	C:\WINDOWS\System32\SHELL32.dll
0x00007ff9b4010000 - 0x00007ff9b47a4000 	C:\WINDOWS\SYSTEM32\windows.storage.dll
0x00007ff9b73c0000 - 0x00007ff9b7714000 	C:\WINDOWS\System32\combase.dll
0x00007ff9b59f0000 - 0x00007ff9b5a20000 	C:\WINDOWS\SYSTEM32\Wldp.dll
0x00007ff9b6b80000 - 0x00007ff9b6c2d000 	C:\WINDOWS\System32\SHCORE.dll
0x00007ff9b7f20000 - 0x00007ff9b7f75000 	C:\WINDOWS\System32\shlwapi.dll
0x00007ff9b5fb0000 - 0x00007ff9b5fcf000 	C:\WINDOWS\SYSTEM32\profapi.dll
0x00007ff9a3d60000 - 0x00007ff9a3d79000 	C:\Users\vumin\.vscode\extensions\redhat.java-1.8.0-win32-x64\jre\17.0.3-win32-x86_64\bin\net.dll
0x00007ff9a8800000 - 0x00007ff9a890a000 	C:\WINDOWS\SYSTEM32\WINHTTP.dll
0x00007ff9b57d0000 - 0x00007ff9b583a000 	C:\WINDOWS\system32\mswsock.dll
0x00007ff99ae50000 - 0x00007ff99ae65000 	C:\Users\vumin\.vscode\extensions\redhat.java-1.8.0-win32-x64\jre\17.0.3-win32-x86_64\bin\nio.dll
0x00007ff9ab350000 - 0x00007ff9ab360000 	c:\Users\vumin\.vscode\extensions\redhat.java-1.8.0-win32-x64\jre\17.0.3-win32-x86_64\bin\verify.dll
0x00007ff999ff0000 - 0x00007ff99a02e000 	C:\Users\vumin\AppData\Roaming\Code\User\globalStorage\redhat.java\1.8.0\config_win\org.eclipse.equinox.launcher\org.eclipse.equinox.launcher.win32.win32.x86_64_1.2.500.v20220509-0833\eclipse_11700.dll
0x00007ff9b7a60000 - 0x00007ff9b7b8a000 	C:\WINDOWS\System32\ole32.dll
0x00007ff9b5a30000 - 0x00007ff9b5a48000 	C:\WINDOWS\SYSTEM32\CRYPTSP.dll
0x00007ff9b5100000 - 0x00007ff9b5134000 	C:\WINDOWS\system32\rsaenh.dll
0x00007ff9b68e0000 - 0x00007ff9b6907000 	C:\WINDOWS\System32\bcrypt.dll
0x00007ff9b5f70000 - 0x00007ff9b5f9e000 	C:\WINDOWS\SYSTEM32\USERENV.dll
0x00007ff9b5960000 - 0x00007ff9b596c000 	C:\WINDOWS\SYSTEM32\CRYPTBASE.dll
0x00007ff9b5490000 - 0x00007ff9b54cb000 	C:\WINDOWS\SYSTEM32\IPHLPAPI.DLL
0x00007ff9b7f80000 - 0x00007ff9b7f88000 	C:\WINDOWS\System32\NSI.dll
0x00007ff9ab650000 - 0x00007ff9ab667000 	C:\WINDOWS\SYSTEM32\dhcpcsvc6.DLL
0x00007ff9ab600000 - 0x00007ff9ab61d000 	C:\WINDOWS\SYSTEM32\dhcpcsvc.DLL
0x00007ff9b54d0000 - 0x00007ff9b559b000 	C:\WINDOWS\SYSTEM32\DNSAPI.dll
0x00007ff9957f0000 - 0x00007ff995834000 	C:\Users\vumin\AppData\Local\Temp\jna--2047693882\jna7633122467670506939.dll
0x00007ff9ab310000 - 0x00007ff9ab31e000 	C:\Users\vumin\.vscode\extensions\redhat.java-1.8.0-win32-x64\jre\17.0.3-win32-x86_64\bin\sunmscapi.dll
0x00007ff9b6210000 - 0x00007ff9b6366000 	C:\WINDOWS\System32\CRYPT32.dll
0x00007ff9b5b40000 - 0x00007ff9b5b67000 	C:\WINDOWS\SYSTEM32\ncrypt.dll
0x00007ff9b5b00000 - 0x00007ff9b5b3b000 	C:\WINDOWS\SYSTEM32\NTASN1.dll
0x00007ff9ab470000 - 0x00007ff9ab47a000 	C:\Windows\System32\rasadhlp.dll
0x00007ff9a8ec0000 - 0x00007ff9a8f40000 	C:\WINDOWS\System32\fwpuclnt.dll

dbghelp: loaded successfully - version: 4.0.5 - missing functions: none
symbol engine: initialized successfully - sym options: 0x614 - pdb path: .;c:\Users\vumin\.vscode\extensions\redhat.java-1.8.0-win32-x64\jre\17.0.3-win32-x86_64\bin;C:\WINDOWS\SYSTEM32;C:\WINDOWS\WinSxS\amd64_microsoft.windows.common-controls_6595b64144ccf1df_6.0.19041.1110_none_60b5254171f9507e;c:\Users\vumin\.vscode\extensions\redhat.java-1.8.0-win32-x64\jre\17.0.3-win32-x86_64\bin\server;C:\Users\vumin\AppData\Roaming\Code\User\globalStorage\redhat.java\1.8.0\config_win\org.eclipse.equinox.launcher\org.eclipse.equinox.launcher.win32.win32.x86_64_1.2.500.v20220509-0833;C:\Users\vumin\AppData\Local\Temp\jna--2047693882

VM Arguments:
jvm_args: --add-modules=ALL-SYSTEM --add-opens=java.base/java.util=ALL-UNNAMED --add-opens=java.base/java.lang=ALL-UNNAMED --add-opens=java.base/sun.nio.fs=ALL-UNNAMED -Declipse.application=org.eclipse.jdt.ls.core.id1 -Dosgi.bundles.defaultStartLevel=4 -Declipse.product=org.eclipse.jdt.ls.core.product -Djava.import.generatesMetadataFilesAtProjectRoot=false -Dfile.encoding=utf8 -DwatchParentProcess=false -XX:+UseParallelGC -XX:GCTimeRatio=4 -XX:AdaptiveSizePolicyWeight=90 -Dsun.zip.disableMemoryMapping=true -Xmx1G -Xms100m -javaagent:C:\Users\vumin\.m2\repository\org\projectlombok\lombok\1.18.24\lombok-1.18.24.jar -XX:+HeapDumpOnOutOfMemoryError -XX:HeapDumpPath=c:\Users\vumin\AppData\Roaming\Code\User\workspaceStorage\ac0b4f1463132408acbd1f27264bd6b2\redhat.java 
java_command: c:\Users\vumin\.vscode\extensions\redhat.java-1.8.0-win32-x64\server\plugins\org.eclipse.equinox.launcher_1.6.400.v20210924-0641.jar -configuration c:\Users\vumin\AppData\Roaming\Code\User\globalStorage\redhat.java\1.8.0\config_win -data c:\Users\vumin\AppData\Roaming\Code\User\workspaceStorage\ac0b4f1463132408acbd1f27264bd6b2\redhat.java\jdt_ws
java_class_path (initial): c:\Users\vumin\.vscode\extensions\redhat.java-1.8.0-win32-x64\server\plugins\org.eclipse.equinox.launcher_1.6.400.v20210924-0641.jar
Launcher Type: SUN_STANDARD

[Global flags]
    uintx AdaptiveSizePolicyWeight                 = 90                                        {product} {command line}
     intx CICompilerCount                          = 4                                         {product} {ergonomic}
    uintx GCTimeRatio                              = 4                                         {product} {command line}
     bool HeapDumpOnOutOfMemoryError               = true                                   {manageable} {command line}
    ccstr HeapDumpPath                             = c:\Users\vumin\AppData\Roaming\Code\User\workspaceStorage\ac0b4f1463132408acbd1f27264bd6b2\redhat.java         {manageable} {command line}
   size_t InitialHeapSize                          = 104857600                                 {product} {command line}
   size_t MaxHeapSize                              = 1073741824                                {product} {command line}
   size_t MaxNewSize                               = 357564416                                 {product} {ergonomic}
   size_t MinHeapDeltaBytes                        = 524288                                    {product} {ergonomic}
   size_t MinHeapSize                              = 104857600                                 {product} {command line}
   size_t NewSize                                  = 34603008                                  {product} {ergonomic}
    uintx NonNMethodCodeHeapSize                   = 5839372                                {pd product} {ergonomic}
    uintx NonProfiledCodeHeapSize                  = 122909434                              {pd product} {ergonomic}
   size_t OldSize                                  = 70254592                                  {product} {ergonomic}
    uintx ProfiledCodeHeapSize                     = 122909434                              {pd product} {ergonomic}
    uintx ReservedCodeCacheSize                    = 251658240                              {pd product} {ergonomic}
     bool SegmentedCodeCache                       = true                                      {product} {ergonomic}
   size_t SoftMaxHeapSize                          = 1073741824                             {manageable} {ergonomic}
     bool UseCompressedClassPointers               = true                           {product lp64_product} {ergonomic}
     bool UseCompressedOops                        = true                           {product lp64_product} {ergonomic}
     bool UseLargePagesIndividualAllocation        = false                                  {pd product} {ergonomic}
     bool UseParallelGC                            = true                                      {product} {command line}

Logging:
Log output configuration:
 #0: stdout all=warning uptime,level,tags
 #1: stderr all=off uptime,level,tags

Environment Variables:
JAVA_HOME=C:\jdk1.8.0_291
PATH=D:\Oracle19c\bin;C:\Python39\Scripts\;C:\Python39\;D:\VTBDB\bin;C:\app\KienVu\virtual\virtual\product\12.2.0\dbhome_1\bin;C:\app\KienVu\product\12.2.0\dbhome_1\bin;C:\Users\vumin\Downloads\WINDOWS.X64_193000_db_home\bin;C:\WINDOWS\system32;C:\WINDOWS;C:\WINDOWS\System32\Wbem;C:\WINDOWS\System32\WindowsPowerShell\v1.0\;C:\WINDOWS\System32\OpenSSH\;C:\Program Files\Java\jdk1.8.0_291\bin;C:\Program Files\Git\cmd;D:\apache-ant-1.8.0\bin;C:\wls12213\user_projects\domains\vbcms;C:\ProgramData\chocolatey\bin;G:\UTREND\Program Files\PostgreSQL\13\bin;C:\Program Files\TortoiseSVN\bin;C:\Users\vumin\AppData\Local\Microsoft\WindowsApps;C:\Program Files\JetBrains\WebStorm 2021.2.1\bin;;G:\UTREND\Program Files\PostgreSQL\13\bin;C:\Program Files\JetBrains\IntelliJ IDEA 2019.2.3\bin;;C:\Program Files\JetBrains\PyCharm Community Edition 2021.2.3\bin;;C:\Users\vumin\AppData\Local\Programs\Python\Python36-32\Scripts;c:\python39\lib\site-packages;C:\Users\vumin\AppData\Local\Programs\Microsoft VS Code\bin;C:\Program Files\TortoiseSVN\bin;
USERNAME=KienVu
OS=Windows_NT
PROCESSOR_IDENTIFIER=Intel64 Family 6 Model 142 Stepping 10, GenuineIntel



---------------  S Y S T E M  ---------------

OS:
 Windows 10 , 64 bit Build 19041 (10.0.19041.1806)
OS uptime: 4 days 18:47 hours
Hyper-V role detected

CPU: total 8 (initial active 8) (4 cores per cpu, 2 threads per core) family 6 model 142 stepping 10 microcode 0xd6, cx8, cmov, fxsr, ht, mmx, 3dnowpref, sse, sse2, sse3, ssse3, sse4.1, sse4.2, popcnt, lzcnt, tsc, tscinvbit, avx, avx2, aes, erms, clmul, bmi1, bmi2, rtm, adx, fma, vzeroupper, clflush, clflushopt, hv

Memory: 4k page, system-wide physical 16262M (1888M free)
TotalPageFile size 33811M (AvailPageFile size 5M)
current process WorkingSet (physical memory assigned to process): 245M, peak: 284M
current process commit charge ("private bytes"): 306M, peak: 360M

vm_info: OpenJDK 64-Bit Server VM (17.0.3+7) for windows-amd64 JRE (17.0.3+7), built on Apr 19 2022 16:55:35 by "" with MS VC++ 16.7 (VS2019)

END.
